
**** Clean-only build of configuration Debug for project ece2049_demo_ccs91 ****

"C:\\ti\\ccs1200\\ccs\\utils\\bin\\gmake" -k clean 
 
DEL /F  "ece2049_demo_ccs91.hex"  "ece2049_demo_ccs91.out" 
DEL /F "main.obj" "peripherals.obj" "LcdDriver\HAL_MSP_EXP430FR5529_Sharp96x96.obj" "LcdDriver\Sharp96x96.obj" "fonts\fontfixed6x8.obj" "images\LPRocket_96x37.obj" "images\TI_Logo_69x64.obj" 
DEL /F "main.d" "peripherals.d" "LcdDriver\HAL_MSP_EXP430FR5529_Sharp96x96.d" "LcdDriver\Sharp96x96.d" "fonts\fontfixed6x8.d" "images\LPRocket_96x37.d" "images\TI_Logo_69x64.d" 
Finished clean
 

**** Build Finished ****

**** Build of configuration Debug for project ece2049_demo_ccs91 ****

"C:\\ti\\ccs1200\\ccs\\utils\\bin\\gmake" -k all 
 
Building file: "../main.c"
Invoking: MSP430 Compiler
"C:/ti/ccs1200/ccs/tools/compiler/ti-cgt-msp430_21.6.0.LTS/bin/cl430" -vmspx --data_model=restricted -Ooff --use_hw_mpy=F5 --include_path="C:/ti/ccs1200/ccs/ccs_base/msp430/include" --include_path="C:/Users/crinconrogers/Documents/Lab2_RinconRogers_Loughlin/ece2049_demo_ccs91" --include_path="C:/Users/crinconrogers/Documents/Lab2_RinconRogers_Loughlin/ece2049_demo_ccs91/grlib" --include_path="C:/ti/ccs1200/ccs/tools/compiler/ti-cgt-msp430_21.6.0.LTS/include" --advice:power_severity=suppress --define=__MSP430F5529__ -g --gcc --printf_support=minimal --diag_warning=225 --display_error_number --abi=eabi --silicon_errata=CPU21 --silicon_errata=CPU22 --silicon_errata=CPU23 --silicon_errata=CPU40 --preproc_with_compile --preproc_dependency="main.d_raw"  "../main.c"
"../main.c", line 196: warning #225-D: function "displayTime" declared implicitly
"../main.c", line 202: warning #161-D: declaration is incompatible with previous "displayTime" (declared at line 196)
"../main.c", line 209: warning #225-D: function "intToAscii" declared implicitly
Finished building: "../main.c"
 
Building file: "../peripherals.c"
Invoking: MSP430 Compiler
"C:/ti/ccs1200/ccs/tools/compiler/ti-cgt-msp430_21.6.0.LTS/bin/cl430" -vmspx --data_model=restricted -Ooff --use_hw_mpy=F5 --include_path="C:/ti/ccs1200/ccs/ccs_base/msp430/include" --include_path="C:/Users/crinconrogers/Documents/Lab2_RinconRogers_Loughlin/ece2049_demo_ccs91" --include_path="C:/Users/crinconrogers/Documents/Lab2_RinconRogers_Loughlin/ece2049_demo_ccs91/grlib" --include_path="C:/ti/ccs1200/ccs/tools/compiler/ti-cgt-msp430_21.6.0.LTS/include" --advice:power_severity=suppress --define=__MSP430F5529__ -g --gcc --printf_support=minimal --diag_warning=225 --display_error_number --abi=eabi --silicon_errata=CPU21 --silicon_errata=CPU22 --silicon_errata=CPU23 --silicon_errata=CPU40 --preproc_with_compile --preproc_dependency="peripherals.d_raw"  "../peripherals.c"
Finished building: "../peripherals.c"
 
Building file: "../LcdDriver/HAL_MSP_EXP430FR5529_Sharp96x96.c"
Invoking: MSP430 Compiler
"C:/ti/ccs1200/ccs/tools/compiler/ti-cgt-msp430_21.6.0.LTS/bin/cl430" -vmspx --data_model=restricted -Ooff --use_hw_mpy=F5 --include_path="C:/ti/ccs1200/ccs/ccs_base/msp430/include" --include_path="C:/Users/crinconrogers/Documents/Lab2_RinconRogers_Loughlin/ece2049_demo_ccs91" --include_path="C:/Users/crinconrogers/Documents/Lab2_RinconRogers_Loughlin/ece2049_demo_ccs91/grlib" --include_path="C:/ti/ccs1200/ccs/tools/compiler/ti-cgt-msp430_21.6.0.LTS/include" --advice:power_severity=suppress --define=__MSP430F5529__ -g --gcc --printf_support=minimal --diag_warning=225 --display_error_number --abi=eabi --silicon_errata=CPU21 --silicon_errata=CPU22 --silicon_errata=CPU23 --silicon_errata=CPU40 --preproc_with_compile --preproc_dependency="LcdDriver/HAL_MSP_EXP430FR5529_Sharp96x96.d_raw" --obj_directory="LcdDriver"  "../LcdDriver/HAL_MSP_EXP430FR5529_Sharp96x96.c"
Finished building: "../LcdDriver/HAL_MSP_EXP430FR5529_Sharp96x96.c"
 
Building file: "../LcdDriver/Sharp96x96.c"
Invoking: MSP430 Compiler
"C:/ti/ccs1200/ccs/tools/compiler/ti-cgt-msp430_21.6.0.LTS/bin/cl430" -vmspx --data_model=restricted -Ooff --use_hw_mpy=F5 --include_path="C:/ti/ccs1200/ccs/ccs_base/msp430/include" --include_path="C:/Users/crinconrogers/Documents/Lab2_RinconRogers_Loughlin/ece2049_demo_ccs91" --include_path="C:/Users/crinconrogers/Documents/Lab2_RinconRogers_Loughlin/ece2049_demo_ccs91/grlib" --include_path="C:/ti/ccs1200/ccs/tools/compiler/ti-cgt-msp430_21.6.0.LTS/include" --advice:power_severity=suppress --define=__MSP430F5529__ -g --gcc --printf_support=minimal --diag_warning=225 --display_error_number --abi=eabi --silicon_errata=CPU21 --silicon_errata=CPU22 --silicon_errata=CPU23 --silicon_errata=CPU40 --preproc_with_compile --preproc_dependency="LcdDriver/Sharp96x96.d_raw" --obj_directory="LcdDriver"  "../LcdDriver/Sharp96x96.c"
Finished building: "../LcdDriver/Sharp96x96.c"
 
Building file: "../fonts/fontfixed6x8.c"
Invoking: MSP430 Compiler
"C:/ti/ccs1200/ccs/tools/compiler/ti-cgt-msp430_21.6.0.LTS/bin/cl430" -vmspx --data_model=restricted -Ooff --use_hw_mpy=F5 --include_path="C:/ti/ccs1200/ccs/ccs_base/msp430/include" --include_path="C:/Users/crinconrogers/Documents/Lab2_RinconRogers_Loughlin/ece2049_demo_ccs91" --include_path="C:/Users/crinconrogers/Documents/Lab2_RinconRogers_Loughlin/ece2049_demo_ccs91/grlib" --include_path="C:/ti/ccs1200/ccs/tools/compiler/ti-cgt-msp430_21.6.0.LTS/include" --advice:power_severity=suppress --define=__MSP430F5529__ -g --gcc --printf_support=minimal --diag_warning=225 --display_error_number --abi=eabi --silicon_errata=CPU21 --silicon_errata=CPU22 --silicon_errata=CPU23 --silicon_errata=CPU40 --preproc_with_compile --preproc_dependency="fonts/fontfixed6x8.d_raw" --obj_directory="fonts"  "../fonts/fontfixed6x8.c"
Finished building: "../fonts/fontfixed6x8.c"
 
Building file: "../images/LPRocket_96x37.c"
Invoking: MSP430 Compiler
"C:/ti/ccs1200/ccs/tools/compiler/ti-cgt-msp430_21.6.0.LTS/bin/cl430" -vmspx --data_model=restricted -Ooff --use_hw_mpy=F5 --include_path="C:/ti/ccs1200/ccs/ccs_base/msp430/include" --include_path="C:/Users/crinconrogers/Documents/Lab2_RinconRogers_Loughlin/ece2049_demo_ccs91" --include_path="C:/Users/crinconrogers/Documents/Lab2_RinconRogers_Loughlin/ece2049_demo_ccs91/grlib" --include_path="C:/ti/ccs1200/ccs/tools/compiler/ti-cgt-msp430_21.6.0.LTS/include" --advice:power_severity=suppress --define=__MSP430F5529__ -g --gcc --printf_support=minimal --diag_warning=225 --display_error_number --abi=eabi --silicon_errata=CPU21 --silicon_errata=CPU22 --silicon_errata=CPU23 --silicon_errata=CPU40 --preproc_with_compile --preproc_dependency="images/LPRocket_96x37.d_raw" --obj_directory="images"  "../images/LPRocket_96x37.c"
Finished building: "../images/LPRocket_96x37.c"
 
Building file: "../images/TI_Logo_69x64.c"
Invoking: MSP430 Compiler
"C:/ti/ccs1200/ccs/tools/compiler/ti-cgt-msp430_21.6.0.LTS/bin/cl430" -vmspx --data_model=restricted -Ooff --use_hw_mpy=F5 --include_path="C:/ti/ccs1200/ccs/ccs_base/msp430/include" --include_path="C:/Users/crinconrogers/Documents/Lab2_RinconRogers_Loughlin/ece2049_demo_ccs91" --include_path="C:/Users/crinconrogers/Documents/Lab2_RinconRogers_Loughlin/ece2049_demo_ccs91/grlib" --include_path="C:/ti/ccs1200/ccs/tools/compiler/ti-cgt-msp430_21.6.0.LTS/include" --advice:power_severity=suppress --define=__MSP430F5529__ -g --gcc --printf_support=minimal --diag_warning=225 --display_error_number --abi=eabi --silicon_errata=CPU21 --silicon_errata=CPU22 --silicon_errata=CPU23 --silicon_errata=CPU40 --preproc_with_compile --preproc_dependency="images/TI_Logo_69x64.d_raw" --obj_directory="images"  "../images/TI_Logo_69x64.c"
Finished building: "../images/TI_Logo_69x64.c"
 
Building target: "ece2049_demo_ccs91.out"
Invoking: MSP430 Linker
"C:/ti/ccs1200/ccs/tools/compiler/ti-cgt-msp430_21.6.0.LTS/bin/cl430" -vmspx --data_model=restricted -Ooff --use_hw_mpy=F5 --advice:power_severity=suppress --define=__MSP430F5529__ -g --gcc --printf_support=minimal --diag_warning=225 --display_error_number --abi=eabi --silicon_errata=CPU21 --silicon_errata=CPU22 --silicon_errata=CPU23 --silicon_errata=CPU40 -z -m"ece2049_demo_ccs91.map" --heap_size=160 --stack_size=160 --cinit_hold_wdt=on -i"C:/ti/ccs1200/ccs/ccs_base/msp430/include" -i"C:/Users/crinconrogers/Documents/Lab2_RinconRogers_Loughlin/ece2049_demo_ccs91/lib" -i"C:/ti/ccs1200/ccs/tools/compiler/ti-cgt-msp430_21.6.0.LTS/lib" -i"C:/ti/ccs1200/ccs/tools/compiler/ti-cgt-msp430_21.6.0.LTS/include" -i"C:/ti/ccs1200/ccs/ccs_base/msp430/lib/5xx_6xx_FRxx" --reread_libs --warn_sections --xml_link_info="ece2049_demo_ccs91_linkInfo.xml" --use_hw_mpy=F5 --rom_model -o "ece2049_demo_ccs91.out" "./main.obj" "./peripherals.obj" "./LcdDriver/HAL_MSP_EXP430FR5529_Sharp96x96.obj" "./LcdDriver/Sharp96x96.obj" "./fonts/fontfixed6x8.obj" "./images/LPRocket_96x37.obj" "./images/TI_Logo_69x64.obj" "../lnk_msp430f5529.cmd" "../lib/grlib.lib"  -llibc.a -llibmath.a 
<Linking>
 
 undefined  first referenced
  symbol        in file     
 ---------  ----------------
 intToAscii ./main.obj      
 
error #10234-D: unresolved symbols remain
error #10010: errors encountered during linking; "ece2049_demo_ccs91.out" not
   built
 
>> Compilation failure
makefile:156: recipe for target 'ece2049_demo_ccs91.out' failed
gmake: *** [ece2049_demo_ccs91.out] Error 1
gmake: Target 'all' not remade because of errors.

**** Build Finished ****

**** Build of configuration Debug for project ece2049_demo_ccs91 ****

"C:\\ti\\ccs1200\\ccs\\utils\\bin\\gmake" -k all 
 
Building file: "../main.c"
Invoking: MSP430 Compiler
"C:/ti/ccs1200/ccs/tools/compiler/ti-cgt-msp430_21.6.0.LTS/bin/cl430" -vmspx --data_model=restricted -Ooff --use_hw_mpy=F5 --include_path="C:/ti/ccs1200/ccs/ccs_base/msp430/include" --include_path="C:/Users/crinconrogers/Documents/Lab2_RinconRogers_Loughlin/ece2049_demo_ccs91" --include_path="C:/Users/crinconrogers/Documents/Lab2_RinconRogers_Loughlin/ece2049_demo_ccs91/grlib" --include_path="C:/ti/ccs1200/ccs/tools/compiler/ti-cgt-msp430_21.6.0.LTS/include" --advice:power_severity=suppress --define=__MSP430F5529__ -g --gcc --printf_support=minimal --diag_warning=225 --display_error_number --abi=eabi --silicon_errata=CPU21 --silicon_errata=CPU22 --silicon_errata=CPU23 --silicon_errata=CPU40 --preproc_with_compile --preproc_dependency="main.d_raw"  "../main.c"
"../main.c", line 197: warning #225-D: function "displayTime" declared implicitly
"../main.c", line 203: warning #161-D: declaration is incompatible with previous "displayTime" (declared at line 197)
Finished building: "../main.c"
 
Building target: "ece2049_demo_ccs91.out"
Invoking: MSP430 Linker
"C:/ti/ccs1200/ccs/tools/compiler/ti-cgt-msp430_21.6.0.LTS/bin/cl430" -vmspx --data_model=restricted -Ooff --use_hw_mpy=F5 --advice:power_severity=suppress --define=__MSP430F5529__ -g --gcc --printf_support=minimal --diag_warning=225 --display_error_number --abi=eabi --silicon_errata=CPU21 --silicon_errata=CPU22 --silicon_errata=CPU23 --silicon_errata=CPU40 -z -m"ece2049_demo_ccs91.map" --heap_size=160 --stack_size=160 --cinit_hold_wdt=on -i"C:/ti/ccs1200/ccs/ccs_base/msp430/include" -i"C:/Users/crinconrogers/Documents/Lab2_RinconRogers_Loughlin/ece2049_demo_ccs91/lib" -i"C:/ti/ccs1200/ccs/tools/compiler/ti-cgt-msp430_21.6.0.LTS/lib" -i"C:/ti/ccs1200/ccs/tools/compiler/ti-cgt-msp430_21.6.0.LTS/include" -i"C:/ti/ccs1200/ccs/ccs_base/msp430/lib/5xx_6xx_FRxx" --reread_libs --warn_sections --xml_link_info="ece2049_demo_ccs91_linkInfo.xml" --use_hw_mpy=F5 --rom_model -o "ece2049_demo_ccs91.out" "./main.obj" "./peripherals.obj" "./LcdDriver/HAL_MSP_EXP430FR5529_Sharp96x96.obj" "./LcdDriver/Sharp96x96.obj" "./fonts/fontfixed6x8.obj" "./images/LPRocket_96x37.obj" "./images/TI_Logo_69x64.obj" "../lnk_msp430f5529.cmd" "../lib/grlib.lib"  -llibc.a -llibmath.a 
<Linking>
Finished building target: "ece2049_demo_ccs91.out"
 

**** Build Finished ****

**** Build of configuration Debug for project ece2049_demo_ccs91 ****

"C:\\ti\\ccs1200\\ccs\\utils\\bin\\gmake" -k all 
 
Building file: "../main.c"
Invoking: MSP430 Compiler
"C:/ti/ccs1200/ccs/tools/compiler/ti-cgt-msp430_21.6.0.LTS/bin/cl430" -vmspx --data_model=restricted -Ooff --use_hw_mpy=F5 --include_path="C:/ti/ccs1200/ccs/ccs_base/msp430/include" --include_path="C:/Users/crinconrogers/Documents/Lab2_RinconRogers_Loughlin/ece2049_demo_ccs91" --include_path="C:/Users/crinconrogers/Documents/Lab2_RinconRogers_Loughlin/ece2049_demo_ccs91/grlib" --include_path="C:/ti/ccs1200/ccs/tools/compiler/ti-cgt-msp430_21.6.0.LTS/include" --advice:power_severity=suppress --define=__MSP430F5529__ -g --gcc --printf_support=minimal --diag_warning=225 --display_error_number --abi=eabi --silicon_errata=CPU21 --silicon_errata=CPU22 --silicon_errata=CPU23 --silicon_errata=CPU40 --preproc_with_compile --preproc_dependency="main.d_raw"  "../main.c"
"../main.c", line 196: warning #225-D: function "displayTime" declared implicitly
"../main.c", line 202: warning #161-D: declaration is incompatible with previous "displayTime" (declared at line 196)
Finished building: "../main.c"
 
Building target: "ece2049_demo_ccs91.out"
Invoking: MSP430 Linker
"C:/ti/ccs1200/ccs/tools/compiler/ti-cgt-msp430_21.6.0.LTS/bin/cl430" -vmspx --data_model=restricted -Ooff --use_hw_mpy=F5 --advice:power_severity=suppress --define=__MSP430F5529__ -g --gcc --printf_support=minimal --diag_warning=225 --display_error_number --abi=eabi --silicon_errata=CPU21 --silicon_errata=CPU22 --silicon_errata=CPU23 --silicon_errata=CPU40 -z -m"ece2049_demo_ccs91.map" --heap_size=160 --stack_size=160 --cinit_hold_wdt=on -i"C:/ti/ccs1200/ccs/ccs_base/msp430/include" -i"C:/Users/crinconrogers/Documents/Lab2_RinconRogers_Loughlin/ece2049_demo_ccs91/lib" -i"C:/ti/ccs1200/ccs/tools/compiler/ti-cgt-msp430_21.6.0.LTS/lib" -i"C:/ti/ccs1200/ccs/tools/compiler/ti-cgt-msp430_21.6.0.LTS/include" -i"C:/ti/ccs1200/ccs/ccs_base/msp430/lib/5xx_6xx_FRxx" --reread_libs --warn_sections --xml_link_info="ece2049_demo_ccs91_linkInfo.xml" --use_hw_mpy=F5 --rom_model -o "ece2049_demo_ccs91.out" "./main.obj" "./peripherals.obj" "./LcdDriver/HAL_MSP_EXP430FR5529_Sharp96x96.obj" "./LcdDriver/Sharp96x96.obj" "./fonts/fontfixed6x8.obj" "./images/LPRocket_96x37.obj" "./images/TI_Logo_69x64.obj" "../lnk_msp430f5529.cmd" "../lib/grlib.lib"  -llibc.a -llibmath.a 
<Linking>
Finished building target: "ece2049_demo_ccs91.out"
 

**** Build Finished ****

**** Build of configuration Debug for project ece2049_demo_ccs91 ****

"C:\\ti\\ccs1200\\ccs\\utils\\bin\\gmake" -k all 
 
Building file: "../main.c"
Invoking: MSP430 Compiler
"C:/ti/ccs1200/ccs/tools/compiler/ti-cgt-msp430_21.6.0.LTS/bin/cl430" -vmspx --data_model=restricted -Ooff --use_hw_mpy=F5 --include_path="C:/ti/ccs1200/ccs/ccs_base/msp430/include" --include_path="C:/Users/crinconrogers/Documents/Lab2_RinconRogers_Loughlin/ece2049_demo_ccs91" --include_path="C:/Users/crinconrogers/Documents/Lab2_RinconRogers_Loughlin/ece2049_demo_ccs91/grlib" --include_path="C:/ti/ccs1200/ccs/tools/compiler/ti-cgt-msp430_21.6.0.LTS/include" --advice:power_severity=suppress --define=__MSP430F5529__ -g --gcc --printf_support=minimal --diag_warning=225 --display_error_number --abi=eabi --silicon_errata=CPU21 --silicon_errata=CPU22 --silicon_errata=CPU23 --silicon_errata=CPU40 --preproc_with_compile --preproc_dependency="main.d_raw"  "../main.c"
"../main.c", line 196: warning #225-D: function "displayTime" declared implicitly
"../main.c", line 202: warning #161-D: declaration is incompatible with previous "displayTime" (declared at line 196)
Finished building: "../main.c"
 
Building target: "ece2049_demo_ccs91.out"
Invoking: MSP430 Linker
"C:/ti/ccs1200/ccs/tools/compiler/ti-cgt-msp430_21.6.0.LTS/bin/cl430" -vmspx --data_model=restricted -Ooff --use_hw_mpy=F5 --advice:power_severity=suppress --define=__MSP430F5529__ -g --gcc --printf_support=minimal --diag_warning=225 --display_error_number --abi=eabi --silicon_errata=CPU21 --silicon_errata=CPU22 --silicon_errata=CPU23 --silicon_errata=CPU40 -z -m"ece2049_demo_ccs91.map" --heap_size=160 --stack_size=160 --cinit_hold_wdt=on -i"C:/ti/ccs1200/ccs/ccs_base/msp430/include" -i"C:/Users/crinconrogers/Documents/Lab2_RinconRogers_Loughlin/ece2049_demo_ccs91/lib" -i"C:/ti/ccs1200/ccs/tools/compiler/ti-cgt-msp430_21.6.0.LTS/lib" -i"C:/ti/ccs1200/ccs/tools/compiler/ti-cgt-msp430_21.6.0.LTS/include" -i"C:/ti/ccs1200/ccs/ccs_base/msp430/lib/5xx_6xx_FRxx" --reread_libs --warn_sections --xml_link_info="ece2049_demo_ccs91_linkInfo.xml" --use_hw_mpy=F5 --rom_model -o "ece2049_demo_ccs91.out" "./main.obj" "./peripherals.obj" "./LcdDriver/HAL_MSP_EXP430FR5529_Sharp96x96.obj" "./LcdDriver/Sharp96x96.obj" "./fonts/fontfixed6x8.obj" "./images/LPRocket_96x37.obj" "./images/TI_Logo_69x64.obj" "../lnk_msp430f5529.cmd" "../lib/grlib.lib"  -llibc.a -llibmath.a 
<Linking>
Finished building target: "ece2049_demo_ccs91.out"
 

**** Build Finished ****

**** Build of configuration Debug for project ece2049_demo_ccs91 ****

"C:\\ti\\ccs1200\\ccs\\utils\\bin\\gmake" -k all 
 
gmake: Nothing to be done for 'all'.

**** Build Finished ****

**** Build of configuration Debug for project ece2049_demo_ccs91 ****

"C:\\ti\\ccs1200\\ccs\\utils\\bin\\gmake" -k all 
 
Building file: "../main.c"
Invoking: MSP430 Compiler
"C:/ti/ccs1200/ccs/tools/compiler/ti-cgt-msp430_21.6.0.LTS/bin/cl430" -vmspx --data_model=restricted -Ooff --use_hw_mpy=F5 --include_path="C:/ti/ccs1200/ccs/ccs_base/msp430/include" --include_path="C:/Users/crinconrogers/Documents/Lab2_RinconRogers_Loughlin/ece2049_demo_ccs91" --include_path="C:/Users/crinconrogers/Documents/Lab2_RinconRogers_Loughlin/ece2049_demo_ccs91/grlib" --include_path="C:/ti/ccs1200/ccs/tools/compiler/ti-cgt-msp430_21.6.0.LTS/include" --advice:power_severity=suppress --define=__MSP430F5529__ -g --gcc --printf_support=minimal --diag_warning=225 --display_error_number --abi=eabi --silicon_errata=CPU21 --silicon_errata=CPU22 --silicon_errata=CPU23 --silicon_errata=CPU40 --preproc_with_compile --preproc_dependency="main.d_raw"  "../main.c"
"../main.c", line 203: warning #225-D: function "displayTime" declared implicitly
"../main.c", line 209: warning #161-D: declaration is incompatible with previous "displayTime" (declared at line 203)
Finished building: "../main.c"
 
Building target: "ece2049_demo_ccs91.out"
Invoking: MSP430 Linker
"C:/ti/ccs1200/ccs/tools/compiler/ti-cgt-msp430_21.6.0.LTS/bin/cl430" -vmspx --data_model=restricted -Ooff --use_hw_mpy=F5 --advice:power_severity=suppress --define=__MSP430F5529__ -g --gcc --printf_support=minimal --diag_warning=225 --display_error_number --abi=eabi --silicon_errata=CPU21 --silicon_errata=CPU22 --silicon_errata=CPU23 --silicon_errata=CPU40 -z -m"ece2049_demo_ccs91.map" --heap_size=160 --stack_size=160 --cinit_hold_wdt=on -i"C:/ti/ccs1200/ccs/ccs_base/msp430/include" -i"C:/Users/crinconrogers/Documents/Lab2_RinconRogers_Loughlin/ece2049_demo_ccs91/lib" -i"C:/ti/ccs1200/ccs/tools/compiler/ti-cgt-msp430_21.6.0.LTS/lib" -i"C:/ti/ccs1200/ccs/tools/compiler/ti-cgt-msp430_21.6.0.LTS/include" -i"C:/ti/ccs1200/ccs/ccs_base/msp430/lib/5xx_6xx_FRxx" --reread_libs --warn_sections --xml_link_info="ece2049_demo_ccs91_linkInfo.xml" --use_hw_mpy=F5 --rom_model -o "ece2049_demo_ccs91.out" "./main.obj" "./peripherals.obj" "./LcdDriver/HAL_MSP_EXP430FR5529_Sharp96x96.obj" "./LcdDriver/Sharp96x96.obj" "./fonts/fontfixed6x8.obj" "./images/LPRocket_96x37.obj" "./images/TI_Logo_69x64.obj" "../lnk_msp430f5529.cmd" "../lib/grlib.lib"  -llibc.a -llibmath.a 
<Linking>
Finished building target: "ece2049_demo_ccs91.out"
 

**** Build Finished ****

**** Build of configuration Debug for project ece2049_demo_ccs91 ****

"C:\\ti\\ccs1200\\ccs\\utils\\bin\\gmake" -k all 
 
gmake: Nothing to be done for 'all'.

**** Build Finished ****

**** Build of configuration Debug for project ece2049_demo_ccs91 ****

"C:\\ti\\ccs1200\\ccs\\utils\\bin\\gmake" -k all 
 
Building file: "../main.c"
Invoking: MSP430 Compiler
"C:/ti/ccs1200/ccs/tools/compiler/ti-cgt-msp430_21.6.0.LTS/bin/cl430" -vmspx --data_model=restricted -Ooff --use_hw_mpy=F5 --include_path="C:/ti/ccs1200/ccs/ccs_base/msp430/include" --include_path="C:/Users/crinconrogers/Documents/Lab2_RinconRogers_Loughlin/ece2049_demo_ccs91" --include_path="C:/Users/crinconrogers/Documents/Lab2_RinconRogers_Loughlin/ece2049_demo_ccs91/grlib" --include_path="C:/ti/ccs1200/ccs/tools/compiler/ti-cgt-msp430_21.6.0.LTS/include" --advice:power_severity=suppress --define=__MSP430F5529__ -g --gcc --printf_support=minimal --diag_warning=225 --display_error_number --abi=eabi --silicon_errata=CPU21 --silicon_errata=CPU22 --silicon_errata=CPU23 --silicon_errata=CPU40 --preproc_with_compile --preproc_dependency="main.d_raw"  "../main.c"
"../main.c", line 206: warning #225-D: function "displayTime" declared implicitly
"../main.c", line 212: warning #161-D: declaration is incompatible with previous "displayTime" (declared at line 206)
Finished building: "../main.c"
 
Building target: "ece2049_demo_ccs91.out"
Invoking: MSP430 Linker
"C:/ti/ccs1200/ccs/tools/compiler/ti-cgt-msp430_21.6.0.LTS/bin/cl430" -vmspx --data_model=restricted -Ooff --use_hw_mpy=F5 --advice:power_severity=suppress --define=__MSP430F5529__ -g --gcc --printf_support=minimal --diag_warning=225 --display_error_number --abi=eabi --silicon_errata=CPU21 --silicon_errata=CPU22 --silicon_errata=CPU23 --silicon_errata=CPU40 -z -m"ece2049_demo_ccs91.map" --heap_size=160 --stack_size=160 --cinit_hold_wdt=on -i"C:/ti/ccs1200/ccs/ccs_base/msp430/include" -i"C:/Users/crinconrogers/Documents/Lab2_RinconRogers_Loughlin/ece2049_demo_ccs91/lib" -i"C:/ti/ccs1200/ccs/tools/compiler/ti-cgt-msp430_21.6.0.LTS/lib" -i"C:/ti/ccs1200/ccs/tools/compiler/ti-cgt-msp430_21.6.0.LTS/include" -i"C:/ti/ccs1200/ccs/ccs_base/msp430/lib/5xx_6xx_FRxx" --reread_libs --warn_sections --xml_link_info="ece2049_demo_ccs91_linkInfo.xml" --use_hw_mpy=F5 --rom_model -o "ece2049_demo_ccs91.out" "./main.obj" "./peripherals.obj" "./LcdDriver/HAL_MSP_EXP430FR5529_Sharp96x96.obj" "./LcdDriver/Sharp96x96.obj" "./fonts/fontfixed6x8.obj" "./images/LPRocket_96x37.obj" "./images/TI_Logo_69x64.obj" "../lnk_msp430f5529.cmd" "../lib/grlib.lib"  -llibc.a -llibmath.a 
<Linking>
Finished building target: "ece2049_demo_ccs91.out"
 

**** Build Finished ****

**** Build of configuration Debug for project ece2049_demo_ccs91 ****

"C:\\ti\\ccs1200\\ccs\\utils\\bin\\gmake" -k all 
 
gmake: Nothing to be done for 'all'.

**** Build Finished ****

**** Build of configuration Debug for project ece2049_demo_ccs91 ****

"C:\\ti\\ccs1200\\ccs\\utils\\bin\\gmake" -k all 
 
Building file: "../main.c"
Invoking: MSP430 Compiler
"C:/ti/ccs1200/ccs/tools/compiler/ti-cgt-msp430_21.6.0.LTS/bin/cl430" -vmspx --data_model=restricted -Ooff --use_hw_mpy=F5 --include_path="C:/ti/ccs1200/ccs/ccs_base/msp430/include" --include_path="C:/Users/crinconrogers/Documents/Lab2_RinconRogers_Loughlin/ece2049_demo_ccs91" --include_path="C:/Users/crinconrogers/Documents/Lab2_RinconRogers_Loughlin/ece2049_demo_ccs91/grlib" --include_path="C:/ti/ccs1200/ccs/tools/compiler/ti-cgt-msp430_21.6.0.LTS/include" --advice:power_severity=suppress --define=__MSP430F5529__ -g --gcc --printf_support=minimal --diag_warning=225 --display_error_number --abi=eabi --silicon_errata=CPU21 --silicon_errata=CPU22 --silicon_errata=CPU23 --silicon_errata=CPU40 --preproc_with_compile --preproc_dependency="main.d_raw"  "../main.c"
"../main.c", line 206: warning #225-D: function "displayTime" declared implicitly
"../main.c", line 212: warning #161-D: declaration is incompatible with previous "displayTime" (declared at line 206)
Finished building: "../main.c"
 
Building target: "ece2049_demo_ccs91.out"
Invoking: MSP430 Linker
"C:/ti/ccs1200/ccs/tools/compiler/ti-cgt-msp430_21.6.0.LTS/bin/cl430" -vmspx --data_model=restricted -Ooff --use_hw_mpy=F5 --advice:power_severity=suppress --define=__MSP430F5529__ -g --gcc --printf_support=minimal --diag_warning=225 --display_error_number --abi=eabi --silicon_errata=CPU21 --silicon_errata=CPU22 --silicon_errata=CPU23 --silicon_errata=CPU40 -z -m"ece2049_demo_ccs91.map" --heap_size=160 --stack_size=160 --cinit_hold_wdt=on -i"C:/ti/ccs1200/ccs/ccs_base/msp430/include" -i"C:/Users/crinconrogers/Documents/Lab2_RinconRogers_Loughlin/ece2049_demo_ccs91/lib" -i"C:/ti/ccs1200/ccs/tools/compiler/ti-cgt-msp430_21.6.0.LTS/lib" -i"C:/ti/ccs1200/ccs/tools/compiler/ti-cgt-msp430_21.6.0.LTS/include" -i"C:/ti/ccs1200/ccs/ccs_base/msp430/lib/5xx_6xx_FRxx" --reread_libs --warn_sections --xml_link_info="ece2049_demo_ccs91_linkInfo.xml" --use_hw_mpy=F5 --rom_model -o "ece2049_demo_ccs91.out" "./main.obj" "./peripherals.obj" "./LcdDriver/HAL_MSP_EXP430FR5529_Sharp96x96.obj" "./LcdDriver/Sharp96x96.obj" "./fonts/fontfixed6x8.obj" "./images/LPRocket_96x37.obj" "./images/TI_Logo_69x64.obj" "../lnk_msp430f5529.cmd" "../lib/grlib.lib"  -llibc.a -llibmath.a 
<Linking>
Finished building target: "ece2049_demo_ccs91.out"
 

**** Build Finished ****

**** Build of configuration Debug for project ece2049_demo_ccs91 ****

"C:\\ti\\ccs1200\\ccs\\utils\\bin\\gmake" -k all 
 
Building file: "../main.c"
Invoking: MSP430 Compiler
"C:/ti/ccs1200/ccs/tools/compiler/ti-cgt-msp430_21.6.0.LTS/bin/cl430" -vmspx --data_model=restricted -Ooff --use_hw_mpy=F5 --include_path="C:/ti/ccs1200/ccs/ccs_base/msp430/include" --include_path="C:/Users/crinconrogers/Documents/Lab2_RinconRogers_Loughlin/ece2049_demo_ccs91" --include_path="C:/Users/crinconrogers/Documents/Lab2_RinconRogers_Loughlin/ece2049_demo_ccs91/grlib" --include_path="C:/ti/ccs1200/ccs/tools/compiler/ti-cgt-msp430_21.6.0.LTS/include" --advice:power_severity=suppress --define=__MSP430F5529__ -g --gcc --printf_support=minimal --diag_warning=225 --display_error_number --abi=eabi --silicon_errata=CPU21 --silicon_errata=CPU22 --silicon_errata=CPU23 --silicon_errata=CPU40 --preproc_with_compile --preproc_dependency="main.d_raw"  "../main.c"
 
>> Compilation failure
subdir_rules.mk:9: recipe for target 'main.obj' failed
"../main.c", line 206: error #20: identifier "timer_cnt" is undefined
"../main.c", line 207: warning #225-D: function "displayTime" declared implicitly
"../main.c", line 215: warning #161-D: declaration is incompatible with previous "displayTime" (declared at line 207)
"../main.c", line 234: error #20: identifier "timer_cnt" is undefined
"../main.c", line 258: error #20: identifier "timer_cnt" is undefined
3 errors detected in the compilation of "../main.c".
gmake: *** [main.obj] Error 1
gmake: Target 'all' not remade because of errors.

**** Build Finished ****

**** Build of configuration Debug for project ece2049_demo_ccs91 ****

"C:\\ti\\ccs1200\\ccs\\utils\\bin\\gmake" -k all 
 
Building file: "../main.c"
Invoking: MSP430 Compiler
"C:/ti/ccs1200/ccs/tools/compiler/ti-cgt-msp430_21.6.0.LTS/bin/cl430" -vmspx --data_model=restricted -Ooff --use_hw_mpy=F5 --include_path="C:/ti/ccs1200/ccs/ccs_base/msp430/include" --include_path="C:/Users/crinconrogers/Documents/Lab2_RinconRogers_Loughlin/ece2049_demo_ccs91" --include_path="C:/Users/crinconrogers/Documents/Lab2_RinconRogers_Loughlin/ece2049_demo_ccs91/grlib" --include_path="C:/ti/ccs1200/ccs/tools/compiler/ti-cgt-msp430_21.6.0.LTS/include" --advice:power_severity=suppress --define=__MSP430F5529__ -g --gcc --printf_support=minimal --diag_warning=225 --display_error_number --abi=eabi --silicon_errata=CPU21 --silicon_errata=CPU22 --silicon_errata=CPU23 --silicon_errata=CPU40 --preproc_with_compile --preproc_dependency="main.d_raw"  "../main.c"
"../main.c", line 208: warning #225-D: function "displayTime" declared implicitly
"../main.c", line 216: warning #161-D: declaration is incompatible with previous "displayTime" (declared at line 208)
Finished building: "../main.c"
 
Building target: "ece2049_demo_ccs91.out"
Invoking: MSP430 Linker
"C:/ti/ccs1200/ccs/tools/compiler/ti-cgt-msp430_21.6.0.LTS/bin/cl430" -vmspx --data_model=restricted -Ooff --use_hw_mpy=F5 --advice:power_severity=suppress --define=__MSP430F5529__ -g --gcc --printf_support=minimal --diag_warning=225 --display_error_number --abi=eabi --silicon_errata=CPU21 --silicon_errata=CPU22 --silicon_errata=CPU23 --silicon_errata=CPU40 -z -m"ece2049_demo_ccs91.map" --heap_size=160 --stack_size=160 --cinit_hold_wdt=on -i"C:/ti/ccs1200/ccs/ccs_base/msp430/include" -i"C:/Users/crinconrogers/Documents/Lab2_RinconRogers_Loughlin/ece2049_demo_ccs91/lib" -i"C:/ti/ccs1200/ccs/tools/compiler/ti-cgt-msp430_21.6.0.LTS/lib" -i"C:/ti/ccs1200/ccs/tools/compiler/ti-cgt-msp430_21.6.0.LTS/include" -i"C:/ti/ccs1200/ccs/ccs_base/msp430/lib/5xx_6xx_FRxx" --reread_libs --warn_sections --xml_link_info="ece2049_demo_ccs91_linkInfo.xml" --use_hw_mpy=F5 --rom_model -o "ece2049_demo_ccs91.out" "./main.obj" "./peripherals.obj" "./LcdDriver/HAL_MSP_EXP430FR5529_Sharp96x96.obj" "./LcdDriver/Sharp96x96.obj" "./fonts/fontfixed6x8.obj" "./images/LPRocket_96x37.obj" "./images/TI_Logo_69x64.obj" "../lnk_msp430f5529.cmd" "../lib/grlib.lib"  -llibc.a -llibmath.a 
<Linking>
Finished building target: "ece2049_demo_ccs91.out"
 

**** Build Finished ****

**** Build of configuration Debug for project ece2049_demo_ccs91 ****

"C:\\ti\\ccs1200\\ccs\\utils\\bin\\gmake" -k all 
 
gmake: Nothing to be done for 'all'.

**** Build Finished ****

**** Build of configuration Debug for project ece2049_demo_ccs91 ****

"C:\\ti\\ccs1200\\ccs\\utils\\bin\\gmake" -k all 
 
gmake: Nothing to be done for 'all'.

**** Build Finished ****

**** Build of configuration Debug for project ece2049_demo_ccs91 ****

"C:\\ti\\ccs1200\\ccs\\utils\\bin\\gmake" -k all 
 
Building file: "../main.c"
Invoking: MSP430 Compiler
"C:/ti/ccs1200/ccs/tools/compiler/ti-cgt-msp430_21.6.0.LTS/bin/cl430" -vmspx --data_model=restricted -Ooff --use_hw_mpy=F5 --include_path="C:/ti/ccs1200/ccs/ccs_base/msp430/include" --include_path="C:/Users/crinconrogers/Documents/Lab2_RinconRogers_Loughlin/ece2049_demo_ccs91" --include_path="C:/Users/crinconrogers/Documents/Lab2_RinconRogers_Loughlin/ece2049_demo_ccs91/grlib" --include_path="C:/ti/ccs1200/ccs/tools/compiler/ti-cgt-msp430_21.6.0.LTS/include" --advice:power_severity=suppress --define=__MSP430F5529__ -g --gcc --printf_support=minimal --diag_warning=225 --display_error_number --abi=eabi --silicon_errata=CPU21 --silicon_errata=CPU22 --silicon_errata=CPU23 --silicon_errata=CPU40 --preproc_with_compile --preproc_dependency="main.d_raw"  "../main.c"
"../main.c", line 208: warning #225-D: function "displayTime" declared implicitly
"../main.c", line 218: warning #161-D: declaration is incompatible with previous "displayTime" (declared at line 208)
Finished building: "../main.c"
 
Building target: "ece2049_demo_ccs91.out"
Invoking: MSP430 Linker
"C:/ti/ccs1200/ccs/tools/compiler/ti-cgt-msp430_21.6.0.LTS/bin/cl430" -vmspx --data_model=restricted -Ooff --use_hw_mpy=F5 --advice:power_severity=suppress --define=__MSP430F5529__ -g --gcc --printf_support=minimal --diag_warning=225 --display_error_number --abi=eabi --silicon_errata=CPU21 --silicon_errata=CPU22 --silicon_errata=CPU23 --silicon_errata=CPU40 -z -m"ece2049_demo_ccs91.map" --heap_size=160 --stack_size=160 --cinit_hold_wdt=on -i"C:/ti/ccs1200/ccs/ccs_base/msp430/include" -i"C:/Users/crinconrogers/Documents/Lab2_RinconRogers_Loughlin/ece2049_demo_ccs91/lib" -i"C:/ti/ccs1200/ccs/tools/compiler/ti-cgt-msp430_21.6.0.LTS/lib" -i"C:/ti/ccs1200/ccs/tools/compiler/ti-cgt-msp430_21.6.0.LTS/include" -i"C:/ti/ccs1200/ccs/ccs_base/msp430/lib/5xx_6xx_FRxx" --reread_libs --warn_sections --xml_link_info="ece2049_demo_ccs91_linkInfo.xml" --use_hw_mpy=F5 --rom_model -o "ece2049_demo_ccs91.out" "./main.obj" "./peripherals.obj" "./LcdDriver/HAL_MSP_EXP430FR5529_Sharp96x96.obj" "./LcdDriver/Sharp96x96.obj" "./fonts/fontfixed6x8.obj" "./images/LPRocket_96x37.obj" "./images/TI_Logo_69x64.obj" "../lnk_msp430f5529.cmd" "../lib/grlib.lib"  -llibc.a -llibmath.a 
<Linking>
Finished building target: "ece2049_demo_ccs91.out"
 

**** Build Finished ****

**** Build of configuration Debug for project ece2049_demo_ccs91 ****

"C:\\ti\\ccs1200\\ccs\\utils\\bin\\gmake" -k all 
 
Building file: "../main.c"
Invoking: MSP430 Compiler
"C:/ti/ccs1200/ccs/tools/compiler/ti-cgt-msp430_21.6.0.LTS/bin/cl430" -vmspx --data_model=restricted -Ooff --use_hw_mpy=F5 --include_path="C:/ti/ccs1200/ccs/ccs_base/msp430/include" --include_path="C:/Users/crinconrogers/Documents/Lab2_RinconRogers_Loughlin/ece2049_demo_ccs91" --include_path="C:/Users/crinconrogers/Documents/Lab2_RinconRogers_Loughlin/ece2049_demo_ccs91/grlib" --include_path="C:/ti/ccs1200/ccs/tools/compiler/ti-cgt-msp430_21.6.0.LTS/include" --advice:power_severity=suppress --define=__MSP430F5529__ -g --gcc --printf_support=minimal --diag_warning=225 --display_error_number --abi=eabi --silicon_errata=CPU21 --silicon_errata=CPU22 --silicon_errata=CPU23 --silicon_errata=CPU40 --preproc_with_compile --preproc_dependency="main.d_raw"  "../main.c"
 
>> Compilation failure
subdir_rules.mk:9: recipe for target 'main.obj' failed
"../main.c", line 103: error #110: expression preceding parentheses of apparent call must have (pointer-to-) function type
"../main.c", line 209: warning #225-D: function "displayTime" declared implicitly
"../main.c", line 219: warning #161-D: declaration is incompatible with previous "displayTime" (declared at line 209)
1 error detected in the compilation of "../main.c".
gmake: *** [main.obj] Error 1
gmake: Target 'all' not remade because of errors.

**** Build Finished ****

**** Build of configuration Debug for project ece2049_demo_ccs91 ****

"C:\\ti\\ccs1200\\ccs\\utils\\bin\\gmake" -k all 
 
Building file: "../main.c"
Invoking: MSP430 Compiler
"C:/ti/ccs1200/ccs/tools/compiler/ti-cgt-msp430_21.6.0.LTS/bin/cl430" -vmspx --data_model=restricted -Ooff --use_hw_mpy=F5 --include_path="C:/ti/ccs1200/ccs/ccs_base/msp430/include" --include_path="C:/Users/crinconrogers/Documents/Lab2_RinconRogers_Loughlin/ece2049_demo_ccs91" --include_path="C:/Users/crinconrogers/Documents/Lab2_RinconRogers_Loughlin/ece2049_demo_ccs91/grlib" --include_path="C:/ti/ccs1200/ccs/tools/compiler/ti-cgt-msp430_21.6.0.LTS/include" --advice:power_severity=suppress --define=__MSP430F5529__ -g --gcc --printf_support=minimal --diag_warning=225 --display_error_number --abi=eabi --silicon_errata=CPU21 --silicon_errata=CPU22 --silicon_errata=CPU23 --silicon_errata=CPU40 --preproc_with_compile --preproc_dependency="main.d_raw"  "../main.c"
"../main.c", line 209: warning #225-D: function "displayTime" declared implicitly
"../main.c", line 219: warning #161-D: declaration is incompatible with previous "displayTime" (declared at line 209)
Finished building: "../main.c"
 
Building target: "ece2049_demo_ccs91.out"
Invoking: MSP430 Linker
"C:/ti/ccs1200/ccs/tools/compiler/ti-cgt-msp430_21.6.0.LTS/bin/cl430" -vmspx --data_model=restricted -Ooff --use_hw_mpy=F5 --advice:power_severity=suppress --define=__MSP430F5529__ -g --gcc --printf_support=minimal --diag_warning=225 --display_error_number --abi=eabi --silicon_errata=CPU21 --silicon_errata=CPU22 --silicon_errata=CPU23 --silicon_errata=CPU40 -z -m"ece2049_demo_ccs91.map" --heap_size=160 --stack_size=160 --cinit_hold_wdt=on -i"C:/ti/ccs1200/ccs/ccs_base/msp430/include" -i"C:/Users/crinconrogers/Documents/Lab2_RinconRogers_Loughlin/ece2049_demo_ccs91/lib" -i"C:/ti/ccs1200/ccs/tools/compiler/ti-cgt-msp430_21.6.0.LTS/lib" -i"C:/ti/ccs1200/ccs/tools/compiler/ti-cgt-msp430_21.6.0.LTS/include" -i"C:/ti/ccs1200/ccs/ccs_base/msp430/lib/5xx_6xx_FRxx" --reread_libs --warn_sections --xml_link_info="ece2049_demo_ccs91_linkInfo.xml" --use_hw_mpy=F5 --rom_model -o "ece2049_demo_ccs91.out" "./main.obj" "./peripherals.obj" "./LcdDriver/HAL_MSP_EXP430FR5529_Sharp96x96.obj" "./LcdDriver/Sharp96x96.obj" "./fonts/fontfixed6x8.obj" "./images/LPRocket_96x37.obj" "./images/TI_Logo_69x64.obj" "../lnk_msp430f5529.cmd" "../lib/grlib.lib"  -llibc.a -llibmath.a 
<Linking>
Finished building target: "ece2049_demo_ccs91.out"
 

**** Build Finished ****

**** Build of configuration Debug for project ece2049_demo_ccs91 ****

"C:\\ti\\ccs1200\\ccs\\utils\\bin\\gmake" -k all 
 
gmake: Nothing to be done for 'all'.

**** Build Finished ****

**** Build of configuration Debug for project ece2049_demo_ccs91 ****

"C:\\ti\\ccs1200\\ccs\\utils\\bin\\gmake" -k all 
 
Building file: "../main.c"
Invoking: MSP430 Compiler
"C:/ti/ccs1200/ccs/tools/compiler/ti-cgt-msp430_21.6.0.LTS/bin/cl430" -vmspx --data_model=restricted -Ooff --use_hw_mpy=F5 --include_path="C:/ti/ccs1200/ccs/ccs_base/msp430/include" --include_path="C:/Users/crinconrogers/Documents/Lab2_RinconRogers_Loughlin/ece2049_demo_ccs91" --include_path="C:/Users/crinconrogers/Documents/Lab2_RinconRogers_Loughlin/ece2049_demo_ccs91/grlib" --include_path="C:/ti/ccs1200/ccs/tools/compiler/ti-cgt-msp430_21.6.0.LTS/include" --advice:power_severity=suppress --define=__MSP430F5529__ -g --gcc --printf_support=minimal --diag_warning=225 --display_error_number --abi=eabi --silicon_errata=CPU21 --silicon_errata=CPU22 --silicon_errata=CPU23 --silicon_errata=CPU40 --preproc_with_compile --preproc_dependency="main.d_raw"  "../main.c"
"../main.c", line 209: warning #225-D: function "displayTime" declared implicitly
"../main.c", line 219: warning #161-D: declaration is incompatible with previous "displayTime" (declared at line 209)
Finished building: "../main.c"
 
Building target: "ece2049_demo_ccs91.out"
Invoking: MSP430 Linker
"C:/ti/ccs1200/ccs/tools/compiler/ti-cgt-msp430_21.6.0.LTS/bin/cl430" -vmspx --data_model=restricted -Ooff --use_hw_mpy=F5 --advice:power_severity=suppress --define=__MSP430F5529__ -g --gcc --printf_support=minimal --diag_warning=225 --display_error_number --abi=eabi --silicon_errata=CPU21 --silicon_errata=CPU22 --silicon_errata=CPU23 --silicon_errata=CPU40 -z -m"ece2049_demo_ccs91.map" --heap_size=160 --stack_size=160 --cinit_hold_wdt=on -i"C:/ti/ccs1200/ccs/ccs_base/msp430/include" -i"C:/Users/crinconrogers/Documents/Lab2_RinconRogers_Loughlin/ece2049_demo_ccs91/lib" -i"C:/ti/ccs1200/ccs/tools/compiler/ti-cgt-msp430_21.6.0.LTS/lib" -i"C:/ti/ccs1200/ccs/tools/compiler/ti-cgt-msp430_21.6.0.LTS/include" -i"C:/ti/ccs1200/ccs/ccs_base/msp430/lib/5xx_6xx_FRxx" --reread_libs --warn_sections --xml_link_info="ece2049_demo_ccs91_linkInfo.xml" --use_hw_mpy=F5 --rom_model -o "ece2049_demo_ccs91.out" "./main.obj" "./peripherals.obj" "./LcdDriver/HAL_MSP_EXP430FR5529_Sharp96x96.obj" "./LcdDriver/Sharp96x96.obj" "./fonts/fontfixed6x8.obj" "./images/LPRocket_96x37.obj" "./images/TI_Logo_69x64.obj" "../lnk_msp430f5529.cmd" "../lib/grlib.lib"  -llibc.a -llibmath.a 
<Linking>
Finished building target: "ece2049_demo_ccs91.out"
 

**** Build Finished ****

**** Build of configuration Debug for project ece2049_demo_ccs91 ****

"C:\\ti\\ccs1200\\ccs\\utils\\bin\\gmake" -k all 
 
Building file: "../main.c"
Invoking: MSP430 Compiler
"C:/ti/ccs1200/ccs/tools/compiler/ti-cgt-msp430_21.6.0.LTS/bin/cl430" -vmspx --data_model=restricted -Ooff --use_hw_mpy=F5 --include_path="C:/ti/ccs1200/ccs/ccs_base/msp430/include" --include_path="C:/Users/crinconrogers/Documents/Lab2_RinconRogers_Loughlin/ece2049_demo_ccs91" --include_path="C:/Users/crinconrogers/Documents/Lab2_RinconRogers_Loughlin/ece2049_demo_ccs91/grlib" --include_path="C:/ti/ccs1200/ccs/tools/compiler/ti-cgt-msp430_21.6.0.LTS/include" --advice:power_severity=suppress --define=__MSP430F5529__ -g --gcc --printf_support=minimal --diag_warning=225 --display_error_number --abi=eabi --silicon_errata=CPU21 --silicon_errata=CPU22 --silicon_errata=CPU23 --silicon_errata=CPU40 --preproc_with_compile --preproc_dependency="main.d_raw"  "../main.c"
"../main.c", line 209: warning #225-D: function "displayTime" declared implicitly
"../main.c", line 219: warning #161-D: declaration is incompatible with previous "displayTime" (declared at line 209)
Finished building: "../main.c"
 
Building target: "ece2049_demo_ccs91.out"
Invoking: MSP430 Linker
"C:/ti/ccs1200/ccs/tools/compiler/ti-cgt-msp430_21.6.0.LTS/bin/cl430" -vmspx --data_model=restricted -Ooff --use_hw_mpy=F5 --advice:power_severity=suppress --define=__MSP430F5529__ -g --gcc --printf_support=minimal --diag_warning=225 --display_error_number --abi=eabi --silicon_errata=CPU21 --silicon_errata=CPU22 --silicon_errata=CPU23 --silicon_errata=CPU40 -z -m"ece2049_demo_ccs91.map" --heap_size=160 --stack_size=160 --cinit_hold_wdt=on -i"C:/ti/ccs1200/ccs/ccs_base/msp430/include" -i"C:/Users/crinconrogers/Documents/Lab2_RinconRogers_Loughlin/ece2049_demo_ccs91/lib" -i"C:/ti/ccs1200/ccs/tools/compiler/ti-cgt-msp430_21.6.0.LTS/lib" -i"C:/ti/ccs1200/ccs/tools/compiler/ti-cgt-msp430_21.6.0.LTS/include" -i"C:/ti/ccs1200/ccs/ccs_base/msp430/lib/5xx_6xx_FRxx" --reread_libs --warn_sections --xml_link_info="ece2049_demo_ccs91_linkInfo.xml" --use_hw_mpy=F5 --rom_model -o "ece2049_demo_ccs91.out" "./main.obj" "./peripherals.obj" "./LcdDriver/HAL_MSP_EXP430FR5529_Sharp96x96.obj" "./LcdDriver/Sharp96x96.obj" "./fonts/fontfixed6x8.obj" "./images/LPRocket_96x37.obj" "./images/TI_Logo_69x64.obj" "../lnk_msp430f5529.cmd" "../lib/grlib.lib"  -llibc.a -llibmath.a 
<Linking>
Finished building target: "ece2049_demo_ccs91.out"
 

**** Build Finished ****

**** Build of configuration Debug for project ece2049_demo_ccs91 ****

"C:\\ti\\ccs1200\\ccs\\utils\\bin\\gmake" -k all 
 
Building file: "../main.c"
Invoking: MSP430 Compiler
"C:/ti/ccs1200/ccs/tools/compiler/ti-cgt-msp430_21.6.0.LTS/bin/cl430" -vmspx --data_model=restricted -Ooff --use_hw_mpy=F5 --include_path="C:/ti/ccs1200/ccs/ccs_base/msp430/include" --include_path="C:/Users/crinconrogers/Documents/Lab2_RinconRogers_Loughlin/ece2049_demo_ccs91" --include_path="C:/Users/crinconrogers/Documents/Lab2_RinconRogers_Loughlin/ece2049_demo_ccs91/grlib" --include_path="C:/ti/ccs1200/ccs/tools/compiler/ti-cgt-msp430_21.6.0.LTS/include" --advice:power_severity=suppress --define=__MSP430F5529__ -g --gcc --printf_support=minimal --diag_warning=225 --display_error_number --abi=eabi --silicon_errata=CPU21 --silicon_errata=CPU22 --silicon_errata=CPU23 --silicon_errata=CPU40 --preproc_with_compile --preproc_dependency="main.d_raw"  "../main.c"
"../main.c", line 209: warning #225-D: function "displayTime" declared implicitly
"../main.c", line 219: warning #161-D: declaration is incompatible with previous "displayTime" (declared at line 209)
Finished building: "../main.c"
 
Building target: "ece2049_demo_ccs91.out"
Invoking: MSP430 Linker
"C:/ti/ccs1200/ccs/tools/compiler/ti-cgt-msp430_21.6.0.LTS/bin/cl430" -vmspx --data_model=restricted -Ooff --use_hw_mpy=F5 --advice:power_severity=suppress --define=__MSP430F5529__ -g --gcc --printf_support=minimal --diag_warning=225 --display_error_number --abi=eabi --silicon_errata=CPU21 --silicon_errata=CPU22 --silicon_errata=CPU23 --silicon_errata=CPU40 -z -m"ece2049_demo_ccs91.map" --heap_size=160 --stack_size=160 --cinit_hold_wdt=on -i"C:/ti/ccs1200/ccs/ccs_base/msp430/include" -i"C:/Users/crinconrogers/Documents/Lab2_RinconRogers_Loughlin/ece2049_demo_ccs91/lib" -i"C:/ti/ccs1200/ccs/tools/compiler/ti-cgt-msp430_21.6.0.LTS/lib" -i"C:/ti/ccs1200/ccs/tools/compiler/ti-cgt-msp430_21.6.0.LTS/include" -i"C:/ti/ccs1200/ccs/ccs_base/msp430/lib/5xx_6xx_FRxx" --reread_libs --warn_sections --xml_link_info="ece2049_demo_ccs91_linkInfo.xml" --use_hw_mpy=F5 --rom_model -o "ece2049_demo_ccs91.out" "./main.obj" "./peripherals.obj" "./LcdDriver/HAL_MSP_EXP430FR5529_Sharp96x96.obj" "./LcdDriver/Sharp96x96.obj" "./fonts/fontfixed6x8.obj" "./images/LPRocket_96x37.obj" "./images/TI_Logo_69x64.obj" "../lnk_msp430f5529.cmd" "../lib/grlib.lib"  -llibc.a -llibmath.a 
<Linking>
Finished building target: "ece2049_demo_ccs91.out"
 

**** Build Finished ****

**** Build of configuration Debug for project ece2049_demo_ccs91 ****

"C:\\ti\\ccs1200\\ccs\\utils\\bin\\gmake" -k all 
 
Building file: "../main.c"
Invoking: MSP430 Compiler
"C:/ti/ccs1200/ccs/tools/compiler/ti-cgt-msp430_21.6.0.LTS/bin/cl430" -vmspx --data_model=restricted -Ooff --use_hw_mpy=F5 --include_path="C:/ti/ccs1200/ccs/ccs_base/msp430/include" --include_path="C:/Users/crinconrogers/Documents/Lab2_RinconRogers_Loughlin/ece2049_demo_ccs91" --include_path="C:/Users/crinconrogers/Documents/Lab2_RinconRogers_Loughlin/ece2049_demo_ccs91/grlib" --include_path="C:/ti/ccs1200/ccs/tools/compiler/ti-cgt-msp430_21.6.0.LTS/include" --advice:power_severity=suppress --define=__MSP430F5529__ -g --gcc --printf_support=minimal --diag_warning=225 --display_error_number --abi=eabi --silicon_errata=CPU21 --silicon_errata=CPU22 --silicon_errata=CPU23 --silicon_errata=CPU40 --preproc_with_compile --preproc_dependency="main.d_raw"  "../main.c"
"../main.c", line 209: warning #225-D: function "displayTime" declared implicitly
"../main.c", line 220: warning #161-D: declaration is incompatible with previous "displayTime" (declared at line 209)
Finished building: "../main.c"
 
Building target: "ece2049_demo_ccs91.out"
Invoking: MSP430 Linker
"C:/ti/ccs1200/ccs/tools/compiler/ti-cgt-msp430_21.6.0.LTS/bin/cl430" -vmspx --data_model=restricted -Ooff --use_hw_mpy=F5 --advice:power_severity=suppress --define=__MSP430F5529__ -g --gcc --printf_support=minimal --diag_warning=225 --display_error_number --abi=eabi --silicon_errata=CPU21 --silicon_errata=CPU22 --silicon_errata=CPU23 --silicon_errata=CPU40 -z -m"ece2049_demo_ccs91.map" --heap_size=160 --stack_size=160 --cinit_hold_wdt=on -i"C:/ti/ccs1200/ccs/ccs_base/msp430/include" -i"C:/Users/crinconrogers/Documents/Lab2_RinconRogers_Loughlin/ece2049_demo_ccs91/lib" -i"C:/ti/ccs1200/ccs/tools/compiler/ti-cgt-msp430_21.6.0.LTS/lib" -i"C:/ti/ccs1200/ccs/tools/compiler/ti-cgt-msp430_21.6.0.LTS/include" -i"C:/ti/ccs1200/ccs/ccs_base/msp430/lib/5xx_6xx_FRxx" --reread_libs --warn_sections --xml_link_info="ece2049_demo_ccs91_linkInfo.xml" --use_hw_mpy=F5 --rom_model -o "ece2049_demo_ccs91.out" "./main.obj" "./peripherals.obj" "./LcdDriver/HAL_MSP_EXP430FR5529_Sharp96x96.obj" "./LcdDriver/Sharp96x96.obj" "./fonts/fontfixed6x8.obj" "./images/LPRocket_96x37.obj" "./images/TI_Logo_69x64.obj" "../lnk_msp430f5529.cmd" "../lib/grlib.lib"  -llibc.a -llibmath.a 
<Linking>
Finished building target: "ece2049_demo_ccs91.out"
 

**** Build Finished ****

**** Build of configuration Debug for project ece2049_demo_ccs91 ****

"C:\\ti\\ccs1200\\ccs\\utils\\bin\\gmake" -k all 
 
Building file: "../main.c"
Invoking: MSP430 Compiler
"C:/ti/ccs1200/ccs/tools/compiler/ti-cgt-msp430_21.6.0.LTS/bin/cl430" -vmspx --data_model=restricted -Ooff --use_hw_mpy=F5 --include_path="C:/ti/ccs1200/ccs/ccs_base/msp430/include" --include_path="C:/Users/crinconrogers/Documents/Lab2_RinconRogers_Loughlin/ece2049_demo_ccs91" --include_path="C:/Users/crinconrogers/Documents/Lab2_RinconRogers_Loughlin/ece2049_demo_ccs91/grlib" --include_path="C:/ti/ccs1200/ccs/tools/compiler/ti-cgt-msp430_21.6.0.LTS/include" --advice:power_severity=suppress --define=__MSP430F5529__ -g --gcc --printf_support=minimal --diag_warning=225 --display_error_number --abi=eabi --silicon_errata=CPU21 --silicon_errata=CPU22 --silicon_errata=CPU23 --silicon_errata=CPU40 --preproc_with_compile --preproc_dependency="main.d_raw"  "../main.c"
"../main.c", line 209: warning #225-D: function "displayTime" declared implicitly
"../main.c", line 220: warning #161-D: declaration is incompatible with previous "displayTime" (declared at line 209)
Finished building: "../main.c"
 
Building target: "ece2049_demo_ccs91.out"
Invoking: MSP430 Linker
"C:/ti/ccs1200/ccs/tools/compiler/ti-cgt-msp430_21.6.0.LTS/bin/cl430" -vmspx --data_model=restricted -Ooff --use_hw_mpy=F5 --advice:power_severity=suppress --define=__MSP430F5529__ -g --gcc --printf_support=minimal --diag_warning=225 --display_error_number --abi=eabi --silicon_errata=CPU21 --silicon_errata=CPU22 --silicon_errata=CPU23 --silicon_errata=CPU40 -z -m"ece2049_demo_ccs91.map" --heap_size=160 --stack_size=160 --cinit_hold_wdt=on -i"C:/ti/ccs1200/ccs/ccs_base/msp430/include" -i"C:/Users/crinconrogers/Documents/Lab2_RinconRogers_Loughlin/ece2049_demo_ccs91/lib" -i"C:/ti/ccs1200/ccs/tools/compiler/ti-cgt-msp430_21.6.0.LTS/lib" -i"C:/ti/ccs1200/ccs/tools/compiler/ti-cgt-msp430_21.6.0.LTS/include" -i"C:/ti/ccs1200/ccs/ccs_base/msp430/lib/5xx_6xx_FRxx" --reread_libs --warn_sections --xml_link_info="ece2049_demo_ccs91_linkInfo.xml" --use_hw_mpy=F5 --rom_model -o "ece2049_demo_ccs91.out" "./main.obj" "./peripherals.obj" "./LcdDriver/HAL_MSP_EXP430FR5529_Sharp96x96.obj" "./LcdDriver/Sharp96x96.obj" "./fonts/fontfixed6x8.obj" "./images/LPRocket_96x37.obj" "./images/TI_Logo_69x64.obj" "../lnk_msp430f5529.cmd" "../lib/grlib.lib"  -llibc.a -llibmath.a 
<Linking>
Finished building target: "ece2049_demo_ccs91.out"
 

**** Build Finished ****

**** Build of configuration Debug for project ece2049_demo_ccs91 ****

"C:\\ti\\ccs1200\\ccs\\utils\\bin\\gmake" -k all 
 
gmake: Nothing to be done for 'all'.

**** Build Finished ****

**** Build of configuration Debug for project ece2049_demo_ccs91 ****

"C:\\ti\\ccs1200\\ccs\\utils\\bin\\gmake" -k all 
 
Building file: "../main.c"
Invoking: MSP430 Compiler
"C:/ti/ccs1200/ccs/tools/compiler/ti-cgt-msp430_21.6.0.LTS/bin/cl430" -vmspx --data_model=restricted -Ooff --use_hw_mpy=F5 --include_path="C:/ti/ccs1200/ccs/ccs_base/msp430/include" --include_path="C:/Users/crinconrogers/Documents/Lab2_RinconRogers_Loughlin/ece2049_demo_ccs91" --include_path="C:/Users/crinconrogers/Documents/Lab2_RinconRogers_Loughlin/ece2049_demo_ccs91/grlib" --include_path="C:/ti/ccs1200/ccs/tools/compiler/ti-cgt-msp430_21.6.0.LTS/include" --advice:power_severity=suppress --define=__MSP430F5529__ -g --gcc --printf_support=minimal --diag_warning=225 --display_error_number --abi=eabi --silicon_errata=CPU21 --silicon_errata=CPU22 --silicon_errata=CPU23 --silicon_errata=CPU40 --preproc_with_compile --preproc_dependency="main.d_raw"  "../main.c"
"../main.c", line 209: warning #225-D: function "displayTime" declared implicitly
"../main.c", line 220: warning #161-D: declaration is incompatible with previous "displayTime" (declared at line 209)
Finished building: "../main.c"
 
Building target: "ece2049_demo_ccs91.out"
Invoking: MSP430 Linker
"C:/ti/ccs1200/ccs/tools/compiler/ti-cgt-msp430_21.6.0.LTS/bin/cl430" -vmspx --data_model=restricted -Ooff --use_hw_mpy=F5 --advice:power_severity=suppress --define=__MSP430F5529__ -g --gcc --printf_support=minimal --diag_warning=225 --display_error_number --abi=eabi --silicon_errata=CPU21 --silicon_errata=CPU22 --silicon_errata=CPU23 --silicon_errata=CPU40 -z -m"ece2049_demo_ccs91.map" --heap_size=160 --stack_size=160 --cinit_hold_wdt=on -i"C:/ti/ccs1200/ccs/ccs_base/msp430/include" -i"C:/Users/crinconrogers/Documents/Lab2_RinconRogers_Loughlin/ece2049_demo_ccs91/lib" -i"C:/ti/ccs1200/ccs/tools/compiler/ti-cgt-msp430_21.6.0.LTS/lib" -i"C:/ti/ccs1200/ccs/tools/compiler/ti-cgt-msp430_21.6.0.LTS/include" -i"C:/ti/ccs1200/ccs/ccs_base/msp430/lib/5xx_6xx_FRxx" --reread_libs --warn_sections --xml_link_info="ece2049_demo_ccs91_linkInfo.xml" --use_hw_mpy=F5 --rom_model -o "ece2049_demo_ccs91.out" "./main.obj" "./peripherals.obj" "./LcdDriver/HAL_MSP_EXP430FR5529_Sharp96x96.obj" "./LcdDriver/Sharp96x96.obj" "./fonts/fontfixed6x8.obj" "./images/LPRocket_96x37.obj" "./images/TI_Logo_69x64.obj" "../lnk_msp430f5529.cmd" "../lib/grlib.lib"  -llibc.a -llibmath.a 
<Linking>
Finished building target: "ece2049_demo_ccs91.out"
 

**** Build Finished ****

**** Build of configuration Debug for project ece2049_demo_ccs91 ****

"C:\\ti\\ccs1200\\ccs\\utils\\bin\\gmake" -k all 
 
Building file: "../main.c"
Invoking: MSP430 Compiler
"C:/ti/ccs1200/ccs/tools/compiler/ti-cgt-msp430_21.6.0.LTS/bin/cl430" -vmspx --data_model=restricted -Ooff --use_hw_mpy=F5 --include_path="C:/ti/ccs1200/ccs/ccs_base/msp430/include" --include_path="C:/Users/crinconrogers/Documents/Lab2_RinconRogers_Loughlin/ece2049_demo_ccs91" --include_path="C:/Users/crinconrogers/Documents/Lab2_RinconRogers_Loughlin/ece2049_demo_ccs91/grlib" --include_path="C:/ti/ccs1200/ccs/tools/compiler/ti-cgt-msp430_21.6.0.LTS/include" --advice:power_severity=suppress --define=__MSP430F5529__ -g --gcc --printf_support=minimal --diag_warning=225 --display_error_number --abi=eabi --silicon_errata=CPU21 --silicon_errata=CPU22 --silicon_errata=CPU23 --silicon_errata=CPU40 --preproc_with_compile --preproc_dependency="main.d_raw"  "../main.c"
"../main.c", line 209: warning #225-D: function "displayTime" declared implicitly
"../main.c", line 222: warning #161-D: declaration is incompatible with previous "displayTime" (declared at line 209)
Finished building: "../main.c"
 
Building target: "ece2049_demo_ccs91.out"
Invoking: MSP430 Linker
"C:/ti/ccs1200/ccs/tools/compiler/ti-cgt-msp430_21.6.0.LTS/bin/cl430" -vmspx --data_model=restricted -Ooff --use_hw_mpy=F5 --advice:power_severity=suppress --define=__MSP430F5529__ -g --gcc --printf_support=minimal --diag_warning=225 --display_error_number --abi=eabi --silicon_errata=CPU21 --silicon_errata=CPU22 --silicon_errata=CPU23 --silicon_errata=CPU40 -z -m"ece2049_demo_ccs91.map" --heap_size=160 --stack_size=160 --cinit_hold_wdt=on -i"C:/ti/ccs1200/ccs/ccs_base/msp430/include" -i"C:/Users/crinconrogers/Documents/Lab2_RinconRogers_Loughlin/ece2049_demo_ccs91/lib" -i"C:/ti/ccs1200/ccs/tools/compiler/ti-cgt-msp430_21.6.0.LTS/lib" -i"C:/ti/ccs1200/ccs/tools/compiler/ti-cgt-msp430_21.6.0.LTS/include" -i"C:/ti/ccs1200/ccs/ccs_base/msp430/lib/5xx_6xx_FRxx" --reread_libs --warn_sections --xml_link_info="ece2049_demo_ccs91_linkInfo.xml" --use_hw_mpy=F5 --rom_model -o "ece2049_demo_ccs91.out" "./main.obj" "./peripherals.obj" "./LcdDriver/HAL_MSP_EXP430FR5529_Sharp96x96.obj" "./LcdDriver/Sharp96x96.obj" "./fonts/fontfixed6x8.obj" "./images/LPRocket_96x37.obj" "./images/TI_Logo_69x64.obj" "../lnk_msp430f5529.cmd" "../lib/grlib.lib"  -llibc.a -llibmath.a 
<Linking>
Finished building target: "ece2049_demo_ccs91.out"
 

**** Build Finished ****

**** Build of configuration Debug for project ece2049_demo_ccs91 ****

"C:\\ti\\ccs1200\\ccs\\utils\\bin\\gmake" -k all 
 
Building file: "../main.c"
Invoking: MSP430 Compiler
"C:/ti/ccs1200/ccs/tools/compiler/ti-cgt-msp430_21.6.0.LTS/bin/cl430" -vmspx --data_model=restricted -Ooff --use_hw_mpy=F5 --include_path="C:/ti/ccs1200/ccs/ccs_base/msp430/include" --include_path="C:/Users/crinconrogers/Documents/Lab2_RinconRogers_Loughlin/ece2049_demo_ccs91" --include_path="C:/Users/crinconrogers/Documents/Lab2_RinconRogers_Loughlin/ece2049_demo_ccs91/grlib" --include_path="C:/ti/ccs1200/ccs/tools/compiler/ti-cgt-msp430_21.6.0.LTS/include" --advice:power_severity=suppress --define=__MSP430F5529__ -g --gcc --printf_support=minimal --diag_warning=225 --display_error_number --abi=eabi --silicon_errata=CPU21 --silicon_errata=CPU22 --silicon_errata=CPU23 --silicon_errata=CPU40 --preproc_with_compile --preproc_dependency="main.d_raw"  "../main.c"
"../main.c", line 209: warning #225-D: function "displayTime" declared implicitly
"../main.c", line 222: warning #161-D: declaration is incompatible with previous "displayTime" (declared at line 209)
Finished building: "../main.c"
 
Building target: "ece2049_demo_ccs91.out"
Invoking: MSP430 Linker
"C:/ti/ccs1200/ccs/tools/compiler/ti-cgt-msp430_21.6.0.LTS/bin/cl430" -vmspx --data_model=restricted -Ooff --use_hw_mpy=F5 --advice:power_severity=suppress --define=__MSP430F5529__ -g --gcc --printf_support=minimal --diag_warning=225 --display_error_number --abi=eabi --silicon_errata=CPU21 --silicon_errata=CPU22 --silicon_errata=CPU23 --silicon_errata=CPU40 -z -m"ece2049_demo_ccs91.map" --heap_size=160 --stack_size=160 --cinit_hold_wdt=on -i"C:/ti/ccs1200/ccs/ccs_base/msp430/include" -i"C:/Users/crinconrogers/Documents/Lab2_RinconRogers_Loughlin/ece2049_demo_ccs91/lib" -i"C:/ti/ccs1200/ccs/tools/compiler/ti-cgt-msp430_21.6.0.LTS/lib" -i"C:/ti/ccs1200/ccs/tools/compiler/ti-cgt-msp430_21.6.0.LTS/include" -i"C:/ti/ccs1200/ccs/ccs_base/msp430/lib/5xx_6xx_FRxx" --reread_libs --warn_sections --xml_link_info="ece2049_demo_ccs91_linkInfo.xml" --use_hw_mpy=F5 --rom_model -o "ece2049_demo_ccs91.out" "./main.obj" "./peripherals.obj" "./LcdDriver/HAL_MSP_EXP430FR5529_Sharp96x96.obj" "./LcdDriver/Sharp96x96.obj" "./fonts/fontfixed6x8.obj" "./images/LPRocket_96x37.obj" "./images/TI_Logo_69x64.obj" "../lnk_msp430f5529.cmd" "../lib/grlib.lib"  -llibc.a -llibmath.a 
<Linking>
Finished building target: "ece2049_demo_ccs91.out"
 

**** Build Finished ****

**** Build of configuration Debug for project ece2049_demo_ccs91 ****

"C:\\ti\\ccs1200\\ccs\\utils\\bin\\gmake" -k all 
 
Building file: "../main.c"
Invoking: MSP430 Compiler
"C:/ti/ccs1200/ccs/tools/compiler/ti-cgt-msp430_21.6.0.LTS/bin/cl430" -vmspx --data_model=restricted -Ooff --use_hw_mpy=F5 --include_path="C:/ti/ccs1200/ccs/ccs_base/msp430/include" --include_path="C:/Users/crinconrogers/Documents/Lab2_RinconRogers_Loughlin/ece2049_demo_ccs91" --include_path="C:/Users/crinconrogers/Documents/Lab2_RinconRogers_Loughlin/ece2049_demo_ccs91/grlib" --include_path="C:/ti/ccs1200/ccs/tools/compiler/ti-cgt-msp430_21.6.0.LTS/include" --advice:power_severity=suppress --define=__MSP430F5529__ -g --gcc --printf_support=minimal --diag_warning=225 --display_error_number --abi=eabi --silicon_errata=CPU21 --silicon_errata=CPU22 --silicon_errata=CPU23 --silicon_errata=CPU40 --preproc_with_compile --preproc_dependency="main.d_raw"  "../main.c"
"../main.c", line 209: warning #225-D: function "displayTime" declared implicitly
"../main.c", line 222: warning #161-D: declaration is incompatible with previous "displayTime" (declared at line 209)
Finished building: "../main.c"
 
Building target: "ece2049_demo_ccs91.out"
Invoking: MSP430 Linker
"C:/ti/ccs1200/ccs/tools/compiler/ti-cgt-msp430_21.6.0.LTS/bin/cl430" -vmspx --data_model=restricted -Ooff --use_hw_mpy=F5 --advice:power_severity=suppress --define=__MSP430F5529__ -g --gcc --printf_support=minimal --diag_warning=225 --display_error_number --abi=eabi --silicon_errata=CPU21 --silicon_errata=CPU22 --silicon_errata=CPU23 --silicon_errata=CPU40 -z -m"ece2049_demo_ccs91.map" --heap_size=160 --stack_size=160 --cinit_hold_wdt=on -i"C:/ti/ccs1200/ccs/ccs_base/msp430/include" -i"C:/Users/crinconrogers/Documents/Lab2_RinconRogers_Loughlin/ece2049_demo_ccs91/lib" -i"C:/ti/ccs1200/ccs/tools/compiler/ti-cgt-msp430_21.6.0.LTS/lib" -i"C:/ti/ccs1200/ccs/tools/compiler/ti-cgt-msp430_21.6.0.LTS/include" -i"C:/ti/ccs1200/ccs/ccs_base/msp430/lib/5xx_6xx_FRxx" --reread_libs --warn_sections --xml_link_info="ece2049_demo_ccs91_linkInfo.xml" --use_hw_mpy=F5 --rom_model -o "ece2049_demo_ccs91.out" "./main.obj" "./peripherals.obj" "./LcdDriver/HAL_MSP_EXP430FR5529_Sharp96x96.obj" "./LcdDriver/Sharp96x96.obj" "./fonts/fontfixed6x8.obj" "./images/LPRocket_96x37.obj" "./images/TI_Logo_69x64.obj" "../lnk_msp430f5529.cmd" "../lib/grlib.lib"  -llibc.a -llibmath.a 
<Linking>
Finished building target: "ece2049_demo_ccs91.out"
 

**** Build Finished ****

**** Build of configuration Debug for project ece2049_demo_ccs91 ****

"C:\\ti\\ccs1200\\ccs\\utils\\bin\\gmake" -k all 
 
gmake: Nothing to be done for 'all'.

**** Build Finished ****

**** Build of configuration Debug for project ece2049_demo_ccs91 ****

"C:\\ti\\ccs1200\\ccs\\utils\\bin\\gmake" -k all 
 
Building file: "../peripherals.c"
Invoking: MSP430 Compiler
"C:/ti/ccs1200/ccs/tools/compiler/ti-cgt-msp430_21.6.0.LTS/bin/cl430" -vmspx --data_model=restricted -Ooff --use_hw_mpy=F5 --include_path="C:/ti/ccs1200/ccs/ccs_base/msp430/include" --include_path="C:/Users/crinconrogers/Documents/Lab2_RinconRogers_Loughlin/ece2049_demo_ccs91" --include_path="C:/Users/crinconrogers/Documents/Lab2_RinconRogers_Loughlin/ece2049_demo_ccs91/grlib" --include_path="C:/ti/ccs1200/ccs/tools/compiler/ti-cgt-msp430_21.6.0.LTS/include" --advice:power_severity=suppress --define=__MSP430F5529__ -g --gcc --printf_support=minimal --diag_warning=225 --display_error_number --abi=eabi --silicon_errata=CPU21 --silicon_errata=CPU22 --silicon_errata=CPU23 --silicon_errata=CPU40 --preproc_with_compile --preproc_dependency="peripherals.d_raw"  "../peripherals.c"
Finished building: "../peripherals.c"
 
Building target: "ece2049_demo_ccs91.out"
Invoking: MSP430 Linker
"C:/ti/ccs1200/ccs/tools/compiler/ti-cgt-msp430_21.6.0.LTS/bin/cl430" -vmspx --data_model=restricted -Ooff --use_hw_mpy=F5 --advice:power_severity=suppress --define=__MSP430F5529__ -g --gcc --printf_support=minimal --diag_warning=225 --display_error_number --abi=eabi --silicon_errata=CPU21 --silicon_errata=CPU22 --silicon_errata=CPU23 --silicon_errata=CPU40 -z -m"ece2049_demo_ccs91.map" --heap_size=160 --stack_size=160 --cinit_hold_wdt=on -i"C:/ti/ccs1200/ccs/ccs_base/msp430/include" -i"C:/Users/crinconrogers/Documents/Lab2_RinconRogers_Loughlin/ece2049_demo_ccs91/lib" -i"C:/ti/ccs1200/ccs/tools/compiler/ti-cgt-msp430_21.6.0.LTS/lib" -i"C:/ti/ccs1200/ccs/tools/compiler/ti-cgt-msp430_21.6.0.LTS/include" -i"C:/ti/ccs1200/ccs/ccs_base/msp430/lib/5xx_6xx_FRxx" --reread_libs --warn_sections --xml_link_info="ece2049_demo_ccs91_linkInfo.xml" --use_hw_mpy=F5 --rom_model -o "ece2049_demo_ccs91.out" "./main.obj" "./peripherals.obj" "./LcdDriver/HAL_MSP_EXP430FR5529_Sharp96x96.obj" "./LcdDriver/Sharp96x96.obj" "./fonts/fontfixed6x8.obj" "./images/LPRocket_96x37.obj" "./images/TI_Logo_69x64.obj" "../lnk_msp430f5529.cmd" "../lib/grlib.lib"  -llibc.a -llibmath.a 
<Linking>
Finished building target: "ece2049_demo_ccs91.out"
 

**** Build Finished ****

**** Build of configuration Debug for project ece2049_demo_ccs91 ****

"C:\\ti\\ccs1200\\ccs\\utils\\bin\\gmake" -k all 
 
Building file: "../main.c"
Invoking: MSP430 Compiler
"C:/ti/ccs1200/ccs/tools/compiler/ti-cgt-msp430_21.6.0.LTS/bin/cl430" -vmspx --data_model=restricted -Ooff --use_hw_mpy=F5 --include_path="C:/ti/ccs1200/ccs/ccs_base/msp430/include" --include_path="C:/Users/crinconrogers/Documents/Lab2_RinconRogers_Loughlin/ece2049_demo_ccs91" --include_path="C:/Users/crinconrogers/Documents/Lab2_RinconRogers_Loughlin/ece2049_demo_ccs91/grlib" --include_path="C:/ti/ccs1200/ccs/tools/compiler/ti-cgt-msp430_21.6.0.LTS/include" --advice:power_severity=suppress --define=__MSP430F5529__ -g --gcc --printf_support=minimal --diag_warning=225 --display_error_number --abi=eabi --silicon_errata=CPU21 --silicon_errata=CPU22 --silicon_errata=CPU23 --silicon_errata=CPU40 --preproc_with_compile --preproc_dependency="main.d_raw"  "../main.c"
 
>> Compilation failure
subdir_rules.mk:9: recipe for target 'main.obj' failed
"../main.c", line 22: warning #233-D: declaration is not visible outside of function
"../main.c", line 210: warning #225-D: function "displayTime" declared implicitly
"../main.c", line 223: warning #161-D: declaration is incompatible with previous "displayTime" (declared at line 210)
"../main.c", line 257: error #148: declaration is incompatible with "void playNote(struct Note)" (declared at line 22)
"../main.c", line 260: error #20: identifier "time" is undefined
"../main.c", line 261: warning #225-D: function "setBuzzerPitch" declared implicitly
2 errors detected in the compilation of "../main.c".
gmake: *** [main.obj] Error 1
Building file: "../peripherals.c"
Invoking: MSP430 Compiler
"C:/ti/ccs1200/ccs/tools/compiler/ti-cgt-msp430_21.6.0.LTS/bin/cl430" -vmspx --data_model=restricted -Ooff --use_hw_mpy=F5 --include_path="C:/ti/ccs1200/ccs/ccs_base/msp430/include" --include_path="C:/Users/crinconrogers/Documents/Lab2_RinconRogers_Loughlin/ece2049_demo_ccs91" --include_path="C:/Users/crinconrogers/Documents/Lab2_RinconRogers_Loughlin/ece2049_demo_ccs91/grlib" --include_path="C:/ti/ccs1200/ccs/tools/compiler/ti-cgt-msp430_21.6.0.LTS/include" --advice:power_severity=suppress --define=__MSP430F5529__ -g --gcc --printf_support=minimal --diag_warning=225 --display_error_number --abi=eabi --silicon_errata=CPU21 --silicon_errata=CPU22 --silicon_errata=CPU23 --silicon_errata=CPU40 --preproc_with_compile --preproc_dependency="peripherals.d_raw"  "../peripherals.c"
Finished building: "../peripherals.c"
 
gmake: Target 'all' not remade because of errors.

**** Build Finished ****

**** Build of configuration Debug for project ece2049_demo_ccs91 ****

"C:\\ti\\ccs1200\\ccs\\utils\\bin\\gmake" -k all 
 
Building file: "../main.c"
Invoking: MSP430 Compiler
"C:/ti/ccs1200/ccs/tools/compiler/ti-cgt-msp430_21.6.0.LTS/bin/cl430" -vmspx --data_model=restricted -Ooff --use_hw_mpy=F5 --include_path="C:/ti/ccs1200/ccs/ccs_base/msp430/include" --include_path="C:/Users/crinconrogers/Documents/Lab2_RinconRogers_Loughlin/ece2049_demo_ccs91" --include_path="C:/Users/crinconrogers/Documents/Lab2_RinconRogers_Loughlin/ece2049_demo_ccs91/grlib" --include_path="C:/ti/ccs1200/ccs/tools/compiler/ti-cgt-msp430_21.6.0.LTS/include" --advice:power_severity=suppress --define=__MSP430F5529__ -g --gcc --printf_support=minimal --diag_warning=225 --display_error_number --abi=eabi --silicon_errata=CPU21 --silicon_errata=CPU22 --silicon_errata=CPU23 --silicon_errata=CPU40 --preproc_with_compile --preproc_dependency="main.d_raw"  "../main.c"
 
>> Compilation failure
subdir_rules.mk:9: recipe for target 'main.obj' failed
"../main.c", line 209: warning #225-D: function "displayTime" declared implicitly
"../main.c", line 222: warning #161-D: declaration is incompatible with previous "displayTime" (declared at line 209)
"../main.c", line 259: error #20: identifier "time" is undefined
"../main.c", line 260: warning #225-D: function "setBuzzerPitch" declared implicitly
1 error detected in the compilation of "../main.c".
gmake: *** [main.obj] Error 1
gmake: Target 'all' not remade because of errors.

**** Build Finished ****

**** Build of configuration Debug for project ece2049_demo_ccs91 ****

"C:\\ti\\ccs1200\\ccs\\utils\\bin\\gmake" -k all 
 
Building file: "../main.c"
Invoking: MSP430 Compiler
"C:/ti/ccs1200/ccs/tools/compiler/ti-cgt-msp430_21.6.0.LTS/bin/cl430" -vmspx --data_model=restricted -Ooff --use_hw_mpy=F5 --include_path="C:/ti/ccs1200/ccs/ccs_base/msp430/include" --include_path="C:/Users/crinconrogers/Documents/Lab2_RinconRogers_Loughlin/ece2049_demo_ccs91" --include_path="C:/Users/crinconrogers/Documents/Lab2_RinconRogers_Loughlin/ece2049_demo_ccs91/grlib" --include_path="C:/ti/ccs1200/ccs/tools/compiler/ti-cgt-msp430_21.6.0.LTS/include" --advice:power_severity=suppress --define=__MSP430F5529__ -g --gcc --printf_support=minimal --diag_warning=225 --display_error_number --abi=eabi --silicon_errata=CPU21 --silicon_errata=CPU22 --silicon_errata=CPU23 --silicon_errata=CPU40 --preproc_with_compile --preproc_dependency="main.d_raw"  "../main.c"
 
>> Compilation failure
subdir_rules.mk:9: recipe for target 'main.obj' failed
"../main.c", line 207: warning #225-D: function "displayTime" declared implicitly
"../main.c", line 220: warning #161-D: declaration is incompatible with previous "displayTime" (declared at line 207)
"../main.c", line 243: error #20: identifier "time" is undefined
"../main.c", line 260: error #20: identifier "time" is undefined
"../main.c", line 261: warning #225-D: function "setBuzzerPitch" declared implicitly
2 errors detected in the compilation of "../main.c".
gmake: *** [main.obj] Error 1
gmake: Target 'all' not remade because of errors.

**** Build Finished ****

**** Build of configuration Debug for project ece2049_demo_ccs91 ****

"C:\\ti\\ccs1200\\ccs\\utils\\bin\\gmake" -k all 
 
Building file: "../main.c"
Invoking: MSP430 Compiler
"C:/ti/ccs1200/ccs/tools/compiler/ti-cgt-msp430_21.6.0.LTS/bin/cl430" -vmspx --data_model=restricted -Ooff --use_hw_mpy=F5 --include_path="C:/ti/ccs1200/ccs/ccs_base/msp430/include" --include_path="C:/Users/crinconrogers/Documents/Lab2_RinconRogers_Loughlin/ece2049_demo_ccs91" --include_path="C:/Users/crinconrogers/Documents/Lab2_RinconRogers_Loughlin/ece2049_demo_ccs91/grlib" --include_path="C:/ti/ccs1200/ccs/tools/compiler/ti-cgt-msp430_21.6.0.LTS/include" --advice:power_severity=suppress --define=__MSP430F5529__ -g --gcc --printf_support=minimal --diag_warning=225 --display_error_number --abi=eabi --silicon_errata=CPU21 --silicon_errata=CPU22 --silicon_errata=CPU23 --silicon_errata=CPU40 --preproc_with_compile --preproc_dependency="main.d_raw"  "../main.c"
"../main.c", line 208: warning #225-D: function "displayTime" declared implicitly
"../main.c", line 221: warning #161-D: declaration is incompatible with previous "displayTime" (declared at line 208)
"../main.c", line 262: warning #225-D: function "setBuzzerPitch" declared implicitly
Finished building: "../main.c"
 
Building target: "ece2049_demo_ccs91.out"
Invoking: MSP430 Linker
"C:/ti/ccs1200/ccs/tools/compiler/ti-cgt-msp430_21.6.0.LTS/bin/cl430" -vmspx --data_model=restricted -Ooff --use_hw_mpy=F5 --advice:power_severity=suppress --define=__MSP430F5529__ -g --gcc --printf_support=minimal --diag_warning=225 --display_error_number --abi=eabi --silicon_errata=CPU21 --silicon_errata=CPU22 --silicon_errata=CPU23 --silicon_errata=CPU40 -z -m"ece2049_demo_ccs91.map" --heap_size=160 --stack_size=160 --cinit_hold_wdt=on -i"C:/ti/ccs1200/ccs/ccs_base/msp430/include" -i"C:/Users/crinconrogers/Documents/Lab2_RinconRogers_Loughlin/ece2049_demo_ccs91/lib" -i"C:/ti/ccs1200/ccs/tools/compiler/ti-cgt-msp430_21.6.0.LTS/lib" -i"C:/ti/ccs1200/ccs/tools/compiler/ti-cgt-msp430_21.6.0.LTS/include" -i"C:/ti/ccs1200/ccs/ccs_base/msp430/lib/5xx_6xx_FRxx" --reread_libs --warn_sections --xml_link_info="ece2049_demo_ccs91_linkInfo.xml" --use_hw_mpy=F5 --rom_model -o "ece2049_demo_ccs91.out" "./main.obj" "./peripherals.obj" "./LcdDriver/HAL_MSP_EXP430FR5529_Sharp96x96.obj" "./LcdDriver/Sharp96x96.obj" "./fonts/fontfixed6x8.obj" "./images/LPRocket_96x37.obj" "./images/TI_Logo_69x64.obj" "../lnk_msp430f5529.cmd" "../lib/grlib.lib"  -llibc.a -llibmath.a 
<Linking>
Finished building target: "ece2049_demo_ccs91.out"
 

**** Build Finished ****

**** Build of configuration Debug for project ece2049_demo_ccs91 ****

"C:\\ti\\ccs1200\\ccs\\utils\\bin\\gmake" -k all 
 
Building file: "../main.c"
Invoking: MSP430 Compiler
"C:/ti/ccs1200/ccs/tools/compiler/ti-cgt-msp430_21.6.0.LTS/bin/cl430" -vmspx --data_model=restricted -Ooff --use_hw_mpy=F5 --include_path="C:/ti/ccs1200/ccs/ccs_base/msp430/include" --include_path="C:/Users/crinconrogers/Documents/Lab2_RinconRogers_Loughlin/ece2049_demo_ccs91" --include_path="C:/Users/crinconrogers/Documents/Lab2_RinconRogers_Loughlin/ece2049_demo_ccs91/grlib" --include_path="C:/ti/ccs1200/ccs/tools/compiler/ti-cgt-msp430_21.6.0.LTS/include" --advice:power_severity=suppress --define=__MSP430F5529__ -g --gcc --printf_support=minimal --diag_warning=225 --display_error_number --abi=eabi --silicon_errata=CPU21 --silicon_errata=CPU22 --silicon_errata=CPU23 --silicon_errata=CPU40 --preproc_with_compile --preproc_dependency="main.d_raw"  "../main.c"
"../main.c", line 208: warning #225-D: function "displayTime" declared implicitly
"../main.c", line 221: warning #161-D: declaration is incompatible with previous "displayTime" (declared at line 208)
"../main.c", line 263: warning #225-D: function "setBuzzerPitch" declared implicitly
Finished building: "../main.c"
 
Building target: "ece2049_demo_ccs91.out"
Invoking: MSP430 Linker
"C:/ti/ccs1200/ccs/tools/compiler/ti-cgt-msp430_21.6.0.LTS/bin/cl430" -vmspx --data_model=restricted -Ooff --use_hw_mpy=F5 --advice:power_severity=suppress --define=__MSP430F5529__ -g --gcc --printf_support=minimal --diag_warning=225 --display_error_number --abi=eabi --silicon_errata=CPU21 --silicon_errata=CPU22 --silicon_errata=CPU23 --silicon_errata=CPU40 -z -m"ece2049_demo_ccs91.map" --heap_size=160 --stack_size=160 --cinit_hold_wdt=on -i"C:/ti/ccs1200/ccs/ccs_base/msp430/include" -i"C:/Users/crinconrogers/Documents/Lab2_RinconRogers_Loughlin/ece2049_demo_ccs91/lib" -i"C:/ti/ccs1200/ccs/tools/compiler/ti-cgt-msp430_21.6.0.LTS/lib" -i"C:/ti/ccs1200/ccs/tools/compiler/ti-cgt-msp430_21.6.0.LTS/include" -i"C:/ti/ccs1200/ccs/ccs_base/msp430/lib/5xx_6xx_FRxx" --reread_libs --warn_sections --xml_link_info="ece2049_demo_ccs91_linkInfo.xml" --use_hw_mpy=F5 --rom_model -o "ece2049_demo_ccs91.out" "./main.obj" "./peripherals.obj" "./LcdDriver/HAL_MSP_EXP430FR5529_Sharp96x96.obj" "./LcdDriver/Sharp96x96.obj" "./fonts/fontfixed6x8.obj" "./images/LPRocket_96x37.obj" "./images/TI_Logo_69x64.obj" "../lnk_msp430f5529.cmd" "../lib/grlib.lib"  -llibc.a -llibmath.a 
<Linking>
Finished building target: "ece2049_demo_ccs91.out"
 

**** Build Finished ****

**** Build of configuration Debug for project ece2049_demo_ccs91 ****

"C:\\ti\\ccs1200\\ccs\\utils\\bin\\gmake" -k all 
 
Building file: "../main.c"
Invoking: MSP430 Compiler
"C:/ti/ccs1200/ccs/tools/compiler/ti-cgt-msp430_21.6.0.LTS/bin/cl430" -vmspx --data_model=restricted -Ooff --use_hw_mpy=F5 --include_path="C:/ti/ccs1200/ccs/ccs_base/msp430/include" --include_path="C:/Users/crinconrogers/Documents/Lab2_RinconRogers_Loughlin/ece2049_demo_ccs91" --include_path="C:/Users/crinconrogers/Documents/Lab2_RinconRogers_Loughlin/ece2049_demo_ccs91/grlib" --include_path="C:/ti/ccs1200/ccs/tools/compiler/ti-cgt-msp430_21.6.0.LTS/include" --advice:power_severity=suppress --define=__MSP430F5529__ -g --gcc --printf_support=minimal --diag_warning=225 --display_error_number --abi=eabi --silicon_errata=CPU21 --silicon_errata=CPU22 --silicon_errata=CPU23 --silicon_errata=CPU40 --preproc_with_compile --preproc_dependency="main.d_raw"  "../main.c"
"../main.c", line 202: warning #225-D: function "displayTime" declared implicitly
"../main.c", line 215: warning #161-D: declaration is incompatible with previous "displayTime" (declared at line 202)
"../main.c", line 257: warning #225-D: function "setBuzzerPitch" declared implicitly
Finished building: "../main.c"
 
Building file: "../notes.c"
Invoking: MSP430 Compiler
"C:/ti/ccs1200/ccs/tools/compiler/ti-cgt-msp430_21.6.0.LTS/bin/cl430" -vmspx --data_model=restricted -Ooff --use_hw_mpy=F5 --include_path="C:/ti/ccs1200/ccs/ccs_base/msp430/include" --include_path="C:/Users/crinconrogers/Documents/Lab2_RinconRogers_Loughlin/ece2049_demo_ccs91" --include_path="C:/Users/crinconrogers/Documents/Lab2_RinconRogers_Loughlin/ece2049_demo_ccs91/grlib" --include_path="C:/ti/ccs1200/ccs/tools/compiler/ti-cgt-msp430_21.6.0.LTS/include" --advice:power_severity=suppress --define=__MSP430F5529__ -g --gcc --printf_support=minimal --diag_warning=225 --display_error_number --abi=eabi --silicon_errata=CPU21 --silicon_errata=CPU22 --silicon_errata=CPU23 --silicon_errata=CPU40 --preproc_with_compile --preproc_dependency="notes.d_raw"  "../notes.c"
Finished building: "../notes.c"
 
Building target: "ece2049_demo_ccs91.out"
Invoking: MSP430 Linker
"C:/ti/ccs1200/ccs/tools/compiler/ti-cgt-msp430_21.6.0.LTS/bin/cl430" -vmspx --data_model=restricted -Ooff --use_hw_mpy=F5 --advice:power_severity=suppress --define=__MSP430F5529__ -g --gcc --printf_support=minimal --diag_warning=225 --display_error_number --abi=eabi --silicon_errata=CPU21 --silicon_errata=CPU22 --silicon_errata=CPU23 --silicon_errata=CPU40 -z -m"ece2049_demo_ccs91.map" --heap_size=160 --stack_size=160 --cinit_hold_wdt=on -i"C:/ti/ccs1200/ccs/ccs_base/msp430/include" -i"C:/Users/crinconrogers/Documents/Lab2_RinconRogers_Loughlin/ece2049_demo_ccs91/lib" -i"C:/ti/ccs1200/ccs/tools/compiler/ti-cgt-msp430_21.6.0.LTS/lib" -i"C:/ti/ccs1200/ccs/tools/compiler/ti-cgt-msp430_21.6.0.LTS/include" -i"C:/ti/ccs1200/ccs/ccs_base/msp430/lib/5xx_6xx_FRxx" --reread_libs --warn_sections --xml_link_info="ece2049_demo_ccs91_linkInfo.xml" --use_hw_mpy=F5 --rom_model -o "ece2049_demo_ccs91.out" "./main.obj" "./notes.obj" "./peripherals.obj" "./LcdDriver/HAL_MSP_EXP430FR5529_Sharp96x96.obj" "./LcdDriver/Sharp96x96.obj" "./fonts/fontfixed6x8.obj" "./images/LPRocket_96x37.obj" "./images/TI_Logo_69x64.obj" "../lnk_msp430f5529.cmd" "../lib/grlib.lib"  -llibc.a -llibmath.a 
<Linking>
Finished building target: "ece2049_demo_ccs91.out"
 

**** Build Finished ****

**** Build of configuration Debug for project ece2049_demo_ccs91 ****

"C:\\ti\\ccs1200\\ccs\\utils\\bin\\gmake" -k all 
 
Building file: "../main.c"
Invoking: MSP430 Compiler
"C:/ti/ccs1200/ccs/tools/compiler/ti-cgt-msp430_21.6.0.LTS/bin/cl430" -vmspx --data_model=restricted -Ooff --use_hw_mpy=F5 --include_path="C:/ti/ccs1200/ccs/ccs_base/msp430/include" --include_path="C:/Users/crinconrogers/Documents/Lab2_RinconRogers_Loughlin/ece2049_demo_ccs91" --include_path="C:/Users/crinconrogers/Documents/Lab2_RinconRogers_Loughlin/ece2049_demo_ccs91/grlib" --include_path="C:/ti/ccs1200/ccs/tools/compiler/ti-cgt-msp430_21.6.0.LTS/include" --advice:power_severity=suppress --define=__MSP430F5529__ -g --gcc --printf_support=minimal --diag_warning=225 --display_error_number --abi=eabi --silicon_errata=CPU21 --silicon_errata=CPU22 --silicon_errata=CPU23 --silicon_errata=CPU40 --preproc_with_compile --preproc_dependency="main.d_raw"  "../main.c"
 
>> Compilation failure
subdir_rules.mk:9: recipe for target 'main.obj' failed
"../main.c", line 101: error #20: identifier "confi" is undefined
"../main.c", line 103: error #66: expected a ";"
"../main.c", line 205: warning #225-D: function "displayTime" declared implicitly
"../main.c", line 218: warning #161-D: declaration is incompatible with previous "displayTime" (declared at line 205)
"../main.c", line 260: warning #225-D: function "setBuzzerPitch" declared implicitly
2 errors detected in the compilation of "../main.c".
gmake: *** [main.obj] Error 1
Building file: "../notes.c"
Invoking: MSP430 Compiler
"C:/ti/ccs1200/ccs/tools/compiler/ti-cgt-msp430_21.6.0.LTS/bin/cl430" -vmspx --data_model=restricted -Ooff --use_hw_mpy=F5 --include_path="C:/ti/ccs1200/ccs/ccs_base/msp430/include" --include_path="C:/Users/crinconrogers/Documents/Lab2_RinconRogers_Loughlin/ece2049_demo_ccs91" --include_path="C:/Users/crinconrogers/Documents/Lab2_RinconRogers_Loughlin/ece2049_demo_ccs91/grlib" --include_path="C:/ti/ccs1200/ccs/tools/compiler/ti-cgt-msp430_21.6.0.LTS/include" --advice:power_severity=suppress --define=__MSP430F5529__ -g --gcc --printf_support=minimal --diag_warning=225 --display_error_number --abi=eabi --silicon_errata=CPU21 --silicon_errata=CPU22 --silicon_errata=CPU23 --silicon_errata=CPU40 --preproc_with_compile --preproc_dependency="notes.d_raw"  "../notes.c"
Finished building: "../notes.c"
 
gmake: Target 'all' not remade because of errors.

**** Build Finished ****

**** Build of configuration Debug for project ece2049_demo_ccs91 ****

"C:\\ti\\ccs1200\\ccs\\utils\\bin\\gmake" -k all 
 
Building file: "../main.c"
Invoking: MSP430 Compiler
"C:/ti/ccs1200/ccs/tools/compiler/ti-cgt-msp430_21.6.0.LTS/bin/cl430" -vmspx --data_model=restricted -Ooff --use_hw_mpy=F5 --include_path="C:/ti/ccs1200/ccs/ccs_base/msp430/include" --include_path="C:/Users/crinconrogers/Documents/Lab2_RinconRogers_Loughlin/ece2049_demo_ccs91" --include_path="C:/Users/crinconrogers/Documents/Lab2_RinconRogers_Loughlin/ece2049_demo_ccs91/grlib" --include_path="C:/ti/ccs1200/ccs/tools/compiler/ti-cgt-msp430_21.6.0.LTS/include" --advice:power_severity=suppress --define=__MSP430F5529__ -g --gcc --printf_support=minimal --diag_warning=225 --display_error_number --abi=eabi --silicon_errata=CPU21 --silicon_errata=CPU22 --silicon_errata=CPU23 --silicon_errata=CPU40 --preproc_with_compile --preproc_dependency="main.d_raw"  "../main.c"
"../main.c", line 204: warning #225-D: function "displayTime" declared implicitly
"../main.c", line 217: warning #161-D: declaration is incompatible with previous "displayTime" (declared at line 204)
"../main.c", line 259: warning #225-D: function "setBuzzerPitch" declared implicitly
Finished building: "../main.c"
 
Building target: "ece2049_demo_ccs91.out"
Invoking: MSP430 Linker
"C:/ti/ccs1200/ccs/tools/compiler/ti-cgt-msp430_21.6.0.LTS/bin/cl430" -vmspx --data_model=restricted -Ooff --use_hw_mpy=F5 --advice:power_severity=suppress --define=__MSP430F5529__ -g --gcc --printf_support=minimal --diag_warning=225 --display_error_number --abi=eabi --silicon_errata=CPU21 --silicon_errata=CPU22 --silicon_errata=CPU23 --silicon_errata=CPU40 -z -m"ece2049_demo_ccs91.map" --heap_size=160 --stack_size=160 --cinit_hold_wdt=on -i"C:/ti/ccs1200/ccs/ccs_base/msp430/include" -i"C:/Users/crinconrogers/Documents/Lab2_RinconRogers_Loughlin/ece2049_demo_ccs91/lib" -i"C:/ti/ccs1200/ccs/tools/compiler/ti-cgt-msp430_21.6.0.LTS/lib" -i"C:/ti/ccs1200/ccs/tools/compiler/ti-cgt-msp430_21.6.0.LTS/include" -i"C:/ti/ccs1200/ccs/ccs_base/msp430/lib/5xx_6xx_FRxx" --reread_libs --warn_sections --xml_link_info="ece2049_demo_ccs91_linkInfo.xml" --use_hw_mpy=F5 --rom_model -o "ece2049_demo_ccs91.out" "./main.obj" "./notes.obj" "./peripherals.obj" "./LcdDriver/HAL_MSP_EXP430FR5529_Sharp96x96.obj" "./LcdDriver/Sharp96x96.obj" "./fonts/fontfixed6x8.obj" "./images/LPRocket_96x37.obj" "./images/TI_Logo_69x64.obj" "../lnk_msp430f5529.cmd" "../lib/grlib.lib"  -llibc.a -llibmath.a 
<Linking>
error #10056: symbol "initNotes" redefined: first defined in "./main.obj";
   redefined in "./notes.obj"
error #10010: errors encountered during linking; "ece2049_demo_ccs91.out" not
   built
 
>> Compilation failure
makefile:157: recipe for target 'ece2049_demo_ccs91.out' failed
gmake: *** [ece2049_demo_ccs91.out] Error 1
gmake: Target 'all' not remade because of errors.

**** Build Finished ****

**** Build of configuration Debug for project ece2049_demo_ccs91 ****

"C:\\ti\\ccs1200\\ccs\\utils\\bin\\gmake" -k all 
 
Building file: "../main.c"
Invoking: MSP430 Compiler
"C:/ti/ccs1200/ccs/tools/compiler/ti-cgt-msp430_21.6.0.LTS/bin/cl430" -vmspx --data_model=restricted -Ooff --use_hw_mpy=F5 --include_path="C:/ti/ccs1200/ccs/ccs_base/msp430/include" --include_path="C:/Users/crinconrogers/Documents/Lab2_RinconRogers_Loughlin/ece2049_demo_ccs91" --include_path="C:/Users/crinconrogers/Documents/Lab2_RinconRogers_Loughlin/ece2049_demo_ccs91/grlib" --include_path="C:/ti/ccs1200/ccs/tools/compiler/ti-cgt-msp430_21.6.0.LTS/include" --advice:power_severity=suppress --define=__MSP430F5529__ -g --gcc --printf_support=minimal --diag_warning=225 --display_error_number --abi=eabi --silicon_errata=CPU21 --silicon_errata=CPU22 --silicon_errata=CPU23 --silicon_errata=CPU40 --preproc_with_compile --preproc_dependency="main.d_raw"  "../main.c"
"../main.c", line 204: warning #225-D: function "displayTime" declared implicitly
"../main.c", line 217: warning #161-D: declaration is incompatible with previous "displayTime" (declared at line 204)
"../main.c", line 259: warning #225-D: function "setBuzzerPitch" declared implicitly
Finished building: "../main.c"
 
Building file: "../notes.c"
Invoking: MSP430 Compiler
"C:/ti/ccs1200/ccs/tools/compiler/ti-cgt-msp430_21.6.0.LTS/bin/cl430" -vmspx --data_model=restricted -Ooff --use_hw_mpy=F5 --include_path="C:/ti/ccs1200/ccs/ccs_base/msp430/include" --include_path="C:/Users/crinconrogers/Documents/Lab2_RinconRogers_Loughlin/ece2049_demo_ccs91" --include_path="C:/Users/crinconrogers/Documents/Lab2_RinconRogers_Loughlin/ece2049_demo_ccs91/grlib" --include_path="C:/ti/ccs1200/ccs/tools/compiler/ti-cgt-msp430_21.6.0.LTS/include" --advice:power_severity=suppress --define=__MSP430F5529__ -g --gcc --printf_support=minimal --diag_warning=225 --display_error_number --abi=eabi --silicon_errata=CPU21 --silicon_errata=CPU22 --silicon_errata=CPU23 --silicon_errata=CPU40 --preproc_with_compile --preproc_dependency="notes.d_raw"  "../notes.c"
Finished building: "../notes.c"
 
Building target: "ece2049_demo_ccs91.out"
Invoking: MSP430 Linker
"C:/ti/ccs1200/ccs/tools/compiler/ti-cgt-msp430_21.6.0.LTS/bin/cl430" -vmspx --data_model=restricted -Ooff --use_hw_mpy=F5 --advice:power_severity=suppress --define=__MSP430F5529__ -g --gcc --printf_support=minimal --diag_warning=225 --display_error_number --abi=eabi --silicon_errata=CPU21 --silicon_errata=CPU22 --silicon_errata=CPU23 --silicon_errata=CPU40 -z -m"ece2049_demo_ccs91.map" --heap_size=160 --stack_size=160 --cinit_hold_wdt=on -i"C:/ti/ccs1200/ccs/ccs_base/msp430/include" -i"C:/Users/crinconrogers/Documents/Lab2_RinconRogers_Loughlin/ece2049_demo_ccs91/lib" -i"C:/ti/ccs1200/ccs/tools/compiler/ti-cgt-msp430_21.6.0.LTS/lib" -i"C:/ti/ccs1200/ccs/tools/compiler/ti-cgt-msp430_21.6.0.LTS/include" -i"C:/ti/ccs1200/ccs/ccs_base/msp430/lib/5xx_6xx_FRxx" --reread_libs --warn_sections --xml_link_info="ece2049_demo_ccs91_linkInfo.xml" --use_hw_mpy=F5 --rom_model -o "ece2049_demo_ccs91.out" "./main.obj" "./notes.obj" "./peripherals.obj" "./LcdDriver/HAL_MSP_EXP430FR5529_Sharp96x96.obj" "./LcdDriver/Sharp96x96.obj" "./fonts/fontfixed6x8.obj" "./images/LPRocket_96x37.obj" "./images/TI_Logo_69x64.obj" "../lnk_msp430f5529.cmd" "../lib/grlib.lib"  -llibc.a -llibmath.a 
<Linking>
error #10056: symbol "initNotes" redefined: first defined in "./main.obj";
   redefined in "./notes.obj"
error #10010: errors encountered during linking; "ece2049_demo_ccs91.out" not
   built
 
>> Compilation failure
makefile:157: recipe for target 'ece2049_demo_ccs91.out' failed
gmake: *** [ece2049_demo_ccs91.out] Error 1
gmake: Target 'all' not remade because of errors.

**** Build Finished ****

**** Build of configuration Debug for project ece2049_demo_ccs91 ****

"C:\\ti\\ccs1200\\ccs\\utils\\bin\\gmake" -k all 
 
Building file: "../main.c"
Invoking: MSP430 Compiler
"C:/ti/ccs1200/ccs/tools/compiler/ti-cgt-msp430_21.6.0.LTS/bin/cl430" -vmspx --data_model=restricted -Ooff --use_hw_mpy=F5 --include_path="C:/ti/ccs1200/ccs/ccs_base/msp430/include" --include_path="C:/Users/crinconrogers/Documents/Lab2_RinconRogers_Loughlin/ece2049_demo_ccs91" --include_path="C:/Users/crinconrogers/Documents/Lab2_RinconRogers_Loughlin/ece2049_demo_ccs91/grlib" --include_path="C:/ti/ccs1200/ccs/tools/compiler/ti-cgt-msp430_21.6.0.LTS/include" --advice:power_severity=suppress --define=__MSP430F5529__ -g --gcc --printf_support=minimal --diag_warning=225 --display_error_number --abi=eabi --silicon_errata=CPU21 --silicon_errata=CPU22 --silicon_errata=CPU23 --silicon_errata=CPU40 --preproc_with_compile --preproc_dependency="main.d_raw"  "../main.c"
"../main.c", line 204: warning #225-D: function "displayTime" declared implicitly
"../main.c", line 217: warning #161-D: declaration is incompatible with previous "displayTime" (declared at line 204)
"../main.c", line 259: warning #225-D: function "setBuzzerPitch" declared implicitly
Finished building: "../main.c"
 
Building file: "../notes.c"
Invoking: MSP430 Compiler
"C:/ti/ccs1200/ccs/tools/compiler/ti-cgt-msp430_21.6.0.LTS/bin/cl430" -vmspx --data_model=restricted -Ooff --use_hw_mpy=F5 --include_path="C:/ti/ccs1200/ccs/ccs_base/msp430/include" --include_path="C:/Users/crinconrogers/Documents/Lab2_RinconRogers_Loughlin/ece2049_demo_ccs91" --include_path="C:/Users/crinconrogers/Documents/Lab2_RinconRogers_Loughlin/ece2049_demo_ccs91/grlib" --include_path="C:/ti/ccs1200/ccs/tools/compiler/ti-cgt-msp430_21.6.0.LTS/include" --advice:power_severity=suppress --define=__MSP430F5529__ -g --gcc --printf_support=minimal --diag_warning=225 --display_error_number --abi=eabi --silicon_errata=CPU21 --silicon_errata=CPU22 --silicon_errata=CPU23 --silicon_errata=CPU40 --preproc_with_compile --preproc_dependency="notes.d_raw"  "../notes.c"
Finished building: "../notes.c"
 
Building target: "ece2049_demo_ccs91.out"
Invoking: MSP430 Linker
"C:/ti/ccs1200/ccs/tools/compiler/ti-cgt-msp430_21.6.0.LTS/bin/cl430" -vmspx --data_model=restricted -Ooff --use_hw_mpy=F5 --advice:power_severity=suppress --define=__MSP430F5529__ -g --gcc --printf_support=minimal --diag_warning=225 --display_error_number --abi=eabi --silicon_errata=CPU21 --silicon_errata=CPU22 --silicon_errata=CPU23 --silicon_errata=CPU40 -z -m"ece2049_demo_ccs91.map" --heap_size=160 --stack_size=160 --cinit_hold_wdt=on -i"C:/ti/ccs1200/ccs/ccs_base/msp430/include" -i"C:/Users/crinconrogers/Documents/Lab2_RinconRogers_Loughlin/ece2049_demo_ccs91/lib" -i"C:/ti/ccs1200/ccs/tools/compiler/ti-cgt-msp430_21.6.0.LTS/lib" -i"C:/ti/ccs1200/ccs/tools/compiler/ti-cgt-msp430_21.6.0.LTS/include" -i"C:/ti/ccs1200/ccs/ccs_base/msp430/lib/5xx_6xx_FRxx" --reread_libs --warn_sections --xml_link_info="ece2049_demo_ccs91_linkInfo.xml" --use_hw_mpy=F5 --rom_model -o "ece2049_demo_ccs91.out" "./main.obj" "./notes.obj" "./peripherals.obj" "./LcdDriver/HAL_MSP_EXP430FR5529_Sharp96x96.obj" "./LcdDriver/Sharp96x96.obj" "./fonts/fontfixed6x8.obj" "./images/LPRocket_96x37.obj" "./images/TI_Logo_69x64.obj" "../lnk_msp430f5529.cmd" "../lib/grlib.lib"  -llibc.a -llibmath.a 
<Linking>
error #10056: symbol "initNotes" redefined: first defined in "./main.obj";
   redefined in "./notes.obj"
error #10010: errors encountered during linking; "ece2049_demo_ccs91.out" not
   built
 
>> Compilation failure
makefile:157: recipe for target 'ece2049_demo_ccs91.out' failed
gmake: *** [ece2049_demo_ccs91.out] Error 1
gmake: Target 'all' not remade because of errors.

**** Build Finished ****

**** Build of configuration Debug for project ece2049_demo_ccs91 ****

"C:\\ti\\ccs1200\\ccs\\utils\\bin\\gmake" -k all 
 
Building file: "../main.c"
Invoking: MSP430 Compiler
"C:/ti/ccs1200/ccs/tools/compiler/ti-cgt-msp430_21.6.0.LTS/bin/cl430" -vmspx --data_model=restricted -Ooff --use_hw_mpy=F5 --include_path="C:/ti/ccs1200/ccs/ccs_base/msp430/include" --include_path="C:/Users/crinconrogers/Documents/Lab2_RinconRogers_Loughlin/ece2049_demo_ccs91" --include_path="C:/Users/crinconrogers/Documents/Lab2_RinconRogers_Loughlin/ece2049_demo_ccs91/grlib" --include_path="C:/ti/ccs1200/ccs/tools/compiler/ti-cgt-msp430_21.6.0.LTS/include" --advice:power_severity=suppress --define=__MSP430F5529__ -g --gcc --printf_support=minimal --diag_warning=225 --display_error_number --abi=eabi --silicon_errata=CPU21 --silicon_errata=CPU22 --silicon_errata=CPU23 --silicon_errata=CPU40 --preproc_with_compile --preproc_dependency="main.d_raw"  "../main.c"
"../main.c", line 269: warning #225-D: function "displayTime" declared implicitly
"../main.c", line 282: warning #161-D: declaration is incompatible with previous "displayTime" (declared at line 269)
"../main.c", line 324: warning #225-D: function "setBuzzerPitch" declared implicitly
Finished building: "../main.c"
 
Building file: "../notes.c"
Invoking: MSP430 Compiler
"C:/ti/ccs1200/ccs/tools/compiler/ti-cgt-msp430_21.6.0.LTS/bin/cl430" -vmspx --data_model=restricted -Ooff --use_hw_mpy=F5 --include_path="C:/ti/ccs1200/ccs/ccs_base/msp430/include" --include_path="C:/Users/crinconrogers/Documents/Lab2_RinconRogers_Loughlin/ece2049_demo_ccs91" --include_path="C:/Users/crinconrogers/Documents/Lab2_RinconRogers_Loughlin/ece2049_demo_ccs91/grlib" --include_path="C:/ti/ccs1200/ccs/tools/compiler/ti-cgt-msp430_21.6.0.LTS/include" --advice:power_severity=suppress --define=__MSP430F5529__ -g --gcc --printf_support=minimal --diag_warning=225 --display_error_number --abi=eabi --silicon_errata=CPU21 --silicon_errata=CPU22 --silicon_errata=CPU23 --silicon_errata=CPU40 --preproc_with_compile --preproc_dependency="notes.d_raw"  "../notes.c"
Finished building: "../notes.c"
 
Building target: "ece2049_demo_ccs91.out"
Invoking: MSP430 Linker
"C:/ti/ccs1200/ccs/tools/compiler/ti-cgt-msp430_21.6.0.LTS/bin/cl430" -vmspx --data_model=restricted -Ooff --use_hw_mpy=F5 --advice:power_severity=suppress --define=__MSP430F5529__ -g --gcc --printf_support=minimal --diag_warning=225 --display_error_number --abi=eabi --silicon_errata=CPU21 --silicon_errata=CPU22 --silicon_errata=CPU23 --silicon_errata=CPU40 -z -m"ece2049_demo_ccs91.map" --heap_size=160 --stack_size=160 --cinit_hold_wdt=on -i"C:/ti/ccs1200/ccs/ccs_base/msp430/include" -i"C:/Users/crinconrogers/Documents/Lab2_RinconRogers_Loughlin/ece2049_demo_ccs91/lib" -i"C:/ti/ccs1200/ccs/tools/compiler/ti-cgt-msp430_21.6.0.LTS/lib" -i"C:/ti/ccs1200/ccs/tools/compiler/ti-cgt-msp430_21.6.0.LTS/include" -i"C:/ti/ccs1200/ccs/ccs_base/msp430/lib/5xx_6xx_FRxx" --reread_libs --warn_sections --xml_link_info="ece2049_demo_ccs91_linkInfo.xml" --use_hw_mpy=F5 --rom_model -o "ece2049_demo_ccs91.out" "./main.obj" "./notes.obj" "./peripherals.obj" "./LcdDriver/HAL_MSP_EXP430FR5529_Sharp96x96.obj" "./LcdDriver/Sharp96x96.obj" "./fonts/fontfixed6x8.obj" "./images/LPRocket_96x37.obj" "./images/TI_Logo_69x64.obj" "../lnk_msp430f5529.cmd" "../lib/grlib.lib"  -llibc.a -llibmath.a 
<Linking>
Finished building target: "ece2049_demo_ccs91.out"
 

**** Build Finished ****

**** Build of configuration Debug for project ece2049_demo_ccs91 ****

"C:\\ti\\ccs1200\\ccs\\utils\\bin\\gmake" -k all 
 
Building file: "../main.c"
Invoking: MSP430 Compiler
"C:/ti/ccs1200/ccs/tools/compiler/ti-cgt-msp430_21.6.0.LTS/bin/cl430" -vmspx --data_model=restricted -Ooff --use_hw_mpy=F5 --include_path="C:/ti/ccs1200/ccs/ccs_base/msp430/include" --include_path="C:/Users/crinconrogers/Documents/Lab2_RinconRogers_Loughlin/ece2049_demo_ccs91" --include_path="C:/Users/crinconrogers/Documents/Lab2_RinconRogers_Loughlin/ece2049_demo_ccs91/grlib" --include_path="C:/ti/ccs1200/ccs/tools/compiler/ti-cgt-msp430_21.6.0.LTS/include" --advice:power_severity=suppress --define=__MSP430F5529__ -g --gcc --printf_support=minimal --diag_warning=225 --display_error_number --abi=eabi --silicon_errata=CPU21 --silicon_errata=CPU22 --silicon_errata=CPU23 --silicon_errata=CPU40 --preproc_with_compile --preproc_dependency="main.d_raw"  "../main.c"
"../main.c", line 264: warning #225-D: function "displayTime" declared implicitly
"../main.c", line 277: warning #161-D: declaration is incompatible with previous "displayTime" (declared at line 264)
"../main.c", line 319: warning #225-D: function "setBuzzerPitch" declared implicitly
Finished building: "../main.c"
 
Building target: "ece2049_demo_ccs91.out"
Invoking: MSP430 Linker
"C:/ti/ccs1200/ccs/tools/compiler/ti-cgt-msp430_21.6.0.LTS/bin/cl430" -vmspx --data_model=restricted -Ooff --use_hw_mpy=F5 --advice:power_severity=suppress --define=__MSP430F5529__ -g --gcc --printf_support=minimal --diag_warning=225 --display_error_number --abi=eabi --silicon_errata=CPU21 --silicon_errata=CPU22 --silicon_errata=CPU23 --silicon_errata=CPU40 -z -m"ece2049_demo_ccs91.map" --heap_size=160 --stack_size=160 --cinit_hold_wdt=on -i"C:/ti/ccs1200/ccs/ccs_base/msp430/include" -i"C:/Users/crinconrogers/Documents/Lab2_RinconRogers_Loughlin/ece2049_demo_ccs91/lib" -i"C:/ti/ccs1200/ccs/tools/compiler/ti-cgt-msp430_21.6.0.LTS/lib" -i"C:/ti/ccs1200/ccs/tools/compiler/ti-cgt-msp430_21.6.0.LTS/include" -i"C:/ti/ccs1200/ccs/ccs_base/msp430/lib/5xx_6xx_FRxx" --reread_libs --warn_sections --xml_link_info="ece2049_demo_ccs91_linkInfo.xml" --use_hw_mpy=F5 --rom_model -o "ece2049_demo_ccs91.out" "./main.obj" "./notes.obj" "./peripherals.obj" "./LcdDriver/HAL_MSP_EXP430FR5529_Sharp96x96.obj" "./LcdDriver/Sharp96x96.obj" "./fonts/fontfixed6x8.obj" "./images/LPRocket_96x37.obj" "./images/TI_Logo_69x64.obj" "../lnk_msp430f5529.cmd" "../lib/grlib.lib"  -llibc.a -llibmath.a 
<Linking>
Finished building target: "ece2049_demo_ccs91.out"
 

**** Build Finished ****

**** Build of configuration Debug for project ece2049_demo_ccs91 ****

"C:\\ti\\ccs1200\\ccs\\utils\\bin\\gmake" -k all 
 
Building file: "../main.c"
Invoking: MSP430 Compiler
"C:/ti/ccs1200/ccs/tools/compiler/ti-cgt-msp430_21.6.0.LTS/bin/cl430" -vmspx --data_model=restricted -Ooff --use_hw_mpy=F5 --include_path="C:/ti/ccs1200/ccs/ccs_base/msp430/include" --include_path="C:/Users/crinconrogers/Documents/Lab2_RinconRogers_Loughlin/ece2049_demo_ccs91" --include_path="C:/Users/crinconrogers/Documents/Lab2_RinconRogers_Loughlin/ece2049_demo_ccs91/grlib" --include_path="C:/ti/ccs1200/ccs/tools/compiler/ti-cgt-msp430_21.6.0.LTS/include" --advice:power_severity=suppress --define=__MSP430F5529__ -g --gcc --printf_support=minimal --diag_warning=225 --display_error_number --abi=eabi --silicon_errata=CPU21 --silicon_errata=CPU22 --silicon_errata=CPU23 --silicon_errata=CPU40 --preproc_with_compile --preproc_dependency="main.d_raw"  "../main.c"
 
>> Compilation failure
subdir_rules.mk:9: recipe for target 'main.obj' failed
"../main.c", line 97: error #102: "playNote" has already been declared in the current scope
"../main.c", line 160: error #159: expression must be an integral constant expression
"../main.c", line 165: warning #128-D: expected a statement
"../main.c", line 267: warning #225-D: function "displayTime" declared implicitly
"../main.c", line 280: warning #161-D: declaration is incompatible with previous "displayTime" (declared at line 267)
"../main.c", line 322: warning #225-D: function "SetBuzzerPitch" declared implicitly
2 errors detected in the compilation of "../main.c".
gmake: *** [main.obj] Error 1
gmake: Target 'all' not remade because of errors.

**** Build Finished ****

**** Build of configuration Debug for project ece2049_demo_ccs91 ****

"C:\\ti\\ccs1200\\ccs\\utils\\bin\\gmake" -k all 
 
Building file: "../main.c"
Invoking: MSP430 Compiler
"C:/ti/ccs1200/ccs/tools/compiler/ti-cgt-msp430_21.6.0.LTS/bin/cl430" -vmspx --data_model=restricted -Ooff --use_hw_mpy=F5 --include_path="C:/ti/ccs1200/ccs/ccs_base/msp430/include" --include_path="C:/Users/crinconrogers/Documents/Lab2_RinconRogers_Loughlin/ece2049_demo_ccs91" --include_path="C:/Users/crinconrogers/Documents/Lab2_RinconRogers_Loughlin/ece2049_demo_ccs91/grlib" --include_path="C:/ti/ccs1200/ccs/tools/compiler/ti-cgt-msp430_21.6.0.LTS/include" --advice:power_severity=suppress --define=__MSP430F5529__ -g --gcc --printf_support=minimal --diag_warning=225 --display_error_number --abi=eabi --silicon_errata=CPU21 --silicon_errata=CPU22 --silicon_errata=CPU23 --silicon_errata=CPU40 --preproc_with_compile --preproc_dependency="main.d_raw"  "../main.c"
 
>> Compilation failure
subdir_rules.mk:9: recipe for target 'main.obj' failed
"../main.c", line 97: error #102: "playNote" has already been declared in the current scope
"../main.c", line 160: error #159: expression must be an integral constant expression
"../main.c", line 266: warning #225-D: function "displayTime" declared implicitly
"../main.c", line 279: warning #161-D: declaration is incompatible with previous "displayTime" (declared at line 266)
"../main.c", line 321: warning #225-D: function "SetBuzzerPitch" declared implicitly
2 errors detected in the compilation of "../main.c".
gmake: *** [main.obj] Error 1
gmake: Target 'all' not remade because of errors.

**** Build Finished ****

**** Build of configuration Debug for project ece2049_demo_ccs91 ****

"C:\\ti\\ccs1200\\ccs\\utils\\bin\\gmake" -k all 
 
Building file: "../main.c"
Invoking: MSP430 Compiler
"C:/ti/ccs1200/ccs/tools/compiler/ti-cgt-msp430_21.6.0.LTS/bin/cl430" -vmspx --data_model=restricted -Ooff --use_hw_mpy=F5 --include_path="C:/ti/ccs1200/ccs/ccs_base/msp430/include" --include_path="C:/Users/crinconrogers/Documents/Lab2_RinconRogers_Loughlin/ece2049_demo_ccs91" --include_path="C:/Users/crinconrogers/Documents/Lab2_RinconRogers_Loughlin/ece2049_demo_ccs91/grlib" --include_path="C:/ti/ccs1200/ccs/tools/compiler/ti-cgt-msp430_21.6.0.LTS/include" --advice:power_severity=suppress --define=__MSP430F5529__ -g --gcc --printf_support=minimal --diag_warning=225 --display_error_number --abi=eabi --silicon_errata=CPU21 --silicon_errata=CPU22 --silicon_errata=CPU23 --silicon_errata=CPU40 --preproc_with_compile --preproc_dependency="main.d_raw"  "../main.c"
"../main.c", line 266: warning #225-D: function "displayTime" declared implicitly
"../main.c", line 279: warning #161-D: declaration is incompatible with previous "displayTime" (declared at line 266)
"../main.c", line 321: warning #225-D: function "SetBuzzerPitch" declared implicitly
Finished building: "../main.c"
 
Building target: "ece2049_demo_ccs91.out"
Invoking: MSP430 Linker
"C:/ti/ccs1200/ccs/tools/compiler/ti-cgt-msp430_21.6.0.LTS/bin/cl430" -vmspx --data_model=restricted -Ooff --use_hw_mpy=F5 --advice:power_severity=suppress --define=__MSP430F5529__ -g --gcc --printf_support=minimal --diag_warning=225 --display_error_number --abi=eabi --silicon_errata=CPU21 --silicon_errata=CPU22 --silicon_errata=CPU23 --silicon_errata=CPU40 -z -m"ece2049_demo_ccs91.map" --heap_size=160 --stack_size=160 --cinit_hold_wdt=on -i"C:/ti/ccs1200/ccs/ccs_base/msp430/include" -i"C:/Users/crinconrogers/Documents/Lab2_RinconRogers_Loughlin/ece2049_demo_ccs91/lib" -i"C:/ti/ccs1200/ccs/tools/compiler/ti-cgt-msp430_21.6.0.LTS/lib" -i"C:/ti/ccs1200/ccs/tools/compiler/ti-cgt-msp430_21.6.0.LTS/include" -i"C:/ti/ccs1200/ccs/ccs_base/msp430/lib/5xx_6xx_FRxx" --reread_libs --warn_sections --xml_link_info="ece2049_demo_ccs91_linkInfo.xml" --use_hw_mpy=F5 --rom_model -o "ece2049_demo_ccs91.out" "./main.obj" "./notes.obj" "./peripherals.obj" "./LcdDriver/HAL_MSP_EXP430FR5529_Sharp96x96.obj" "./LcdDriver/Sharp96x96.obj" "./fonts/fontfixed6x8.obj" "./images/LPRocket_96x37.obj" "./images/TI_Logo_69x64.obj" "../lnk_msp430f5529.cmd" "../lib/grlib.lib"  -llibc.a -llibmath.a 
<Linking>
Finished building target: "ece2049_demo_ccs91.out"
 

**** Build Finished ****

**** Build of configuration Debug for project ece2049_demo_ccs91 ****

"C:\\ti\\ccs1200\\ccs\\utils\\bin\\gmake" -k all 
 
Building file: "../main.c"
Invoking: MSP430 Compiler
"C:/ti/ccs1200/ccs/tools/compiler/ti-cgt-msp430_21.6.0.LTS/bin/cl430" -vmspx --data_model=restricted -Ooff --use_hw_mpy=F5 --include_path="C:/ti/ccs1200/ccs/ccs_base/msp430/include" --include_path="C:/Users/crinconrogers/Documents/Lab2_RinconRogers_Loughlin/ece2049_demo_ccs91" --include_path="C:/Users/crinconrogers/Documents/Lab2_RinconRogers_Loughlin/ece2049_demo_ccs91/grlib" --include_path="C:/ti/ccs1200/ccs/tools/compiler/ti-cgt-msp430_21.6.0.LTS/include" --advice:power_severity=suppress --define=__MSP430F5529__ -g --gcc --printf_support=minimal --diag_warning=225 --display_error_number --abi=eabi --silicon_errata=CPU21 --silicon_errata=CPU22 --silicon_errata=CPU23 --silicon_errata=CPU40 --preproc_with_compile --preproc_dependency="main.d_raw"  "../main.c"
"../main.c", line 266: warning #225-D: function "displayTime" declared implicitly
"../main.c", line 279: warning #161-D: declaration is incompatible with previous "displayTime" (declared at line 266)
"../main.c", line 321: warning #225-D: function "SetBuzzerPitch" declared implicitly
Finished building: "../main.c"
 
Building target: "ece2049_demo_ccs91.out"
Invoking: MSP430 Linker
"C:/ti/ccs1200/ccs/tools/compiler/ti-cgt-msp430_21.6.0.LTS/bin/cl430" -vmspx --data_model=restricted -Ooff --use_hw_mpy=F5 --advice:power_severity=suppress --define=__MSP430F5529__ -g --gcc --printf_support=minimal --diag_warning=225 --display_error_number --abi=eabi --silicon_errata=CPU21 --silicon_errata=CPU22 --silicon_errata=CPU23 --silicon_errata=CPU40 -z -m"ece2049_demo_ccs91.map" --heap_size=160 --stack_size=160 --cinit_hold_wdt=on -i"C:/ti/ccs1200/ccs/ccs_base/msp430/include" -i"C:/Users/crinconrogers/Documents/Lab2_RinconRogers_Loughlin/ece2049_demo_ccs91/lib" -i"C:/ti/ccs1200/ccs/tools/compiler/ti-cgt-msp430_21.6.0.LTS/lib" -i"C:/ti/ccs1200/ccs/tools/compiler/ti-cgt-msp430_21.6.0.LTS/include" -i"C:/ti/ccs1200/ccs/ccs_base/msp430/lib/5xx_6xx_FRxx" --reread_libs --warn_sections --xml_link_info="ece2049_demo_ccs91_linkInfo.xml" --use_hw_mpy=F5 --rom_model -o "ece2049_demo_ccs91.out" "./main.obj" "./notes.obj" "./peripherals.obj" "./LcdDriver/HAL_MSP_EXP430FR5529_Sharp96x96.obj" "./LcdDriver/Sharp96x96.obj" "./fonts/fontfixed6x8.obj" "./images/LPRocket_96x37.obj" "./images/TI_Logo_69x64.obj" "../lnk_msp430f5529.cmd" "../lib/grlib.lib"  -llibc.a -llibmath.a 
<Linking>
Finished building target: "ece2049_demo_ccs91.out"
 

**** Build Finished ****

**** Build of configuration Debug for project ece2049_demo_ccs91 ****

"C:\\ti\\ccs1200\\ccs\\utils\\bin\\gmake" -k all 
 
gmake: Nothing to be done for 'all'.

**** Build Finished ****

**** Build of configuration Debug for project ece2049_demo_ccs91 ****

"C:\\ti\\ccs1200\\ccs\\utils\\bin\\gmake" -k all 
 
Building file: "../main.c"
Invoking: MSP430 Compiler
"C:/ti/ccs1200/ccs/tools/compiler/ti-cgt-msp430_21.6.0.LTS/bin/cl430" -vmspx --data_model=restricted -Ooff --use_hw_mpy=F5 --include_path="C:/ti/ccs1200/ccs/ccs_base/msp430/include" --include_path="C:/Users/crinconrogers/Documents/Lab2_RinconRogers_Loughlin/ece2049_demo_ccs91" --include_path="C:/Users/crinconrogers/Documents/Lab2_RinconRogers_Loughlin/ece2049_demo_ccs91/grlib" --include_path="C:/ti/ccs1200/ccs/tools/compiler/ti-cgt-msp430_21.6.0.LTS/include" --advice:power_severity=suppress --define=__MSP430F5529__ -g --gcc --printf_support=minimal --diag_warning=225 --display_error_number --abi=eabi --silicon_errata=CPU21 --silicon_errata=CPU22 --silicon_errata=CPU23 --silicon_errata=CPU40 --preproc_with_compile --preproc_dependency="main.d_raw"  "../main.c"
"../main.c", line 322: warning #225-D: function "SetBuzzerPitch" declared implicitly
Finished building: "../main.c"
 
Building target: "ece2049_demo_ccs91.out"
Invoking: MSP430 Linker
"C:/ti/ccs1200/ccs/tools/compiler/ti-cgt-msp430_21.6.0.LTS/bin/cl430" -vmspx --data_model=restricted -Ooff --use_hw_mpy=F5 --advice:power_severity=suppress --define=__MSP430F5529__ -g --gcc --printf_support=minimal --diag_warning=225 --display_error_number --abi=eabi --silicon_errata=CPU21 --silicon_errata=CPU22 --silicon_errata=CPU23 --silicon_errata=CPU40 -z -m"ece2049_demo_ccs91.map" --heap_size=160 --stack_size=160 --cinit_hold_wdt=on -i"C:/ti/ccs1200/ccs/ccs_base/msp430/include" -i"C:/Users/crinconrogers/Documents/Lab2_RinconRogers_Loughlin/ece2049_demo_ccs91/lib" -i"C:/ti/ccs1200/ccs/tools/compiler/ti-cgt-msp430_21.6.0.LTS/lib" -i"C:/ti/ccs1200/ccs/tools/compiler/ti-cgt-msp430_21.6.0.LTS/include" -i"C:/ti/ccs1200/ccs/ccs_base/msp430/lib/5xx_6xx_FRxx" --reread_libs --warn_sections --xml_link_info="ece2049_demo_ccs91_linkInfo.xml" --use_hw_mpy=F5 --rom_model -o "ece2049_demo_ccs91.out" "./main.obj" "./notes.obj" "./peripherals.obj" "./LcdDriver/HAL_MSP_EXP430FR5529_Sharp96x96.obj" "./LcdDriver/Sharp96x96.obj" "./fonts/fontfixed6x8.obj" "./images/LPRocket_96x37.obj" "./images/TI_Logo_69x64.obj" "../lnk_msp430f5529.cmd" "../lib/grlib.lib"  -llibc.a -llibmath.a 
<Linking>
Finished building target: "ece2049_demo_ccs91.out"
 

**** Build Finished ****

**** Build of configuration Debug for project ece2049_demo_ccs91 ****

"C:\\ti\\ccs1200\\ccs\\utils\\bin\\gmake" -k all 
 
Building file: "../main.c"
Invoking: MSP430 Compiler
"C:/ti/ccs1200/ccs/tools/compiler/ti-cgt-msp430_21.6.0.LTS/bin/cl430" -vmspx --data_model=restricted -Ooff --use_hw_mpy=F5 --include_path="C:/ti/ccs1200/ccs/ccs_base/msp430/include" --include_path="C:/Users/crinconrogers/Documents/Lab2_RinconRogers_Loughlin/ece2049_demo_ccs91" --include_path="C:/Users/crinconrogers/Documents/Lab2_RinconRogers_Loughlin/ece2049_demo_ccs91/grlib" --include_path="C:/ti/ccs1200/ccs/tools/compiler/ti-cgt-msp430_21.6.0.LTS/include" --advice:power_severity=suppress --define=__MSP430F5529__ -g --gcc --printf_support=minimal --diag_warning=225 --display_error_number --abi=eabi --silicon_errata=CPU21 --silicon_errata=CPU22 --silicon_errata=CPU23 --silicon_errata=CPU40 --preproc_with_compile --preproc_dependency="main.d_raw"  "../main.c"
"../main.c", line 322: warning #225-D: function "SetBuzzerPitch" declared implicitly
Finished building: "../main.c"
 
Building file: "../notes.c"
Invoking: MSP430 Compiler
"C:/ti/ccs1200/ccs/tools/compiler/ti-cgt-msp430_21.6.0.LTS/bin/cl430" -vmspx --data_model=restricted -Ooff --use_hw_mpy=F5 --include_path="C:/ti/ccs1200/ccs/ccs_base/msp430/include" --include_path="C:/Users/crinconrogers/Documents/Lab2_RinconRogers_Loughlin/ece2049_demo_ccs91" --include_path="C:/Users/crinconrogers/Documents/Lab2_RinconRogers_Loughlin/ece2049_demo_ccs91/grlib" --include_path="C:/ti/ccs1200/ccs/tools/compiler/ti-cgt-msp430_21.6.0.LTS/include" --advice:power_severity=suppress --define=__MSP430F5529__ -g --gcc --printf_support=minimal --diag_warning=225 --display_error_number --abi=eabi --silicon_errata=CPU21 --silicon_errata=CPU22 --silicon_errata=CPU23 --silicon_errata=CPU40 --preproc_with_compile --preproc_dependency="notes.d_raw"  "../notes.c"
Finished building: "../notes.c"
 
Building file: "../peripherals.c"
Invoking: MSP430 Compiler
"C:/ti/ccs1200/ccs/tools/compiler/ti-cgt-msp430_21.6.0.LTS/bin/cl430" -vmspx --data_model=restricted -Ooff --use_hw_mpy=F5 --include_path="C:/ti/ccs1200/ccs/ccs_base/msp430/include" --include_path="C:/Users/crinconrogers/Documents/Lab2_RinconRogers_Loughlin/ece2049_demo_ccs91" --include_path="C:/Users/crinconrogers/Documents/Lab2_RinconRogers_Loughlin/ece2049_demo_ccs91/grlib" --include_path="C:/ti/ccs1200/ccs/tools/compiler/ti-cgt-msp430_21.6.0.LTS/include" --advice:power_severity=suppress --define=__MSP430F5529__ -g --gcc --printf_support=minimal --diag_warning=225 --display_error_number --abi=eabi --silicon_errata=CPU21 --silicon_errata=CPU22 --silicon_errata=CPU23 --silicon_errata=CPU40 --preproc_with_compile --preproc_dependency="peripherals.d_raw"  "../peripherals.c"
Finished building: "../peripherals.c"
 
Building file: "../LcdDriver/HAL_MSP_EXP430FR5529_Sharp96x96.c"
Invoking: MSP430 Compiler
"C:/ti/ccs1200/ccs/tools/compiler/ti-cgt-msp430_21.6.0.LTS/bin/cl430" -vmspx --data_model=restricted -Ooff --use_hw_mpy=F5 --include_path="C:/ti/ccs1200/ccs/ccs_base/msp430/include" --include_path="C:/Users/crinconrogers/Documents/Lab2_RinconRogers_Loughlin/ece2049_demo_ccs91" --include_path="C:/Users/crinconrogers/Documents/Lab2_RinconRogers_Loughlin/ece2049_demo_ccs91/grlib" --include_path="C:/ti/ccs1200/ccs/tools/compiler/ti-cgt-msp430_21.6.0.LTS/include" --advice:power_severity=suppress --define=__MSP430F5529__ -g --gcc --printf_support=minimal --diag_warning=225 --display_error_number --abi=eabi --silicon_errata=CPU21 --silicon_errata=CPU22 --silicon_errata=CPU23 --silicon_errata=CPU40 --preproc_with_compile --preproc_dependency="LcdDriver/HAL_MSP_EXP430FR5529_Sharp96x96.d_raw" --obj_directory="LcdDriver"  "../LcdDriver/HAL_MSP_EXP430FR5529_Sharp96x96.c"
Finished building: "../LcdDriver/HAL_MSP_EXP430FR5529_Sharp96x96.c"
 
Building file: "../LcdDriver/Sharp96x96.c"
Invoking: MSP430 Compiler
"C:/ti/ccs1200/ccs/tools/compiler/ti-cgt-msp430_21.6.0.LTS/bin/cl430" -vmspx --data_model=restricted -Ooff --use_hw_mpy=F5 --include_path="C:/ti/ccs1200/ccs/ccs_base/msp430/include" --include_path="C:/Users/crinconrogers/Documents/Lab2_RinconRogers_Loughlin/ece2049_demo_ccs91" --include_path="C:/Users/crinconrogers/Documents/Lab2_RinconRogers_Loughlin/ece2049_demo_ccs91/grlib" --include_path="C:/ti/ccs1200/ccs/tools/compiler/ti-cgt-msp430_21.6.0.LTS/include" --advice:power_severity=suppress --define=__MSP430F5529__ -g --gcc --printf_support=minimal --diag_warning=225 --display_error_number --abi=eabi --silicon_errata=CPU21 --silicon_errata=CPU22 --silicon_errata=CPU23 --silicon_errata=CPU40 --preproc_with_compile --preproc_dependency="LcdDriver/Sharp96x96.d_raw" --obj_directory="LcdDriver"  "../LcdDriver/Sharp96x96.c"
Finished building: "../LcdDriver/Sharp96x96.c"
 
Building file: "../fonts/fontfixed6x8.c"
Invoking: MSP430 Compiler
"C:/ti/ccs1200/ccs/tools/compiler/ti-cgt-msp430_21.6.0.LTS/bin/cl430" -vmspx --data_model=restricted -Ooff --use_hw_mpy=F5 --include_path="C:/ti/ccs1200/ccs/ccs_base/msp430/include" --include_path="C:/Users/crinconrogers/Documents/Lab2_RinconRogers_Loughlin/ece2049_demo_ccs91" --include_path="C:/Users/crinconrogers/Documents/Lab2_RinconRogers_Loughlin/ece2049_demo_ccs91/grlib" --include_path="C:/ti/ccs1200/ccs/tools/compiler/ti-cgt-msp430_21.6.0.LTS/include" --advice:power_severity=suppress --define=__MSP430F5529__ -g --gcc --printf_support=minimal --diag_warning=225 --display_error_number --abi=eabi --silicon_errata=CPU21 --silicon_errata=CPU22 --silicon_errata=CPU23 --silicon_errata=CPU40 --preproc_with_compile --preproc_dependency="fonts/fontfixed6x8.d_raw" --obj_directory="fonts"  "../fonts/fontfixed6x8.c"
Finished building: "../fonts/fontfixed6x8.c"
 
Building file: "../images/LPRocket_96x37.c"
Invoking: MSP430 Compiler
"C:/ti/ccs1200/ccs/tools/compiler/ti-cgt-msp430_21.6.0.LTS/bin/cl430" -vmspx --data_model=restricted -Ooff --use_hw_mpy=F5 --include_path="C:/ti/ccs1200/ccs/ccs_base/msp430/include" --include_path="C:/Users/crinconrogers/Documents/Lab2_RinconRogers_Loughlin/ece2049_demo_ccs91" --include_path="C:/Users/crinconrogers/Documents/Lab2_RinconRogers_Loughlin/ece2049_demo_ccs91/grlib" --include_path="C:/ti/ccs1200/ccs/tools/compiler/ti-cgt-msp430_21.6.0.LTS/include" --advice:power_severity=suppress --define=__MSP430F5529__ -g --gcc --printf_support=minimal --diag_warning=225 --display_error_number --abi=eabi --silicon_errata=CPU21 --silicon_errata=CPU22 --silicon_errata=CPU23 --silicon_errata=CPU40 --preproc_with_compile --preproc_dependency="images/LPRocket_96x37.d_raw" --obj_directory="images"  "../images/LPRocket_96x37.c"
Finished building: "../images/LPRocket_96x37.c"
 
Building file: "../images/TI_Logo_69x64.c"
Invoking: MSP430 Compiler
"C:/ti/ccs1200/ccs/tools/compiler/ti-cgt-msp430_21.6.0.LTS/bin/cl430" -vmspx --data_model=restricted -Ooff --use_hw_mpy=F5 --include_path="C:/ti/ccs1200/ccs/ccs_base/msp430/include" --include_path="C:/Users/crinconrogers/Documents/Lab2_RinconRogers_Loughlin/ece2049_demo_ccs91" --include_path="C:/Users/crinconrogers/Documents/Lab2_RinconRogers_Loughlin/ece2049_demo_ccs91/grlib" --include_path="C:/ti/ccs1200/ccs/tools/compiler/ti-cgt-msp430_21.6.0.LTS/include" --advice:power_severity=suppress --define=__MSP430F5529__ -g --gcc --printf_support=minimal --diag_warning=225 --display_error_number --abi=eabi --silicon_errata=CPU21 --silicon_errata=CPU22 --silicon_errata=CPU23 --silicon_errata=CPU40 --preproc_with_compile --preproc_dependency="images/TI_Logo_69x64.d_raw" --obj_directory="images"  "../images/TI_Logo_69x64.c"
Finished building: "../images/TI_Logo_69x64.c"
 
Building target: "ece2049_demo_ccs91.out"
Invoking: MSP430 Linker
"C:/ti/ccs1200/ccs/tools/compiler/ti-cgt-msp430_21.6.0.LTS/bin/cl430" -vmspx --data_model=restricted -Ooff --use_hw_mpy=F5 --advice:power_severity=suppress --define=__MSP430F5529__ -g --gcc --printf_support=minimal --diag_warning=225 --display_error_number --abi=eabi --silicon_errata=CPU21 --silicon_errata=CPU22 --silicon_errata=CPU23 --silicon_errata=CPU40 -z -m"ece2049_demo_ccs91.map" --heap_size=160 --stack_size=160 --cinit_hold_wdt=on -i"C:/ti/ccs1200/ccs/ccs_base/msp430/include" -i"C:/Users/crinconrogers/Documents/Lab2_RinconRogers_Loughlin/ece2049_demo_ccs91/lib" -i"C:/ti/ccs1200/ccs/tools/compiler/ti-cgt-msp430_21.6.0.LTS/lib" -i"C:/ti/ccs1200/ccs/tools/compiler/ti-cgt-msp430_21.6.0.LTS/include" -i"C:/ti/ccs1200/ccs/ccs_base/msp430/lib/5xx_6xx_FRxx" --reread_libs --warn_sections --xml_link_info="ece2049_demo_ccs91_linkInfo.xml" --use_hw_mpy=F5 --rom_model -o "ece2049_demo_ccs91.out" "./main.obj" "./notes.obj" "./peripherals.obj" "./LcdDriver/HAL_MSP_EXP430FR5529_Sharp96x96.obj" "./LcdDriver/Sharp96x96.obj" "./fonts/fontfixed6x8.obj" "./images/LPRocket_96x37.obj" "./images/TI_Logo_69x64.obj" "../lnk_msp430f5529.cmd" "../lib/grlib.lib"  -llibc.a -llibmath.a 
<Linking>
Finished building target: "ece2049_demo_ccs91.out"
 

**** Build Finished ****

**** Build of configuration Debug for project ece2049_demo_ccs91 ****

"C:\\ti\\ccs1200\\ccs\\utils\\bin\\gmake" -k all 
 
Building file: "../main.c"
Invoking: MSP430 Compiler
"C:/ti/ccs1200/ccs/tools/compiler/ti-cgt-msp430_21.6.0.LTS/bin/cl430" -vmspx --data_model=restricted -Ooff --use_hw_mpy=F5 --include_path="C:/ti/ccs1200/ccs/ccs_base/msp430/include" --include_path="C:/Users/crinconrogers/Documents/Lab2_RinconRogers_Loughlin/ece2049_demo_ccs91" --include_path="C:/Users/crinconrogers/Documents/Lab2_RinconRogers_Loughlin/ece2049_demo_ccs91/grlib" --include_path="C:/ti/ccs1200/ccs/tools/compiler/ti-cgt-msp430_21.6.0.LTS/include" --advice:power_severity=suppress --define=__MSP430F5529__ -g --gcc --printf_support=minimal --diag_warning=225 --display_error_number --abi=eabi --silicon_errata=CPU21 --silicon_errata=CPU22 --silicon_errata=CPU23 --silicon_errata=CPU40 --preproc_with_compile --preproc_dependency="main.d_raw"  "../main.c"
"../main.c", line 322: warning #225-D: function "SetBuzzerPitch" declared implicitly
Finished building: "../main.c"
 
Building target: "ece2049_demo_ccs91.out"
Invoking: MSP430 Linker
"C:/ti/ccs1200/ccs/tools/compiler/ti-cgt-msp430_21.6.0.LTS/bin/cl430" -vmspx --data_model=restricted -Ooff --use_hw_mpy=F5 --advice:power_severity=suppress --define=__MSP430F5529__ -g --gcc --printf_support=minimal --diag_warning=225 --display_error_number --abi=eabi --silicon_errata=CPU21 --silicon_errata=CPU22 --silicon_errata=CPU23 --silicon_errata=CPU40 -z -m"ece2049_demo_ccs91.map" --heap_size=160 --stack_size=160 --cinit_hold_wdt=on -i"C:/ti/ccs1200/ccs/ccs_base/msp430/include" -i"C:/Users/crinconrogers/Documents/Lab2_RinconRogers_Loughlin/ece2049_demo_ccs91/lib" -i"C:/ti/ccs1200/ccs/tools/compiler/ti-cgt-msp430_21.6.0.LTS/lib" -i"C:/ti/ccs1200/ccs/tools/compiler/ti-cgt-msp430_21.6.0.LTS/include" -i"C:/ti/ccs1200/ccs/ccs_base/msp430/lib/5xx_6xx_FRxx" --reread_libs --warn_sections --xml_link_info="ece2049_demo_ccs91_linkInfo.xml" --use_hw_mpy=F5 --rom_model -o "ece2049_demo_ccs91.out" "./main.obj" "./notes.obj" "./peripherals.obj" "./LcdDriver/HAL_MSP_EXP430FR5529_Sharp96x96.obj" "./LcdDriver/Sharp96x96.obj" "./fonts/fontfixed6x8.obj" "./images/LPRocket_96x37.obj" "./images/TI_Logo_69x64.obj" "../lnk_msp430f5529.cmd" "../lib/grlib.lib"  -llibc.a -llibmath.a 
<Linking>
Finished building target: "ece2049_demo_ccs91.out"
 

**** Build Finished ****

**** Build of configuration Debug for project ece2049_demo_ccs91 ****

"C:\\ti\\ccs1200\\ccs\\utils\\bin\\gmake" -k all 
 
gmake: Nothing to be done for 'all'.

**** Build Finished ****

**** Build of configuration Debug for project ece2049_demo_ccs91 ****

"C:\\ti\\ccs1200\\ccs\\utils\\bin\\gmake" -k all 
 
Building file: "../main.c"
Invoking: MSP430 Compiler
"C:/ti/ccs1200/ccs/tools/compiler/ti-cgt-msp430_21.6.0.LTS/bin/cl430" -vmspx --data_model=restricted -Ooff --use_hw_mpy=F5 --include_path="C:/ti/ccs1200/ccs/ccs_base/msp430/include" --include_path="C:/Users/crinconrogers/Documents/Lab2_RinconRogers_Loughlin/ece2049_demo_ccs91" --include_path="C:/Users/crinconrogers/Documents/Lab2_RinconRogers_Loughlin/ece2049_demo_ccs91/grlib" --include_path="C:/ti/ccs1200/ccs/tools/compiler/ti-cgt-msp430_21.6.0.LTS/include" --advice:power_severity=suppress --define=__MSP430F5529__ -g --gcc --printf_support=minimal --diag_warning=225 --display_error_number --abi=eabi --silicon_errata=CPU21 --silicon_errata=CPU22 --silicon_errata=CPU23 --silicon_errata=CPU40 --preproc_with_compile --preproc_dependency="main.d_raw"  "../main.c"
"../main.c", line 323: warning #225-D: function "SetBuzzerPitch" declared implicitly
Finished building: "../main.c"
 
Building target: "ece2049_demo_ccs91.out"
Invoking: MSP430 Linker
"C:/ti/ccs1200/ccs/tools/compiler/ti-cgt-msp430_21.6.0.LTS/bin/cl430" -vmspx --data_model=restricted -Ooff --use_hw_mpy=F5 --advice:power_severity=suppress --define=__MSP430F5529__ -g --gcc --printf_support=minimal --diag_warning=225 --display_error_number --abi=eabi --silicon_errata=CPU21 --silicon_errata=CPU22 --silicon_errata=CPU23 --silicon_errata=CPU40 -z -m"ece2049_demo_ccs91.map" --heap_size=160 --stack_size=160 --cinit_hold_wdt=on -i"C:/ti/ccs1200/ccs/ccs_base/msp430/include" -i"C:/Users/crinconrogers/Documents/Lab2_RinconRogers_Loughlin/ece2049_demo_ccs91/lib" -i"C:/ti/ccs1200/ccs/tools/compiler/ti-cgt-msp430_21.6.0.LTS/lib" -i"C:/ti/ccs1200/ccs/tools/compiler/ti-cgt-msp430_21.6.0.LTS/include" -i"C:/ti/ccs1200/ccs/ccs_base/msp430/lib/5xx_6xx_FRxx" --reread_libs --warn_sections --xml_link_info="ece2049_demo_ccs91_linkInfo.xml" --use_hw_mpy=F5 --rom_model -o "ece2049_demo_ccs91.out" "./main.obj" "./notes.obj" "./peripherals.obj" "./LcdDriver/HAL_MSP_EXP430FR5529_Sharp96x96.obj" "./LcdDriver/Sharp96x96.obj" "./fonts/fontfixed6x8.obj" "./images/LPRocket_96x37.obj" "./images/TI_Logo_69x64.obj" "../lnk_msp430f5529.cmd" "../lib/grlib.lib"  -llibc.a -llibmath.a 
<Linking>
Finished building target: "ece2049_demo_ccs91.out"
 

**** Build Finished ****

**** Build of configuration Debug for project ece2049_demo_ccs91 ****

"C:\\ti\\ccs1200\\ccs\\utils\\bin\\gmake" -k all 
 
Building file: "../main.c"
Invoking: MSP430 Compiler
"C:/ti/ccs1200/ccs/tools/compiler/ti-cgt-msp430_21.6.0.LTS/bin/cl430" -vmspx --data_model=restricted -Ooff --use_hw_mpy=F5 --include_path="C:/ti/ccs1200/ccs/ccs_base/msp430/include" --include_path="C:/Users/crinconrogers/Documents/Lab2_RinconRogers_Loughlin/ece2049_demo_ccs91" --include_path="C:/Users/crinconrogers/Documents/Lab2_RinconRogers_Loughlin/ece2049_demo_ccs91/grlib" --include_path="C:/ti/ccs1200/ccs/tools/compiler/ti-cgt-msp430_21.6.0.LTS/include" --advice:power_severity=suppress --define=__MSP430F5529__ -g --gcc --printf_support=minimal --diag_warning=225 --display_error_number --abi=eabi --silicon_errata=CPU21 --silicon_errata=CPU22 --silicon_errata=CPU23 --silicon_errata=CPU40 --preproc_with_compile --preproc_dependency="main.d_raw"  "../main.c"
"../main.c", line 325: warning #225-D: function "SetBuzzerPitch" declared implicitly
Finished building: "../main.c"
 
Building target: "ece2049_demo_ccs91.out"
Invoking: MSP430 Linker
"C:/ti/ccs1200/ccs/tools/compiler/ti-cgt-msp430_21.6.0.LTS/bin/cl430" -vmspx --data_model=restricted -Ooff --use_hw_mpy=F5 --advice:power_severity=suppress --define=__MSP430F5529__ -g --gcc --printf_support=minimal --diag_warning=225 --display_error_number --abi=eabi --silicon_errata=CPU21 --silicon_errata=CPU22 --silicon_errata=CPU23 --silicon_errata=CPU40 -z -m"ece2049_demo_ccs91.map" --heap_size=160 --stack_size=160 --cinit_hold_wdt=on -i"C:/ti/ccs1200/ccs/ccs_base/msp430/include" -i"C:/Users/crinconrogers/Documents/Lab2_RinconRogers_Loughlin/ece2049_demo_ccs91/lib" -i"C:/ti/ccs1200/ccs/tools/compiler/ti-cgt-msp430_21.6.0.LTS/lib" -i"C:/ti/ccs1200/ccs/tools/compiler/ti-cgt-msp430_21.6.0.LTS/include" -i"C:/ti/ccs1200/ccs/ccs_base/msp430/lib/5xx_6xx_FRxx" --reread_libs --warn_sections --xml_link_info="ece2049_demo_ccs91_linkInfo.xml" --use_hw_mpy=F5 --rom_model -o "ece2049_demo_ccs91.out" "./main.obj" "./notes.obj" "./peripherals.obj" "./LcdDriver/HAL_MSP_EXP430FR5529_Sharp96x96.obj" "./LcdDriver/Sharp96x96.obj" "./fonts/fontfixed6x8.obj" "./images/LPRocket_96x37.obj" "./images/TI_Logo_69x64.obj" "../lnk_msp430f5529.cmd" "../lib/grlib.lib"  -llibc.a -llibmath.a 
<Linking>
Finished building target: "ece2049_demo_ccs91.out"
 

**** Build Finished ****

**** Build of configuration Debug for project ece2049_demo_ccs91 ****

"C:\\ti\\ccs1200\\ccs\\utils\\bin\\gmake" -k all 
 
gmake: Nothing to be done for 'all'.

**** Build Finished ****

**** Build of configuration Debug for project ece2049_demo_ccs91 ****

"C:\\ti\\ccs1200\\ccs\\utils\\bin\\gmake" -k all 
 
gmake: Nothing to be done for 'all'.

**** Build Finished ****

**** Build of configuration Debug for project ece2049_demo_ccs91 ****

"C:\\ti\\ccs1200\\ccs\\utils\\bin\\gmake" -k all 
 
Building file: "../main.c"
Invoking: MSP430 Compiler
"C:/ti/ccs1200/ccs/tools/compiler/ti-cgt-msp430_21.6.0.LTS/bin/cl430" -vmspx --data_model=restricted -Ooff --use_hw_mpy=F5 --include_path="C:/ti/ccs1200/ccs/ccs_base/msp430/include" --include_path="C:/Users/crinconrogers/Documents/Lab2_RinconRogers_Loughlin/ece2049_demo_ccs91" --include_path="C:/Users/crinconrogers/Documents/Lab2_RinconRogers_Loughlin/ece2049_demo_ccs91/grlib" --include_path="C:/ti/ccs1200/ccs/tools/compiler/ti-cgt-msp430_21.6.0.LTS/include" --advice:power_severity=suppress --define=__MSP430F5529__ -g --gcc --printf_support=minimal --diag_warning=225 --display_error_number --abi=eabi --silicon_errata=CPU21 --silicon_errata=CPU22 --silicon_errata=CPU23 --silicon_errata=CPU40 --preproc_with_compile --preproc_dependency="main.d_raw"  "../main.c"
 
>> Compilation failure
subdir_rules.mk:9: recipe for target 'main.obj' failed
"../main.c", line 85: error #28: expression must have a constant value
"../main.c", line 85: error #28: expression must have a constant value
"../main.c", line 85: error #28: expression must have a constant value
"../main.c", line 85: error #28: expression must have a constant value
"../main.c", line 85: error #28: expression must have a constant value
"../main.c", line 85: error #28: expression must have a constant value
"../main.c", line 85: error #28: expression must have a constant value
"../main.c", line 85: error #28: expression must have a constant value
"../main.c", line 328: warning #225-D: function "SetBuzzerPitch" declared implicitly
8 errors detected in the compilation of "../main.c".
gmake: *** [main.obj] Error 1
gmake: Target 'all' not remade because of errors.

**** Build Finished ****

**** Build of configuration Debug for project ece2049_demo_ccs91 ****

"C:\\ti\\ccs1200\\ccs\\utils\\bin\\gmake" -k all 
 
Building file: "../main.c"
Invoking: MSP430 Compiler
"C:/ti/ccs1200/ccs/tools/compiler/ti-cgt-msp430_21.6.0.LTS/bin/cl430" -vmspx --data_model=restricted -Ooff --use_hw_mpy=F5 --include_path="C:/ti/ccs1200/ccs/ccs_base/msp430/include" --include_path="C:/Users/crinconrogers/Documents/Lab2_RinconRogers_Loughlin/ece2049_demo_ccs91" --include_path="C:/Users/crinconrogers/Documents/Lab2_RinconRogers_Loughlin/ece2049_demo_ccs91/grlib" --include_path="C:/ti/ccs1200/ccs/tools/compiler/ti-cgt-msp430_21.6.0.LTS/include" --advice:power_severity=suppress --define=__MSP430F5529__ -g --gcc --printf_support=minimal --diag_warning=225 --display_error_number --abi=eabi --silicon_errata=CPU21 --silicon_errata=CPU22 --silicon_errata=CPU23 --silicon_errata=CPU40 --preproc_with_compile --preproc_dependency="main.d_raw"  "../main.c"
"../main.c", line 328: warning #225-D: function "SetBuzzerPitch" declared implicitly
Finished building: "../main.c"
 
Building target: "ece2049_demo_ccs91.out"
Invoking: MSP430 Linker
"C:/ti/ccs1200/ccs/tools/compiler/ti-cgt-msp430_21.6.0.LTS/bin/cl430" -vmspx --data_model=restricted -Ooff --use_hw_mpy=F5 --advice:power_severity=suppress --define=__MSP430F5529__ -g --gcc --printf_support=minimal --diag_warning=225 --display_error_number --abi=eabi --silicon_errata=CPU21 --silicon_errata=CPU22 --silicon_errata=CPU23 --silicon_errata=CPU40 -z -m"ece2049_demo_ccs91.map" --heap_size=160 --stack_size=160 --cinit_hold_wdt=on -i"C:/ti/ccs1200/ccs/ccs_base/msp430/include" -i"C:/Users/crinconrogers/Documents/Lab2_RinconRogers_Loughlin/ece2049_demo_ccs91/lib" -i"C:/ti/ccs1200/ccs/tools/compiler/ti-cgt-msp430_21.6.0.LTS/lib" -i"C:/ti/ccs1200/ccs/tools/compiler/ti-cgt-msp430_21.6.0.LTS/include" -i"C:/ti/ccs1200/ccs/ccs_base/msp430/lib/5xx_6xx_FRxx" --reread_libs --warn_sections --xml_link_info="ece2049_demo_ccs91_linkInfo.xml" --use_hw_mpy=F5 --rom_model -o "ece2049_demo_ccs91.out" "./main.obj" "./notes.obj" "./peripherals.obj" "./LcdDriver/HAL_MSP_EXP430FR5529_Sharp96x96.obj" "./LcdDriver/Sharp96x96.obj" "./fonts/fontfixed6x8.obj" "./images/LPRocket_96x37.obj" "./images/TI_Logo_69x64.obj" "../lnk_msp430f5529.cmd" "../lib/grlib.lib"  -llibc.a -llibmath.a 
<Linking>
Finished building target: "ece2049_demo_ccs91.out"
 

**** Build Finished ****

**** Build of configuration Debug for project ece2049_demo_ccs91 ****

"C:\\ti\\ccs1200\\ccs\\utils\\bin\\gmake" -k all 
 
Building file: "../main.c"
Invoking: MSP430 Compiler
"C:/ti/ccs1200/ccs/tools/compiler/ti-cgt-msp430_21.6.0.LTS/bin/cl430" -vmspx --data_model=restricted -Ooff --use_hw_mpy=F5 --include_path="C:/ti/ccs1200/ccs/ccs_base/msp430/include" --include_path="C:/Users/crinconrogers/Documents/Lab2_RinconRogers_Loughlin/ece2049_demo_ccs91" --include_path="C:/Users/crinconrogers/Documents/Lab2_RinconRogers_Loughlin/ece2049_demo_ccs91/grlib" --include_path="C:/ti/ccs1200/ccs/tools/compiler/ti-cgt-msp430_21.6.0.LTS/include" --advice:power_severity=suppress --define=__MSP430F5529__ -g --gcc --printf_support=minimal --diag_warning=225 --display_error_number --abi=eabi --silicon_errata=CPU21 --silicon_errata=CPU22 --silicon_errata=CPU23 --silicon_errata=CPU40 --preproc_with_compile --preproc_dependency="main.d_raw"  "../main.c"
 
>> Compilation failure
subdir_rules.mk:9: recipe for target 'main.obj' failed
"../main.c", line 85: error #29: expected an expression
"../main.c", line 85: error #138: expression must be a modifiable lvalue
"../main.c", line 331: warning #225-D: function "SetBuzzerPitch" declared implicitly
2 errors detected in the compilation of "../main.c".
gmake: *** [main.obj] Error 1
gmake: Target 'all' not remade because of errors.

**** Build Finished ****

**** Build of configuration Debug for project ece2049_demo_ccs91 ****

"C:\\ti\\ccs1200\\ccs\\utils\\bin\\gmake" -k all 
 
Building file: "../main.c"
Invoking: MSP430 Compiler
"C:/ti/ccs1200/ccs/tools/compiler/ti-cgt-msp430_21.6.0.LTS/bin/cl430" -vmspx --data_model=restricted -Ooff --use_hw_mpy=F5 --include_path="C:/ti/ccs1200/ccs/ccs_base/msp430/include" --include_path="C:/Users/crinconrogers/Documents/Lab2_RinconRogers_Loughlin/ece2049_demo_ccs91" --include_path="C:/Users/crinconrogers/Documents/Lab2_RinconRogers_Loughlin/ece2049_demo_ccs91/grlib" --include_path="C:/ti/ccs1200/ccs/tools/compiler/ti-cgt-msp430_21.6.0.LTS/include" --advice:power_severity=suppress --define=__MSP430F5529__ -g --gcc --printf_support=minimal --diag_warning=225 --display_error_number --abi=eabi --silicon_errata=CPU21 --silicon_errata=CPU22 --silicon_errata=CPU23 --silicon_errata=CPU40 --preproc_with_compile --preproc_dependency="main.d_raw"  "../main.c"
 
>> Compilation failure
subdir_rules.mk:9: recipe for target 'main.obj' failed
"../main.c", line 85: error #29: expected an expression
"../main.c", line 85: warning #177-D: subscript out of range
"../main.c", line 331: warning #225-D: function "SetBuzzerPitch" declared implicitly
1 error detected in the compilation of "../main.c".
gmake: *** [main.obj] Error 1
gmake: Target 'all' not remade because of errors.

**** Build Finished ****

**** Build of configuration Debug for project ece2049_demo_ccs91 ****

"C:\\ti\\ccs1200\\ccs\\utils\\bin\\gmake" -k all 
 
Building file: "../main.c"
Invoking: MSP430 Compiler
"C:/ti/ccs1200/ccs/tools/compiler/ti-cgt-msp430_21.6.0.LTS/bin/cl430" -vmspx --data_model=restricted -Ooff --use_hw_mpy=F5 --include_path="C:/ti/ccs1200/ccs/ccs_base/msp430/include" --include_path="C:/Users/crinconrogers/Documents/Lab2_RinconRogers_Loughlin/ece2049_demo_ccs91" --include_path="C:/Users/crinconrogers/Documents/Lab2_RinconRogers_Loughlin/ece2049_demo_ccs91/grlib" --include_path="C:/ti/ccs1200/ccs/tools/compiler/ti-cgt-msp430_21.6.0.LTS/include" --advice:power_severity=suppress --define=__MSP430F5529__ -g --gcc --printf_support=minimal --diag_warning=225 --display_error_number --abi=eabi --silicon_errata=CPU21 --silicon_errata=CPU22 --silicon_errata=CPU23 --silicon_errata=CPU40 --preproc_with_compile --preproc_dependency="main.d_raw"  "../main.c"
 
>> Compilation failure
subdir_rules.mk:9: recipe for target 'main.obj' failed
"../main.c", line 42: warning #78-D: this declaration has no storage class or type specifier
"../main.c", line 42: error #148: declaration is incompatible with "struct Note NOTE1" (declared at line 39)
"../main.c", line 42: error #66: expected a ";"
"../main.c", line 43: warning #78-D: this declaration has no storage class or type specifier
"../main.c", line 43: error #148: declaration is incompatible with "struct Note NOTE1" (declared at line 42)
"../main.c", line 43: error #66: expected a ";"
"../main.c", line 44: warning #78-D: this declaration has no storage class or type specifier
"../main.c", line 44: error #148: declaration is incompatible with "struct Note NOTE1" (declared at line 43)
"../main.c", line 44: error #66: expected a ";"
"../main.c", line 47: warning #78-D: this declaration has no storage class or type specifier
"../main.c", line 47: error #148: declaration is incompatible with "struct Note NOTE2" (declared at line 39)
"../main.c", line 47: error #66: expected a ";"
"../main.c", line 48: warning #78-D: this declaration has no storage class or type specifier
"../main.c", line 48: error #148: declaration is incompatible with "struct Note NOTE2" (declared at line 47)
"../main.c", line 48: error #66: expected a ";"
"../main.c", line 49: warning #78-D: this declaration has no storage class or type specifier
"../main.c", line 49: error #148: declaration is incompatible with "struct Note NOTE2" (declared at line 48)
"../main.c", line 49: error #66: expected a ";"
"../main.c", line 52: warning #78-D: this declaration has no storage class or type specifier
"../main.c", line 52: error #148: declaration is incompatible with "struct Note NOTE3" (declared at line 39)
"../main.c", line 52: error #66: expected a ";"
"../main.c", line 53: warning #78-D: this declaration has no storage class or type specifier
"../main.c", line 53: error #148: declaration is incompatible with "struct Note NOTE3" (declared at line 52)
"../main.c", line 53: error #66: expected a ";"
"../main.c", line 54: warning #78-D: this declaration has no storage class or type specifier
"../main.c", line 54: error #148: declaration is incompatible with "struct Note NOTE3" (declared at line 53)
"../main.c", line 54: error #66: expected a ";"
"../main.c", line 57: warning #78-D: this declaration has no storage class or type specifier
"../main.c", line 57: error #148: declaration is incompatible with "struct Note NOTE4" (declared at line 39)
"../main.c", line 57: error #66: expected a ";"
"../main.c", line 58: warning #78-D: this declaration has no storage class or type specifier
"../main.c", line 58: error #148: declaration is incompatible with "struct Note NOTE4" (declared at line 57)
"../main.c", line 58: error #66: expected a ";"
"../main.c", line 59: warning #78-D: this declaration has no storage class or type specifier
"../main.c", line 59: error #148: declaration is incompatible with "struct Note NOTE4" (declared at line 58)
"../main.c", line 59: error #66: expected a ";"
"../main.c", line 62: warning #78-D: this declaration has no storage class or type specifier
"../main.c", line 62: error #148: declaration is incompatible with "struct Note NOTE5" (declared at line 39)
"../main.c", line 62: error #66: expected a ";"
"../main.c", line 63: warning #78-D: this declaration has no storage class or type specifier
"../main.c", line 63: error #148: declaration is incompatible with "struct Note NOTE5" (declared at line 62)
"../main.c", line 63: error #66: expected a ";"
"../main.c", line 64: warning #78-D: this declaration has no storage class or type specifier
"../main.c", line 64: error #148: declaration is incompatible with "struct Note NOTE5" (declared at line 63)
"../main.c", line 64: error #66: expected a ";"
"../main.c", line 67: warning #78-D: this declaration has no storage class or type specifier
"../main.c", line 67: error #148: declaration is incompatible with "struct Note NOTE6" (declared at line 39)
"../main.c", line 67: error #66: expected a ";"
"../main.c", line 68: warning #78-D: this declaration has no storage class or type specifier
"../main.c", line 68: error #148: declaration is incompatible with "struct Note NOTE6" (declared at line 67)
"../main.c", line 68: error #66: expected a ";"
"../main.c", line 69: warning #78-D: this declaration has no storage class or type specifier
"../main.c", line 69: error #148: declaration is incompatible with "struct Note NOTE6" (declared at line 68)
"../main.c", line 69: error #66: expected a ";"
"../main.c", line 72: warning #78-D: this declaration has no storage class or type specifier
"../main.c", line 72: error #148: declaration is incompatible with "struct Note NOTE7" (declared at line 39)
"../main.c", line 72: error #66: expected a ";"
"../main.c", line 73: warning #78-D: this declaration has no storage class or type specifier
"../main.c", line 73: error #148: declaration is incompatible with "struct Note NOTE7" (declared at line 72)
"../main.c", line 73: error #66: expected a ";"
"../main.c", line 74: warning #78-D: this declaration has no storage class or type specifier
"../main.c", line 74: error #148: declaration is incompatible with "struct Note NOTE7" (declared at line 73)
"../main.c", line 74: error #66: expected a ";"
"../main.c", line 77: warning #78-D: this declaration has no storage class or type specifier
"../main.c", line 77: error #148: declaration is incompatible with "struct Note NOTE8" (declared at line 39)
"../main.c", line 77: error #66: expected a ";"
"../main.c", line 78: warning #78-D: this declaration has no storage class or type specifier
"../main.c", line 78: error #148: declaration is incompatible with "struct Note NOTE8" (declared at line 77)
"../main.c", line 78: error #66: expected a ";"
"../main.c", line 79: warning #78-D: this declaration has no storage class or type specifier
"../main.c", line 79: error #148: declaration is incompatible with "struct Note NOTE8" (declared at line 78)
"../main.c", line 79: error #66: expected a ";"
"../main.c", line 82: error #28: expression must have a constant value
"../main.c", line 82: error #28: expression must have a constant value
"../main.c", line 82: error #28: expression must have a constant value
"../main.c", line 82: error #28: expression must have a constant value
"../main.c", line 82: error #28: expression must have a constant value
"../main.c", line 82: error #28: expression must have a constant value
"../main.c", line 82: error #28: expression must have a constant value
"../main.c", line 82: error #28: expression must have a constant value
"../main.c", line 325: warning #225-D: function "SetBuzzerPitch" declared implicitly
56 errors detected in the compilation of "../main.c".
gmake: *** [main.obj] Error 1
gmake: Target 'all' not remade because of errors.

**** Build Finished ****

**** Build of configuration Debug for project ece2049_demo_ccs91 ****

"C:\\ti\\ccs1200\\ccs\\utils\\bin\\gmake" -k all 
 
Building file: "../main.c"
Invoking: MSP430 Compiler
"C:/ti/ccs1200/ccs/tools/compiler/ti-cgt-msp430_21.6.0.LTS/bin/cl430" -vmspx --data_model=restricted -Ooff --use_hw_mpy=F5 --include_path="C:/ti/ccs1200/ccs/ccs_base/msp430/include" --include_path="C:/Users/crinconrogers/Documents/Lab2_RinconRogers_Loughlin/ece2049_demo_ccs91" --include_path="C:/Users/crinconrogers/Documents/Lab2_RinconRogers_Loughlin/ece2049_demo_ccs91/grlib" --include_path="C:/ti/ccs1200/ccs/tools/compiler/ti-cgt-msp430_21.6.0.LTS/include" --advice:power_severity=suppress --define=__MSP430F5529__ -g --gcc --printf_support=minimal --diag_warning=225 --display_error_number --abi=eabi --silicon_errata=CPU21 --silicon_errata=CPU22 --silicon_errata=CPU23 --silicon_errata=CPU40 --preproc_with_compile --preproc_dependency="main.d_raw"  "../main.c"
"../main.c", line 128: warning #179-D: variable "arr_note" was declared but never referenced
"../main.c", line 328: warning #225-D: function "SetBuzzerPitch" declared implicitly
Finished building: "../main.c"
 
Building target: "ece2049_demo_ccs91.out"
Invoking: MSP430 Linker
"C:/ti/ccs1200/ccs/tools/compiler/ti-cgt-msp430_21.6.0.LTS/bin/cl430" -vmspx --data_model=restricted -Ooff --use_hw_mpy=F5 --advice:power_severity=suppress --define=__MSP430F5529__ -g --gcc --printf_support=minimal --diag_warning=225 --display_error_number --abi=eabi --silicon_errata=CPU21 --silicon_errata=CPU22 --silicon_errata=CPU23 --silicon_errata=CPU40 -z -m"ece2049_demo_ccs91.map" --heap_size=160 --stack_size=160 --cinit_hold_wdt=on -i"C:/ti/ccs1200/ccs/ccs_base/msp430/include" -i"C:/Users/crinconrogers/Documents/Lab2_RinconRogers_Loughlin/ece2049_demo_ccs91/lib" -i"C:/ti/ccs1200/ccs/tools/compiler/ti-cgt-msp430_21.6.0.LTS/lib" -i"C:/ti/ccs1200/ccs/tools/compiler/ti-cgt-msp430_21.6.0.LTS/include" -i"C:/ti/ccs1200/ccs/ccs_base/msp430/lib/5xx_6xx_FRxx" --reread_libs --warn_sections --xml_link_info="ece2049_demo_ccs91_linkInfo.xml" --use_hw_mpy=F5 --rom_model -o "ece2049_demo_ccs91.out" "./main.obj" "./notes.obj" "./peripherals.obj" "./LcdDriver/HAL_MSP_EXP430FR5529_Sharp96x96.obj" "./LcdDriver/Sharp96x96.obj" "./fonts/fontfixed6x8.obj" "./images/LPRocket_96x37.obj" "./images/TI_Logo_69x64.obj" "../lnk_msp430f5529.cmd" "../lib/grlib.lib"  -llibc.a -llibmath.a 
<Linking>
Finished building target: "ece2049_demo_ccs91.out"
 

**** Build Finished ****

**** Build of configuration Debug for project ece2049_demo_ccs91 ****

"C:\\ti\\ccs1200\\ccs\\utils\\bin\\gmake" -k all 
 
Building file: "../main.c"
Invoking: MSP430 Compiler
"C:/ti/ccs1200/ccs/tools/compiler/ti-cgt-msp430_21.6.0.LTS/bin/cl430" -vmspx --data_model=restricted -Ooff --use_hw_mpy=F5 --include_path="C:/ti/ccs1200/ccs/ccs_base/msp430/include" --include_path="C:/Users/crinconrogers/Documents/Lab2_RinconRogers_Loughlin/ece2049_demo_ccs91" --include_path="C:/Users/crinconrogers/Documents/Lab2_RinconRogers_Loughlin/ece2049_demo_ccs91/grlib" --include_path="C:/ti/ccs1200/ccs/tools/compiler/ti-cgt-msp430_21.6.0.LTS/include" --advice:power_severity=suppress --define=__MSP430F5529__ -g --gcc --printf_support=minimal --diag_warning=225 --display_error_number --abi=eabi --silicon_errata=CPU21 --silicon_errata=CPU22 --silicon_errata=CPU23 --silicon_errata=CPU40 --preproc_with_compile --preproc_dependency="main.d_raw"  "../main.c"
 
>> Compilation failure
subdir_rules.mk:9: recipe for target 'main.obj' failed
"../main.c", line 169: error #169: argument of type "unsigned int" is incompatible with parameter of type "struct Note"
"../main.c", line 129: warning #179-D: variable "arr_note" was declared but never referenced
"../main.c", line 330: warning #225-D: function "SetBuzzerPitch" declared implicitly
1 error detected in the compilation of "../main.c".
gmake: *** [main.obj] Error 1
gmake: Target 'all' not remade because of errors.

**** Build Finished ****

**** Build of configuration Debug for project ece2049_demo_ccs91 ****

"C:\\ti\\ccs1200\\ccs\\utils\\bin\\gmake" -k all 
 
Building file: "../main.c"
Invoking: MSP430 Compiler
"C:/ti/ccs1200/ccs/tools/compiler/ti-cgt-msp430_21.6.0.LTS/bin/cl430" -vmspx --data_model=restricted -Ooff --use_hw_mpy=F5 --include_path="C:/ti/ccs1200/ccs/ccs_base/msp430/include" --include_path="C:/Users/crinconrogers/Documents/Lab2_RinconRogers_Loughlin/ece2049_demo_ccs91" --include_path="C:/Users/crinconrogers/Documents/Lab2_RinconRogers_Loughlin/ece2049_demo_ccs91/grlib" --include_path="C:/ti/ccs1200/ccs/tools/compiler/ti-cgt-msp430_21.6.0.LTS/include" --advice:power_severity=suppress --define=__MSP430F5529__ -g --gcc --printf_support=minimal --diag_warning=225 --display_error_number --abi=eabi --silicon_errata=CPU21 --silicon_errata=CPU22 --silicon_errata=CPU23 --silicon_errata=CPU40 --preproc_with_compile --preproc_dependency="main.d_raw"  "../main.c"
 
>> Compilation failure
subdir_rules.mk:9: recipe for target 'main.obj' failed
"../main.c", line 169: error #20: identifier "arr_cnt" is undefined
"../main.c", line 129: warning #179-D: variable "arr_note" was declared but never referenced
"../main.c", line 330: warning #225-D: function "SetBuzzerPitch" declared implicitly
1 error detected in the compilation of "../main.c".
gmake: *** [main.obj] Error 1
gmake: Target 'all' not remade because of errors.

**** Build Finished ****

**** Build of configuration Debug for project ece2049_demo_ccs91 ****

"C:\\ti\\ccs1200\\ccs\\utils\\bin\\gmake" -k all 
 
Building file: "../main.c"
Invoking: MSP430 Compiler
"C:/ti/ccs1200/ccs/tools/compiler/ti-cgt-msp430_21.6.0.LTS/bin/cl430" -vmspx --data_model=restricted -Ooff --use_hw_mpy=F5 --include_path="C:/ti/ccs1200/ccs/ccs_base/msp430/include" --include_path="C:/Users/crinconrogers/Documents/Lab2_RinconRogers_Loughlin/ece2049_demo_ccs91" --include_path="C:/Users/crinconrogers/Documents/Lab2_RinconRogers_Loughlin/ece2049_demo_ccs91/grlib" --include_path="C:/ti/ccs1200/ccs/tools/compiler/ti-cgt-msp430_21.6.0.LTS/include" --advice:power_severity=suppress --define=__MSP430F5529__ -g --gcc --printf_support=minimal --diag_warning=225 --display_error_number --abi=eabi --silicon_errata=CPU21 --silicon_errata=CPU22 --silicon_errata=CPU23 --silicon_errata=CPU40 --preproc_with_compile --preproc_dependency="main.d_raw"  "../main.c"
 
>> Compilation failure
subdir_rules.mk:9: recipe for target 'main.obj' failed
"../main.c", line 169: error #20: identifier "arr_notes" is undefined
"../main.c", line 129: warning #179-D: variable "arr_note" was declared but never referenced
"../main.c", line 330: warning #225-D: function "SetBuzzerPitch" declared implicitly
1 error detected in the compilation of "../main.c".
gmake: *** [main.obj] Error 1
gmake: Target 'all' not remade because of errors.

**** Build Finished ****

**** Build of configuration Debug for project ece2049_demo_ccs91 ****

"C:\\ti\\ccs1200\\ccs\\utils\\bin\\gmake" -k all 
 
Building file: "../main.c"
Invoking: MSP430 Compiler
"C:/ti/ccs1200/ccs/tools/compiler/ti-cgt-msp430_21.6.0.LTS/bin/cl430" -vmspx --data_model=restricted -Ooff --use_hw_mpy=F5 --include_path="C:/ti/ccs1200/ccs/ccs_base/msp430/include" --include_path="C:/Users/crinconrogers/Documents/Lab2_RinconRogers_Loughlin/ece2049_demo_ccs91" --include_path="C:/Users/crinconrogers/Documents/Lab2_RinconRogers_Loughlin/ece2049_demo_ccs91/grlib" --include_path="C:/ti/ccs1200/ccs/tools/compiler/ti-cgt-msp430_21.6.0.LTS/include" --advice:power_severity=suppress --define=__MSP430F5529__ -g --gcc --printf_support=minimal --diag_warning=225 --display_error_number --abi=eabi --silicon_errata=CPU21 --silicon_errata=CPU22 --silicon_errata=CPU23 --silicon_errata=CPU40 --preproc_with_compile --preproc_dependency="main.d_raw"  "../main.c"
"../main.c", line 330: warning #225-D: function "SetBuzzerPitch" declared implicitly
Finished building: "../main.c"
 
Building target: "ece2049_demo_ccs91.out"
Invoking: MSP430 Linker
"C:/ti/ccs1200/ccs/tools/compiler/ti-cgt-msp430_21.6.0.LTS/bin/cl430" -vmspx --data_model=restricted -Ooff --use_hw_mpy=F5 --advice:power_severity=suppress --define=__MSP430F5529__ -g --gcc --printf_support=minimal --diag_warning=225 --display_error_number --abi=eabi --silicon_errata=CPU21 --silicon_errata=CPU22 --silicon_errata=CPU23 --silicon_errata=CPU40 -z -m"ece2049_demo_ccs91.map" --heap_size=160 --stack_size=160 --cinit_hold_wdt=on -i"C:/ti/ccs1200/ccs/ccs_base/msp430/include" -i"C:/Users/crinconrogers/Documents/Lab2_RinconRogers_Loughlin/ece2049_demo_ccs91/lib" -i"C:/ti/ccs1200/ccs/tools/compiler/ti-cgt-msp430_21.6.0.LTS/lib" -i"C:/ti/ccs1200/ccs/tools/compiler/ti-cgt-msp430_21.6.0.LTS/include" -i"C:/ti/ccs1200/ccs/ccs_base/msp430/lib/5xx_6xx_FRxx" --reread_libs --warn_sections --xml_link_info="ece2049_demo_ccs91_linkInfo.xml" --use_hw_mpy=F5 --rom_model -o "ece2049_demo_ccs91.out" "./main.obj" "./notes.obj" "./peripherals.obj" "./LcdDriver/HAL_MSP_EXP430FR5529_Sharp96x96.obj" "./LcdDriver/Sharp96x96.obj" "./fonts/fontfixed6x8.obj" "./images/LPRocket_96x37.obj" "./images/TI_Logo_69x64.obj" "../lnk_msp430f5529.cmd" "../lib/grlib.lib"  -llibc.a -llibmath.a 
<Linking>
Finished building target: "ece2049_demo_ccs91.out"
 

**** Build Finished ****

**** Build of configuration Debug for project ece2049_demo_ccs91 ****

"C:\\ti\\ccs1200\\ccs\\utils\\bin\\gmake" -k all 
 
gmake: Nothing to be done for 'all'.

**** Build Finished ****

**** Build of configuration Debug for project ece2049_demo_ccs91 ****

"C:\\ti\\ccs1200\\ccs\\utils\\bin\\gmake" -k all 
 
Building file: "../main.c"
Invoking: MSP430 Compiler
"C:/ti/ccs1200/ccs/tools/compiler/ti-cgt-msp430_21.6.0.LTS/bin/cl430" -vmspx --data_model=restricted -Ooff --use_hw_mpy=F5 --include_path="C:/ti/ccs1200/ccs/ccs_base/msp430/include" --include_path="C:/Users/crinconrogers/Documents/Lab2_RinconRogers_Loughlin/ece2049_demo_ccs91" --include_path="C:/Users/crinconrogers/Documents/Lab2_RinconRogers_Loughlin/ece2049_demo_ccs91/grlib" --include_path="C:/ti/ccs1200/ccs/tools/compiler/ti-cgt-msp430_21.6.0.LTS/include" --advice:power_severity=suppress --define=__MSP430F5529__ -g --gcc --printf_support=minimal --diag_warning=225 --display_error_number --abi=eabi --silicon_errata=CPU21 --silicon_errata=CPU22 --silicon_errata=CPU23 --silicon_errata=CPU40 --preproc_with_compile --preproc_dependency="main.d_raw"  "../main.c"
"../main.c", line 339: warning #225-D: function "SetBuzzerPitch" declared implicitly
Finished building: "../main.c"
 
Building target: "ece2049_demo_ccs91.out"
Invoking: MSP430 Linker
"C:/ti/ccs1200/ccs/tools/compiler/ti-cgt-msp430_21.6.0.LTS/bin/cl430" -vmspx --data_model=restricted -Ooff --use_hw_mpy=F5 --advice:power_severity=suppress --define=__MSP430F5529__ -g --gcc --printf_support=minimal --diag_warning=225 --display_error_number --abi=eabi --silicon_errata=CPU21 --silicon_errata=CPU22 --silicon_errata=CPU23 --silicon_errata=CPU40 -z -m"ece2049_demo_ccs91.map" --heap_size=160 --stack_size=160 --cinit_hold_wdt=on -i"C:/ti/ccs1200/ccs/ccs_base/msp430/include" -i"C:/Users/crinconrogers/Documents/Lab2_RinconRogers_Loughlin/ece2049_demo_ccs91/lib" -i"C:/ti/ccs1200/ccs/tools/compiler/ti-cgt-msp430_21.6.0.LTS/lib" -i"C:/ti/ccs1200/ccs/tools/compiler/ti-cgt-msp430_21.6.0.LTS/include" -i"C:/ti/ccs1200/ccs/ccs_base/msp430/lib/5xx_6xx_FRxx" --reread_libs --warn_sections --xml_link_info="ece2049_demo_ccs91_linkInfo.xml" --use_hw_mpy=F5 --rom_model -o "ece2049_demo_ccs91.out" "./main.obj" "./notes.obj" "./peripherals.obj" "./LcdDriver/HAL_MSP_EXP430FR5529_Sharp96x96.obj" "./LcdDriver/Sharp96x96.obj" "./fonts/fontfixed6x8.obj" "./images/LPRocket_96x37.obj" "./images/TI_Logo_69x64.obj" "../lnk_msp430f5529.cmd" "../lib/grlib.lib"  -llibc.a -llibmath.a 
<Linking>
Finished building target: "ece2049_demo_ccs91.out"
 

**** Build Finished ****

**** Build of configuration Debug for project ece2049_demo_ccs91 ****

"C:\\ti\\ccs1200\\ccs\\utils\\bin\\gmake" -k all 
 
gmake: Nothing to be done for 'all'.

**** Build Finished ****

**** Build of configuration Debug for project ece2049_demo_ccs91 ****

"C:\\ti\\ccs1200\\ccs\\utils\\bin\\gmake" -k all 
 
gmake: Nothing to be done for 'all'.

**** Build Finished ****

**** Build of configuration Debug for project ece2049_demo_ccs91 ****

"C:\\ti\\ccs1200\\ccs\\utils\\bin\\gmake" -k all 
 
Building file: "../main.c"
Invoking: MSP430 Compiler
"C:/ti/ccs1200/ccs/tools/compiler/ti-cgt-msp430_21.6.0.LTS/bin/cl430" -vmspx --data_model=restricted -Ooff --use_hw_mpy=F5 --include_path="C:/ti/ccs1200/ccs/ccs_base/msp430/include" --include_path="C:/Users/crinconrogers/Documents/Lab2_RinconRogers_Loughlin/ece2049_demo_ccs91" --include_path="C:/Users/crinconrogers/Documents/Lab2_RinconRogers_Loughlin/ece2049_demo_ccs91/grlib" --include_path="C:/ti/ccs1200/ccs/tools/compiler/ti-cgt-msp430_21.6.0.LTS/include" --advice:power_severity=suppress --define=__MSP430F5529__ -g --gcc --printf_support=minimal --diag_warning=225 --display_error_number --abi=eabi --silicon_errata=CPU21 --silicon_errata=CPU22 --silicon_errata=CPU23 --silicon_errata=CPU40 --preproc_with_compile --preproc_dependency="main.d_raw"  "../main.c"
"../main.c", line 339: warning #225-D: function "SetBuzzerPitch" declared implicitly
Finished building: "../main.c"
 
Building target: "ece2049_demo_ccs91.out"
Invoking: MSP430 Linker
"C:/ti/ccs1200/ccs/tools/compiler/ti-cgt-msp430_21.6.0.LTS/bin/cl430" -vmspx --data_model=restricted -Ooff --use_hw_mpy=F5 --advice:power_severity=suppress --define=__MSP430F5529__ -g --gcc --printf_support=minimal --diag_warning=225 --display_error_number --abi=eabi --silicon_errata=CPU21 --silicon_errata=CPU22 --silicon_errata=CPU23 --silicon_errata=CPU40 -z -m"ece2049_demo_ccs91.map" --heap_size=160 --stack_size=160 --cinit_hold_wdt=on -i"C:/ti/ccs1200/ccs/ccs_base/msp430/include" -i"C:/Users/crinconrogers/Documents/Lab2_RinconRogers_Loughlin/ece2049_demo_ccs91/lib" -i"C:/ti/ccs1200/ccs/tools/compiler/ti-cgt-msp430_21.6.0.LTS/lib" -i"C:/ti/ccs1200/ccs/tools/compiler/ti-cgt-msp430_21.6.0.LTS/include" -i"C:/ti/ccs1200/ccs/ccs_base/msp430/lib/5xx_6xx_FRxx" --reread_libs --warn_sections --xml_link_info="ece2049_demo_ccs91_linkInfo.xml" --use_hw_mpy=F5 --rom_model -o "ece2049_demo_ccs91.out" "./main.obj" "./notes.obj" "./peripherals.obj" "./LcdDriver/HAL_MSP_EXP430FR5529_Sharp96x96.obj" "./LcdDriver/Sharp96x96.obj" "./fonts/fontfixed6x8.obj" "./images/LPRocket_96x37.obj" "./images/TI_Logo_69x64.obj" "../lnk_msp430f5529.cmd" "../lib/grlib.lib"  -llibc.a -llibmath.a 
<Linking>
Finished building target: "ece2049_demo_ccs91.out"
 

**** Build Finished ****

**** Build of configuration Debug for project ece2049_demo_ccs91 ****

"C:\\ti\\ccs1200\\ccs\\utils\\bin\\gmake" -k all 
 
Building file: "../main.c"
Invoking: MSP430 Compiler
"C:/ti/ccs1200/ccs/tools/compiler/ti-cgt-msp430_21.6.0.LTS/bin/cl430" -vmspx --data_model=restricted -Ooff --use_hw_mpy=F5 --include_path="C:/ti/ccs1200/ccs/ccs_base/msp430/include" --include_path="C:/Users/crinconrogers/Documents/Lab2_RinconRogers_Loughlin/ece2049_demo_ccs91" --include_path="C:/Users/crinconrogers/Documents/Lab2_RinconRogers_Loughlin/ece2049_demo_ccs91/grlib" --include_path="C:/ti/ccs1200/ccs/tools/compiler/ti-cgt-msp430_21.6.0.LTS/include" --advice:power_severity=suppress --define=__MSP430F5529__ -g --gcc --printf_support=minimal --diag_warning=225 --display_error_number --abi=eabi --silicon_errata=CPU21 --silicon_errata=CPU22 --silicon_errata=CPU23 --silicon_errata=CPU40 --preproc_with_compile --preproc_dependency="main.d_raw"  "../main.c"
"../main.c", line 339: warning #225-D: function "SetBuzzerPitch" declared implicitly
Finished building: "../main.c"
 
Building target: "ece2049_demo_ccs91.out"
Invoking: MSP430 Linker
"C:/ti/ccs1200/ccs/tools/compiler/ti-cgt-msp430_21.6.0.LTS/bin/cl430" -vmspx --data_model=restricted -Ooff --use_hw_mpy=F5 --advice:power_severity=suppress --define=__MSP430F5529__ -g --gcc --printf_support=minimal --diag_warning=225 --display_error_number --abi=eabi --silicon_errata=CPU21 --silicon_errata=CPU22 --silicon_errata=CPU23 --silicon_errata=CPU40 -z -m"ece2049_demo_ccs91.map" --heap_size=160 --stack_size=160 --cinit_hold_wdt=on -i"C:/ti/ccs1200/ccs/ccs_base/msp430/include" -i"C:/Users/crinconrogers/Documents/Lab2_RinconRogers_Loughlin/ece2049_demo_ccs91/lib" -i"C:/ti/ccs1200/ccs/tools/compiler/ti-cgt-msp430_21.6.0.LTS/lib" -i"C:/ti/ccs1200/ccs/tools/compiler/ti-cgt-msp430_21.6.0.LTS/include" -i"C:/ti/ccs1200/ccs/ccs_base/msp430/lib/5xx_6xx_FRxx" --reread_libs --warn_sections --xml_link_info="ece2049_demo_ccs91_linkInfo.xml" --use_hw_mpy=F5 --rom_model -o "ece2049_demo_ccs91.out" "./main.obj" "./notes.obj" "./peripherals.obj" "./LcdDriver/HAL_MSP_EXP430FR5529_Sharp96x96.obj" "./LcdDriver/Sharp96x96.obj" "./fonts/fontfixed6x8.obj" "./images/LPRocket_96x37.obj" "./images/TI_Logo_69x64.obj" "../lnk_msp430f5529.cmd" "../lib/grlib.lib"  -llibc.a -llibmath.a 
<Linking>
Finished building target: "ece2049_demo_ccs91.out"
 

**** Build Finished ****

**** Build of configuration Debug for project ece2049_demo_ccs91 ****

"C:\\ti\\ccs1200\\ccs\\utils\\bin\\gmake" -k all 
 
gmake: Nothing to be done for 'all'.

**** Build Finished ****

**** Build of configuration Debug for project ece2049_demo_ccs91 ****

"C:\\ti\\ccs1200\\ccs\\utils\\bin\\gmake" -k all 
 
Building file: "../main.c"
Invoking: MSP430 Compiler
"C:/ti/ccs1200/ccs/tools/compiler/ti-cgt-msp430_21.6.0.LTS/bin/cl430" -vmspx --data_model=restricted -Ooff --use_hw_mpy=F5 --include_path="C:/ti/ccs1200/ccs/ccs_base/msp430/include" --include_path="C:/Users/crinconrogers/Documents/Lab2_RinconRogers_Loughlin/ece2049_demo_ccs91" --include_path="C:/Users/crinconrogers/Documents/Lab2_RinconRogers_Loughlin/ece2049_demo_ccs91/grlib" --include_path="C:/ti/ccs1200/ccs/tools/compiler/ti-cgt-msp430_21.6.0.LTS/include" --advice:power_severity=suppress --define=__MSP430F5529__ -g --gcc --printf_support=minimal --diag_warning=225 --display_error_number --abi=eabi --silicon_errata=CPU21 --silicon_errata=CPU22 --silicon_errata=CPU23 --silicon_errata=CPU40 --preproc_with_compile --preproc_dependency="main.d_raw"  "../main.c"
"../main.c", line 339: warning #225-D: function "SetBuzzerPitch" declared implicitly
Finished building: "../main.c"
 
Building target: "ece2049_demo_ccs91.out"
Invoking: MSP430 Linker
"C:/ti/ccs1200/ccs/tools/compiler/ti-cgt-msp430_21.6.0.LTS/bin/cl430" -vmspx --data_model=restricted -Ooff --use_hw_mpy=F5 --advice:power_severity=suppress --define=__MSP430F5529__ -g --gcc --printf_support=minimal --diag_warning=225 --display_error_number --abi=eabi --silicon_errata=CPU21 --silicon_errata=CPU22 --silicon_errata=CPU23 --silicon_errata=CPU40 -z -m"ece2049_demo_ccs91.map" --heap_size=160 --stack_size=160 --cinit_hold_wdt=on -i"C:/ti/ccs1200/ccs/ccs_base/msp430/include" -i"C:/Users/crinconrogers/Documents/Lab2_RinconRogers_Loughlin/ece2049_demo_ccs91/lib" -i"C:/ti/ccs1200/ccs/tools/compiler/ti-cgt-msp430_21.6.0.LTS/lib" -i"C:/ti/ccs1200/ccs/tools/compiler/ti-cgt-msp430_21.6.0.LTS/include" -i"C:/ti/ccs1200/ccs/ccs_base/msp430/lib/5xx_6xx_FRxx" --reread_libs --warn_sections --xml_link_info="ece2049_demo_ccs91_linkInfo.xml" --use_hw_mpy=F5 --rom_model -o "ece2049_demo_ccs91.out" "./main.obj" "./notes.obj" "./peripherals.obj" "./LcdDriver/HAL_MSP_EXP430FR5529_Sharp96x96.obj" "./LcdDriver/Sharp96x96.obj" "./fonts/fontfixed6x8.obj" "./images/LPRocket_96x37.obj" "./images/TI_Logo_69x64.obj" "../lnk_msp430f5529.cmd" "../lib/grlib.lib"  -llibc.a -llibmath.a 
<Linking>
Finished building target: "ece2049_demo_ccs91.out"
 

**** Build Finished ****

**** Build of configuration Debug for project ece2049_demo_ccs91 ****

"C:\\ti\\ccs1200\\ccs\\utils\\bin\\gmake" -k all 
 
Building file: "../main.c"
Invoking: MSP430 Compiler
"C:/ti/ccs1200/ccs/tools/compiler/ti-cgt-msp430_21.6.0.LTS/bin/cl430" -vmspx --data_model=restricted -Ooff --use_hw_mpy=F5 --include_path="C:/ti/ccs1200/ccs/ccs_base/msp430/include" --include_path="C:/Users/crinconrogers/Documents/Lab2_RinconRogers_Loughlin/ece2049_demo_ccs91" --include_path="C:/Users/crinconrogers/Documents/Lab2_RinconRogers_Loughlin/ece2049_demo_ccs91/grlib" --include_path="C:/ti/ccs1200/ccs/tools/compiler/ti-cgt-msp430_21.6.0.LTS/include" --advice:power_severity=suppress --define=__MSP430F5529__ -g --gcc --printf_support=minimal --diag_warning=225 --display_error_number --abi=eabi --silicon_errata=CPU21 --silicon_errata=CPU22 --silicon_errata=CPU23 --silicon_errata=CPU40 --preproc_with_compile --preproc_dependency="main.d_raw"  "../main.c"
"../main.c", line 339: warning #225-D: function "SetBuzzerPitch" declared implicitly
Finished building: "../main.c"
 
Building target: "ece2049_demo_ccs91.out"
Invoking: MSP430 Linker
"C:/ti/ccs1200/ccs/tools/compiler/ti-cgt-msp430_21.6.0.LTS/bin/cl430" -vmspx --data_model=restricted -Ooff --use_hw_mpy=F5 --advice:power_severity=suppress --define=__MSP430F5529__ -g --gcc --printf_support=minimal --diag_warning=225 --display_error_number --abi=eabi --silicon_errata=CPU21 --silicon_errata=CPU22 --silicon_errata=CPU23 --silicon_errata=CPU40 -z -m"ece2049_demo_ccs91.map" --heap_size=160 --stack_size=160 --cinit_hold_wdt=on -i"C:/ti/ccs1200/ccs/ccs_base/msp430/include" -i"C:/Users/crinconrogers/Documents/Lab2_RinconRogers_Loughlin/ece2049_demo_ccs91/lib" -i"C:/ti/ccs1200/ccs/tools/compiler/ti-cgt-msp430_21.6.0.LTS/lib" -i"C:/ti/ccs1200/ccs/tools/compiler/ti-cgt-msp430_21.6.0.LTS/include" -i"C:/ti/ccs1200/ccs/ccs_base/msp430/lib/5xx_6xx_FRxx" --reread_libs --warn_sections --xml_link_info="ece2049_demo_ccs91_linkInfo.xml" --use_hw_mpy=F5 --rom_model -o "ece2049_demo_ccs91.out" "./main.obj" "./notes.obj" "./peripherals.obj" "./LcdDriver/HAL_MSP_EXP430FR5529_Sharp96x96.obj" "./LcdDriver/Sharp96x96.obj" "./fonts/fontfixed6x8.obj" "./images/LPRocket_96x37.obj" "./images/TI_Logo_69x64.obj" "../lnk_msp430f5529.cmd" "../lib/grlib.lib"  -llibc.a -llibmath.a 
<Linking>
Finished building target: "ece2049_demo_ccs91.out"
 

**** Build Finished ****

**** Build of configuration Debug for project ece2049_demo_ccs91 ****

"C:\\ti\\ccs1200\\ccs\\utils\\bin\\gmake" -k all 
 
Building file: "../main.c"
Invoking: MSP430 Compiler
"C:/ti/ccs1200/ccs/tools/compiler/ti-cgt-msp430_21.6.0.LTS/bin/cl430" -vmspx --data_model=restricted -Ooff --use_hw_mpy=F5 --include_path="C:/ti/ccs1200/ccs/ccs_base/msp430/include" --include_path="C:/Users/crinconrogers/Documents/Lab2_RinconRogers_Loughlin/ece2049_demo_ccs91" --include_path="C:/Users/crinconrogers/Documents/Lab2_RinconRogers_Loughlin/ece2049_demo_ccs91/grlib" --include_path="C:/ti/ccs1200/ccs/tools/compiler/ti-cgt-msp430_21.6.0.LTS/include" --advice:power_severity=suppress --define=__MSP430F5529__ -g --gcc --printf_support=minimal --diag_warning=225 --display_error_number --abi=eabi --silicon_errata=CPU21 --silicon_errata=CPU22 --silicon_errata=CPU23 --silicon_errata=CPU40 --preproc_with_compile --preproc_dependency="main.d_raw"  "../main.c"
"../main.c", line 339: warning #225-D: function "SetBuzzerPitch" declared implicitly
Finished building: "../main.c"
 
Building target: "ece2049_demo_ccs91.out"
Invoking: MSP430 Linker
"C:/ti/ccs1200/ccs/tools/compiler/ti-cgt-msp430_21.6.0.LTS/bin/cl430" -vmspx --data_model=restricted -Ooff --use_hw_mpy=F5 --advice:power_severity=suppress --define=__MSP430F5529__ -g --gcc --printf_support=minimal --diag_warning=225 --display_error_number --abi=eabi --silicon_errata=CPU21 --silicon_errata=CPU22 --silicon_errata=CPU23 --silicon_errata=CPU40 -z -m"ece2049_demo_ccs91.map" --heap_size=160 --stack_size=160 --cinit_hold_wdt=on -i"C:/ti/ccs1200/ccs/ccs_base/msp430/include" -i"C:/Users/crinconrogers/Documents/Lab2_RinconRogers_Loughlin/ece2049_demo_ccs91/lib" -i"C:/ti/ccs1200/ccs/tools/compiler/ti-cgt-msp430_21.6.0.LTS/lib" -i"C:/ti/ccs1200/ccs/tools/compiler/ti-cgt-msp430_21.6.0.LTS/include" -i"C:/ti/ccs1200/ccs/ccs_base/msp430/lib/5xx_6xx_FRxx" --reread_libs --warn_sections --xml_link_info="ece2049_demo_ccs91_linkInfo.xml" --use_hw_mpy=F5 --rom_model -o "ece2049_demo_ccs91.out" "./main.obj" "./notes.obj" "./peripherals.obj" "./LcdDriver/HAL_MSP_EXP430FR5529_Sharp96x96.obj" "./LcdDriver/Sharp96x96.obj" "./fonts/fontfixed6x8.obj" "./images/LPRocket_96x37.obj" "./images/TI_Logo_69x64.obj" "../lnk_msp430f5529.cmd" "../lib/grlib.lib"  -llibc.a -llibmath.a 
<Linking>
Finished building target: "ece2049_demo_ccs91.out"
 

**** Build Finished ****

**** Build of configuration Debug for project ece2049_demo_ccs91 ****

"C:\\ti\\ccs1200\\ccs\\utils\\bin\\gmake" -k all 
 
Building file: "../main.c"
Invoking: MSP430 Compiler
"C:/ti/ccs1200/ccs/tools/compiler/ti-cgt-msp430_21.6.0.LTS/bin/cl430" -vmspx --data_model=restricted -Ooff --use_hw_mpy=F5 --include_path="C:/ti/ccs1200/ccs/ccs_base/msp430/include" --include_path="C:/Users/crinconrogers/Documents/Lab2_RinconRogers_Loughlin/ece2049_demo_ccs91" --include_path="C:/Users/crinconrogers/Documents/Lab2_RinconRogers_Loughlin/ece2049_demo_ccs91/grlib" --include_path="C:/ti/ccs1200/ccs/tools/compiler/ti-cgt-msp430_21.6.0.LTS/include" --advice:power_severity=suppress --define=__MSP430F5529__ -g --gcc --printf_support=minimal --diag_warning=225 --display_error_number --abi=eabi --silicon_errata=CPU21 --silicon_errata=CPU22 --silicon_errata=CPU23 --silicon_errata=CPU40 --preproc_with_compile --preproc_dependency="main.d_raw"  "../main.c"
 
>> Compilation failure
subdir_rules.mk:9: recipe for target 'main.obj' failed
"../main.c", line 179: error #20: identifier "error" is undefined
"../main.c", line 188: error #20: identifier "curr_state" is undefined
"../main.c", line 357: warning #225-D: function "SetBuzzerPitch" declared implicitly
"../main.c", line 361: error #20: identifier "toggle_start" is undefined
"../main.c", line 362: error #20: identifier "start_cnt" is undefined
"../main.c", line 370: error #20: identifier "end_cnt" is undefined
"../main.c", line 377: error #20: identifier "start_cnt" is undefined
"../main.c", line 378: error #20: identifier "error" is undefined
7 errors detected in the compilation of "../main.c".
gmake: *** [main.obj] Error 1
gmake: Target 'all' not remade because of errors.

**** Build Finished ****

**** Build of configuration Debug for project ece2049_demo_ccs91 ****

"C:\\ti\\ccs1200\\ccs\\utils\\bin\\gmake" -k all 
 
Building file: "../main.c"
Invoking: MSP430 Compiler
"C:/ti/ccs1200/ccs/tools/compiler/ti-cgt-msp430_21.6.0.LTS/bin/cl430" -vmspx --data_model=restricted -Ooff --use_hw_mpy=F5 --include_path="C:/ti/ccs1200/ccs/ccs_base/msp430/include" --include_path="C:/Users/crinconrogers/Documents/Lab2_RinconRogers_Loughlin/ece2049_demo_ccs91" --include_path="C:/Users/crinconrogers/Documents/Lab2_RinconRogers_Loughlin/ece2049_demo_ccs91/grlib" --include_path="C:/ti/ccs1200/ccs/tools/compiler/ti-cgt-msp430_21.6.0.LTS/include" --advice:power_severity=suppress --define=__MSP430F5529__ -g --gcc --printf_support=minimal --diag_warning=225 --display_error_number --abi=eabi --silicon_errata=CPU21 --silicon_errata=CPU22 --silicon_errata=CPU23 --silicon_errata=CPU40 --preproc_with_compile --preproc_dependency="main.d_raw"  "../main.c"
 
>> Compilation failure
subdir_rules.mk:9: recipe for target 'main.obj' failed
"../main.c", line 179: error #20: identifier "error" is undefined
"../main.c", line 357: warning #225-D: function "SetBuzzerPitch" declared implicitly
"../main.c", line 361: error #20: identifier "toggle_start" is undefined
"../main.c", line 362: error #20: identifier "start_cnt" is undefined
"../main.c", line 370: error #20: identifier "end_cnt" is undefined
"../main.c", line 377: error #20: identifier "start_cnt" is undefined
"../main.c", line 378: error #20: identifier "error" is undefined
6 errors detected in the compilation of "../main.c".
gmake: *** [main.obj] Error 1
gmake: Target 'all' not remade because of errors.

**** Build Finished ****

**** Build of configuration Debug for project ece2049_demo_ccs91 ****

"C:\\ti\\ccs1200\\ccs\\utils\\bin\\gmake" -k all 
 
Building file: "../main.c"
Invoking: MSP430 Compiler
"C:/ti/ccs1200/ccs/tools/compiler/ti-cgt-msp430_21.6.0.LTS/bin/cl430" -vmspx --data_model=restricted -Ooff --use_hw_mpy=F5 --include_path="C:/ti/ccs1200/ccs/ccs_base/msp430/include" --include_path="C:/Users/crinconrogers/Documents/Lab2_RinconRogers_Loughlin/ece2049_demo_ccs91" --include_path="C:/Users/crinconrogers/Documents/Lab2_RinconRogers_Loughlin/ece2049_demo_ccs91/grlib" --include_path="C:/ti/ccs1200/ccs/tools/compiler/ti-cgt-msp430_21.6.0.LTS/include" --advice:power_severity=suppress --define=__MSP430F5529__ -g --gcc --printf_support=minimal --diag_warning=225 --display_error_number --abi=eabi --silicon_errata=CPU21 --silicon_errata=CPU22 --silicon_errata=CPU23 --silicon_errata=CPU40 --preproc_with_compile --preproc_dependency="main.d_raw"  "../main.c"
 
>> Compilation failure
subdir_rules.mk:9: recipe for target 'main.obj' failed
"../main.c", line 182: error #20: identifier "error" is undefined
"../main.c", line 360: warning #225-D: function "SetBuzzerPitch" declared implicitly
"../main.c", line 364: error #20: identifier "toggle_start" is undefined
"../main.c", line 381: error #20: identifier "error" is undefined
3 errors detected in the compilation of "../main.c".
gmake: *** [main.obj] Error 1
gmake: Target 'all' not remade because of errors.

**** Build Finished ****

**** Build of configuration Debug for project ece2049_demo_ccs91 ****

"C:\\ti\\ccs1200\\ccs\\utils\\bin\\gmake" -k all 
 
Building file: "../main.c"
Invoking: MSP430 Compiler
"C:/ti/ccs1200/ccs/tools/compiler/ti-cgt-msp430_21.6.0.LTS/bin/cl430" -vmspx --data_model=restricted -Ooff --use_hw_mpy=F5 --include_path="C:/ti/ccs1200/ccs/ccs_base/msp430/include" --include_path="C:/Users/crinconrogers/Documents/Lab2_RinconRogers_Loughlin/ece2049_demo_ccs91" --include_path="C:/Users/crinconrogers/Documents/Lab2_RinconRogers_Loughlin/ece2049_demo_ccs91/grlib" --include_path="C:/ti/ccs1200/ccs/tools/compiler/ti-cgt-msp430_21.6.0.LTS/include" --advice:power_severity=suppress --define=__MSP430F5529__ -g --gcc --printf_support=minimal --diag_warning=225 --display_error_number --abi=eabi --silicon_errata=CPU21 --silicon_errata=CPU22 --silicon_errata=CPU23 --silicon_errata=CPU40 --preproc_with_compile --preproc_dependency="main.d_raw"  "../main.c"
 
>> Compilation failure
subdir_rules.mk:9: recipe for target 'main.obj' failed
"../main.c", line 362: warning #225-D: function "SetBuzzerPitch" declared implicitly
"../main.c", line 366: error #20: identifier "toggle_start" is undefined
1 error detected in the compilation of "../main.c".
gmake: *** [main.obj] Error 1
gmake: Target 'all' not remade because of errors.

**** Build Finished ****

**** Build of configuration Debug for project ece2049_demo_ccs91 ****

"C:\\ti\\ccs1200\\ccs\\utils\\bin\\gmake" -k all 
 
Building file: "../main.c"
Invoking: MSP430 Compiler
"C:/ti/ccs1200/ccs/tools/compiler/ti-cgt-msp430_21.6.0.LTS/bin/cl430" -vmspx --data_model=restricted -Ooff --use_hw_mpy=F5 --include_path="C:/ti/ccs1200/ccs/ccs_base/msp430/include" --include_path="C:/Users/crinconrogers/Documents/Lab2_RinconRogers_Loughlin/ece2049_demo_ccs91" --include_path="C:/Users/crinconrogers/Documents/Lab2_RinconRogers_Loughlin/ece2049_demo_ccs91/grlib" --include_path="C:/ti/ccs1200/ccs/tools/compiler/ti-cgt-msp430_21.6.0.LTS/include" --advice:power_severity=suppress --define=__MSP430F5529__ -g --gcc --printf_support=minimal --diag_warning=225 --display_error_number --abi=eabi --silicon_errata=CPU21 --silicon_errata=CPU22 --silicon_errata=CPU23 --silicon_errata=CPU40 --preproc_with_compile --preproc_dependency="main.d_raw"  "../main.c"
"../main.c", line 364: warning #225-D: function "SetBuzzerPitch" declared implicitly
Finished building: "../main.c"
 
Building target: "ece2049_demo_ccs91.out"
Invoking: MSP430 Linker
"C:/ti/ccs1200/ccs/tools/compiler/ti-cgt-msp430_21.6.0.LTS/bin/cl430" -vmspx --data_model=restricted -Ooff --use_hw_mpy=F5 --advice:power_severity=suppress --define=__MSP430F5529__ -g --gcc --printf_support=minimal --diag_warning=225 --display_error_number --abi=eabi --silicon_errata=CPU21 --silicon_errata=CPU22 --silicon_errata=CPU23 --silicon_errata=CPU40 -z -m"ece2049_demo_ccs91.map" --heap_size=160 --stack_size=160 --cinit_hold_wdt=on -i"C:/ti/ccs1200/ccs/ccs_base/msp430/include" -i"C:/Users/crinconrogers/Documents/Lab2_RinconRogers_Loughlin/ece2049_demo_ccs91/lib" -i"C:/ti/ccs1200/ccs/tools/compiler/ti-cgt-msp430_21.6.0.LTS/lib" -i"C:/ti/ccs1200/ccs/tools/compiler/ti-cgt-msp430_21.6.0.LTS/include" -i"C:/ti/ccs1200/ccs/ccs_base/msp430/lib/5xx_6xx_FRxx" --reread_libs --warn_sections --xml_link_info="ece2049_demo_ccs91_linkInfo.xml" --use_hw_mpy=F5 --rom_model -o "ece2049_demo_ccs91.out" "./main.obj" "./notes.obj" "./peripherals.obj" "./LcdDriver/HAL_MSP_EXP430FR5529_Sharp96x96.obj" "./LcdDriver/Sharp96x96.obj" "./fonts/fontfixed6x8.obj" "./images/LPRocket_96x37.obj" "./images/TI_Logo_69x64.obj" "../lnk_msp430f5529.cmd" "../lib/grlib.lib"  -llibc.a -llibmath.a 
<Linking>
Finished building target: "ece2049_demo_ccs91.out"
 

**** Build Finished ****

**** Build of configuration Debug for project ece2049_demo_ccs91 ****

"C:\\ti\\ccs1200\\ccs\\utils\\bin\\gmake" -k all 
 
Building file: "../main.c"
Invoking: MSP430 Compiler
"C:/ti/ccs1200/ccs/tools/compiler/ti-cgt-msp430_21.6.0.LTS/bin/cl430" -vmspx --data_model=restricted -Ooff --use_hw_mpy=F5 --include_path="C:/ti/ccs1200/ccs/ccs_base/msp430/include" --include_path="C:/Users/crinconrogers/Documents/Lab2_RinconRogers_Loughlin/ece2049_demo_ccs91" --include_path="C:/Users/crinconrogers/Documents/Lab2_RinconRogers_Loughlin/ece2049_demo_ccs91/grlib" --include_path="C:/ti/ccs1200/ccs/tools/compiler/ti-cgt-msp430_21.6.0.LTS/include" --advice:power_severity=suppress --define=__MSP430F5529__ -g --gcc --printf_support=minimal --diag_warning=225 --display_error_number --abi=eabi --silicon_errata=CPU21 --silicon_errata=CPU22 --silicon_errata=CPU23 --silicon_errata=CPU40 --preproc_with_compile --preproc_dependency="main.d_raw"  "../main.c"
 
>> Compilation failure
subdir_rules.mk:9: recipe for target 'main.obj' failed
"../main.c", line 364: warning #225-D: function "SetBuzzerPitch" declared implicitly
"../main.c", line 384: error #18: expected a ")"
"../main.c", line 393: warning #12-D: parsing restarts here after previous syntax error
"../main.c", line 393: error #128: expected a statement
2 errors detected in the compilation of "../main.c".
gmake: *** [main.obj] Error 1
gmake: Target 'all' not remade because of errors.

**** Build Finished ****

**** Build of configuration Debug for project ece2049_demo_ccs91 ****

"C:\\ti\\ccs1200\\ccs\\utils\\bin\\gmake" -k all 
 
Building file: "../main.c"
Invoking: MSP430 Compiler
"C:/ti/ccs1200/ccs/tools/compiler/ti-cgt-msp430_21.6.0.LTS/bin/cl430" -vmspx --data_model=restricted -Ooff --use_hw_mpy=F5 --include_path="C:/ti/ccs1200/ccs/ccs_base/msp430/include" --include_path="C:/Users/crinconrogers/Documents/Lab2_RinconRogers_Loughlin/ece2049_demo_ccs91" --include_path="C:/Users/crinconrogers/Documents/Lab2_RinconRogers_Loughlin/ece2049_demo_ccs91/grlib" --include_path="C:/ti/ccs1200/ccs/tools/compiler/ti-cgt-msp430_21.6.0.LTS/include" --advice:power_severity=suppress --define=__MSP430F5529__ -g --gcc --printf_support=minimal --diag_warning=225 --display_error_number --abi=eabi --silicon_errata=CPU21 --silicon_errata=CPU22 --silicon_errata=CPU23 --silicon_errata=CPU40 --preproc_with_compile --preproc_dependency="main.d_raw"  "../main.c"
"../main.c", line 364: warning #225-D: function "SetBuzzerPitch" declared implicitly
Finished building: "../main.c"
 
Building target: "ece2049_demo_ccs91.out"
Invoking: MSP430 Linker
"C:/ti/ccs1200/ccs/tools/compiler/ti-cgt-msp430_21.6.0.LTS/bin/cl430" -vmspx --data_model=restricted -Ooff --use_hw_mpy=F5 --advice:power_severity=suppress --define=__MSP430F5529__ -g --gcc --printf_support=minimal --diag_warning=225 --display_error_number --abi=eabi --silicon_errata=CPU21 --silicon_errata=CPU22 --silicon_errata=CPU23 --silicon_errata=CPU40 -z -m"ece2049_demo_ccs91.map" --heap_size=160 --stack_size=160 --cinit_hold_wdt=on -i"C:/ti/ccs1200/ccs/ccs_base/msp430/include" -i"C:/Users/crinconrogers/Documents/Lab2_RinconRogers_Loughlin/ece2049_demo_ccs91/lib" -i"C:/ti/ccs1200/ccs/tools/compiler/ti-cgt-msp430_21.6.0.LTS/lib" -i"C:/ti/ccs1200/ccs/tools/compiler/ti-cgt-msp430_21.6.0.LTS/include" -i"C:/ti/ccs1200/ccs/ccs_base/msp430/lib/5xx_6xx_FRxx" --reread_libs --warn_sections --xml_link_info="ece2049_demo_ccs91_linkInfo.xml" --use_hw_mpy=F5 --rom_model -o "ece2049_demo_ccs91.out" "./main.obj" "./notes.obj" "./peripherals.obj" "./LcdDriver/HAL_MSP_EXP430FR5529_Sharp96x96.obj" "./LcdDriver/Sharp96x96.obj" "./fonts/fontfixed6x8.obj" "./images/LPRocket_96x37.obj" "./images/TI_Logo_69x64.obj" "../lnk_msp430f5529.cmd" "../lib/grlib.lib"  -llibc.a -llibmath.a 
<Linking>
Finished building target: "ece2049_demo_ccs91.out"
 

**** Build Finished ****

**** Build of configuration Debug for project ece2049_demo_ccs91 ****

"C:\\ti\\ccs1200\\ccs\\utils\\bin\\gmake" -k all 
 
gmake: Nothing to be done for 'all'.

**** Build Finished ****

**** Build of configuration Debug for project ece2049_demo_ccs91 ****

"C:\\ti\\ccs1200\\ccs\\utils\\bin\\gmake" -k all 
 
Building file: "../main.c"
Invoking: MSP430 Compiler
"C:/ti/ccs1200/ccs/tools/compiler/ti-cgt-msp430_21.6.0.LTS/bin/cl430" -vmspx --data_model=restricted -Ooff --use_hw_mpy=F5 --include_path="C:/ti/ccs1200/ccs/ccs_base/msp430/include" --include_path="C:/Users/crinconrogers/Documents/Lab2_RinconRogers_Loughlin/ece2049_demo_ccs91" --include_path="C:/Users/crinconrogers/Documents/Lab2_RinconRogers_Loughlin/ece2049_demo_ccs91/grlib" --include_path="C:/ti/ccs1200/ccs/tools/compiler/ti-cgt-msp430_21.6.0.LTS/include" --advice:power_severity=suppress --define=__MSP430F5529__ -g --gcc --printf_support=minimal --diag_warning=225 --display_error_number --abi=eabi --silicon_errata=CPU21 --silicon_errata=CPU22 --silicon_errata=CPU23 --silicon_errata=CPU40 --preproc_with_compile --preproc_dependency="main.d_raw"  "../main.c"
"../main.c", line 365: warning #225-D: function "SetBuzzerPitch" declared implicitly
Finished building: "../main.c"
 
Building target: "ece2049_demo_ccs91.out"
Invoking: MSP430 Linker
"C:/ti/ccs1200/ccs/tools/compiler/ti-cgt-msp430_21.6.0.LTS/bin/cl430" -vmspx --data_model=restricted -Ooff --use_hw_mpy=F5 --advice:power_severity=suppress --define=__MSP430F5529__ -g --gcc --printf_support=minimal --diag_warning=225 --display_error_number --abi=eabi --silicon_errata=CPU21 --silicon_errata=CPU22 --silicon_errata=CPU23 --silicon_errata=CPU40 -z -m"ece2049_demo_ccs91.map" --heap_size=160 --stack_size=160 --cinit_hold_wdt=on -i"C:/ti/ccs1200/ccs/ccs_base/msp430/include" -i"C:/Users/crinconrogers/Documents/Lab2_RinconRogers_Loughlin/ece2049_demo_ccs91/lib" -i"C:/ti/ccs1200/ccs/tools/compiler/ti-cgt-msp430_21.6.0.LTS/lib" -i"C:/ti/ccs1200/ccs/tools/compiler/ti-cgt-msp430_21.6.0.LTS/include" -i"C:/ti/ccs1200/ccs/ccs_base/msp430/lib/5xx_6xx_FRxx" --reread_libs --warn_sections --xml_link_info="ece2049_demo_ccs91_linkInfo.xml" --use_hw_mpy=F5 --rom_model -o "ece2049_demo_ccs91.out" "./main.obj" "./notes.obj" "./peripherals.obj" "./LcdDriver/HAL_MSP_EXP430FR5529_Sharp96x96.obj" "./LcdDriver/Sharp96x96.obj" "./fonts/fontfixed6x8.obj" "./images/LPRocket_96x37.obj" "./images/TI_Logo_69x64.obj" "../lnk_msp430f5529.cmd" "../lib/grlib.lib"  -llibc.a -llibmath.a 
<Linking>
Finished building target: "ece2049_demo_ccs91.out"
 

**** Build Finished ****

**** Build of configuration Debug for project ece2049_demo_ccs91 ****

"C:\\ti\\ccs1200\\ccs\\utils\\bin\\gmake" -k all 
 
gmake: Nothing to be done for 'all'.

**** Build Finished ****

**** Build of configuration Debug for project ece2049_demo_ccs91 ****

"C:\\ti\\ccs1200\\ccs\\utils\\bin\\gmake" -k all 
 
Building file: "../main.c"
Invoking: MSP430 Compiler
"C:/ti/ccs1200/ccs/tools/compiler/ti-cgt-msp430_21.6.0.LTS/bin/cl430" -vmspx --data_model=restricted -Ooff --use_hw_mpy=F5 --include_path="C:/ti/ccs1200/ccs/ccs_base/msp430/include" --include_path="C:/Users/crinconrogers/Documents/Lab2_RinconRogers_Loughlin/ece2049_demo_ccs91" --include_path="C:/Users/crinconrogers/Documents/Lab2_RinconRogers_Loughlin/ece2049_demo_ccs91/grlib" --include_path="C:/ti/ccs1200/ccs/tools/compiler/ti-cgt-msp430_21.6.0.LTS/include" --advice:power_severity=suppress --define=__MSP430F5529__ -g --gcc --printf_support=minimal --diag_warning=225 --display_error_number --abi=eabi --silicon_errata=CPU21 --silicon_errata=CPU22 --silicon_errata=CPU23 --silicon_errata=CPU40 --preproc_with_compile --preproc_dependency="main.d_raw"  "../main.c"
"../main.c", line 366: warning #225-D: function "SetBuzzerPitch" declared implicitly
Finished building: "../main.c"
 
Building target: "ece2049_demo_ccs91.out"
Invoking: MSP430 Linker
"C:/ti/ccs1200/ccs/tools/compiler/ti-cgt-msp430_21.6.0.LTS/bin/cl430" -vmspx --data_model=restricted -Ooff --use_hw_mpy=F5 --advice:power_severity=suppress --define=__MSP430F5529__ -g --gcc --printf_support=minimal --diag_warning=225 --display_error_number --abi=eabi --silicon_errata=CPU21 --silicon_errata=CPU22 --silicon_errata=CPU23 --silicon_errata=CPU40 -z -m"ece2049_demo_ccs91.map" --heap_size=160 --stack_size=160 --cinit_hold_wdt=on -i"C:/ti/ccs1200/ccs/ccs_base/msp430/include" -i"C:/Users/crinconrogers/Documents/Lab2_RinconRogers_Loughlin/ece2049_demo_ccs91/lib" -i"C:/ti/ccs1200/ccs/tools/compiler/ti-cgt-msp430_21.6.0.LTS/lib" -i"C:/ti/ccs1200/ccs/tools/compiler/ti-cgt-msp430_21.6.0.LTS/include" -i"C:/ti/ccs1200/ccs/ccs_base/msp430/lib/5xx_6xx_FRxx" --reread_libs --warn_sections --xml_link_info="ece2049_demo_ccs91_linkInfo.xml" --use_hw_mpy=F5 --rom_model -o "ece2049_demo_ccs91.out" "./main.obj" "./notes.obj" "./peripherals.obj" "./LcdDriver/HAL_MSP_EXP430FR5529_Sharp96x96.obj" "./LcdDriver/Sharp96x96.obj" "./fonts/fontfixed6x8.obj" "./images/LPRocket_96x37.obj" "./images/TI_Logo_69x64.obj" "../lnk_msp430f5529.cmd" "../lib/grlib.lib"  -llibc.a -llibmath.a 
<Linking>
Finished building target: "ece2049_demo_ccs91.out"
 

**** Build Finished ****

**** Build of configuration Debug for project ece2049_demo_ccs91 ****

"C:\\ti\\ccs1200\\ccs\\utils\\bin\\gmake" -k all 
 
gmake: Nothing to be done for 'all'.

**** Build Finished ****

**** Build of configuration Debug for project ece2049_demo_ccs91 ****

"C:\\ti\\ccs1200\\ccs\\utils\\bin\\gmake" -k all 
 
Building file: "../main.c"
Invoking: MSP430 Compiler
"C:/ti/ccs1200/ccs/tools/compiler/ti-cgt-msp430_21.6.0.LTS/bin/cl430" -vmspx --data_model=restricted -Ooff --use_hw_mpy=F5 --include_path="C:/ti/ccs1200/ccs/ccs_base/msp430/include" --include_path="C:/Users/crinconrogers/Documents/Lab2_RinconRogers_Loughlin/ece2049_demo_ccs91" --include_path="C:/Users/crinconrogers/Documents/Lab2_RinconRogers_Loughlin/ece2049_demo_ccs91/grlib" --include_path="C:/ti/ccs1200/ccs/tools/compiler/ti-cgt-msp430_21.6.0.LTS/include" --advice:power_severity=suppress --define=__MSP430F5529__ -g --gcc --printf_support=minimal --diag_warning=225 --display_error_number --abi=eabi --silicon_errata=CPU21 --silicon_errata=CPU22 --silicon_errata=CPU23 --silicon_errata=CPU40 --preproc_with_compile --preproc_dependency="main.d_raw"  "../main.c"
"../main.c", line 198: warning #176-D: expression has no effect
"../main.c", line 367: warning #225-D: function "SetBuzzerPitch" declared implicitly
Finished building: "../main.c"
 
Building target: "ece2049_demo_ccs91.out"
Invoking: MSP430 Linker
"C:/ti/ccs1200/ccs/tools/compiler/ti-cgt-msp430_21.6.0.LTS/bin/cl430" -vmspx --data_model=restricted -Ooff --use_hw_mpy=F5 --advice:power_severity=suppress --define=__MSP430F5529__ -g --gcc --printf_support=minimal --diag_warning=225 --display_error_number --abi=eabi --silicon_errata=CPU21 --silicon_errata=CPU22 --silicon_errata=CPU23 --silicon_errata=CPU40 -z -m"ece2049_demo_ccs91.map" --heap_size=160 --stack_size=160 --cinit_hold_wdt=on -i"C:/ti/ccs1200/ccs/ccs_base/msp430/include" -i"C:/Users/crinconrogers/Documents/Lab2_RinconRogers_Loughlin/ece2049_demo_ccs91/lib" -i"C:/ti/ccs1200/ccs/tools/compiler/ti-cgt-msp430_21.6.0.LTS/lib" -i"C:/ti/ccs1200/ccs/tools/compiler/ti-cgt-msp430_21.6.0.LTS/include" -i"C:/ti/ccs1200/ccs/ccs_base/msp430/lib/5xx_6xx_FRxx" --reread_libs --warn_sections --xml_link_info="ece2049_demo_ccs91_linkInfo.xml" --use_hw_mpy=F5 --rom_model -o "ece2049_demo_ccs91.out" "./main.obj" "./notes.obj" "./peripherals.obj" "./LcdDriver/HAL_MSP_EXP430FR5529_Sharp96x96.obj" "./LcdDriver/Sharp96x96.obj" "./fonts/fontfixed6x8.obj" "./images/LPRocket_96x37.obj" "./images/TI_Logo_69x64.obj" "../lnk_msp430f5529.cmd" "../lib/grlib.lib"  -llibc.a -llibmath.a 
<Linking>
Finished building target: "ece2049_demo_ccs91.out"
 

**** Build Finished ****

**** Build of configuration Debug for project ece2049_demo_ccs91 ****

"C:\\ti\\ccs1200\\ccs\\utils\\bin\\gmake" -k all 
 
Building file: "../main.c"
Invoking: MSP430 Compiler
"C:/ti/ccs1200/ccs/tools/compiler/ti-cgt-msp430_21.6.0.LTS/bin/cl430" -vmspx --data_model=restricted -Ooff --use_hw_mpy=F5 --include_path="C:/ti/ccs1200/ccs/ccs_base/msp430/include" --include_path="C:/Users/crinconrogers/Documents/Lab2_RinconRogers_Loughlin/ece2049_demo_ccs91" --include_path="C:/Users/crinconrogers/Documents/Lab2_RinconRogers_Loughlin/ece2049_demo_ccs91/grlib" --include_path="C:/ti/ccs1200/ccs/tools/compiler/ti-cgt-msp430_21.6.0.LTS/include" --advice:power_severity=suppress --define=__MSP430F5529__ -g --gcc --printf_support=minimal --diag_warning=225 --display_error_number --abi=eabi --silicon_errata=CPU21 --silicon_errata=CPU22 --silicon_errata=CPU23 --silicon_errata=CPU40 --preproc_with_compile --preproc_dependency="main.d_raw"  "../main.c"
"../main.c", line 198: warning #176-D: expression has no effect
"../main.c", line 367: warning #225-D: function "SetBuzzerPitch" declared implicitly
Finished building: "../main.c"
 
Building target: "ece2049_demo_ccs91.out"
Invoking: MSP430 Linker
"C:/ti/ccs1200/ccs/tools/compiler/ti-cgt-msp430_21.6.0.LTS/bin/cl430" -vmspx --data_model=restricted -Ooff --use_hw_mpy=F5 --advice:power_severity=suppress --define=__MSP430F5529__ -g --gcc --printf_support=minimal --diag_warning=225 --display_error_number --abi=eabi --silicon_errata=CPU21 --silicon_errata=CPU22 --silicon_errata=CPU23 --silicon_errata=CPU40 -z -m"ece2049_demo_ccs91.map" --heap_size=160 --stack_size=160 --cinit_hold_wdt=on -i"C:/ti/ccs1200/ccs/ccs_base/msp430/include" -i"C:/Users/crinconrogers/Documents/Lab2_RinconRogers_Loughlin/ece2049_demo_ccs91/lib" -i"C:/ti/ccs1200/ccs/tools/compiler/ti-cgt-msp430_21.6.0.LTS/lib" -i"C:/ti/ccs1200/ccs/tools/compiler/ti-cgt-msp430_21.6.0.LTS/include" -i"C:/ti/ccs1200/ccs/ccs_base/msp430/lib/5xx_6xx_FRxx" --reread_libs --warn_sections --xml_link_info="ece2049_demo_ccs91_linkInfo.xml" --use_hw_mpy=F5 --rom_model -o "ece2049_demo_ccs91.out" "./main.obj" "./notes.obj" "./peripherals.obj" "./LcdDriver/HAL_MSP_EXP430FR5529_Sharp96x96.obj" "./LcdDriver/Sharp96x96.obj" "./fonts/fontfixed6x8.obj" "./images/LPRocket_96x37.obj" "./images/TI_Logo_69x64.obj" "../lnk_msp430f5529.cmd" "../lib/grlib.lib"  -llibc.a -llibmath.a 
<Linking>
Finished building target: "ece2049_demo_ccs91.out"
 

**** Build Finished ****

**** Build of configuration Debug for project ece2049_demo_ccs91 ****

"C:\\ti\\ccs1200\\ccs\\utils\\bin\\gmake" -k all 
 
gmake: Nothing to be done for 'all'.

**** Build Finished ****

**** Build of configuration Debug for project ece2049_demo_ccs91 ****

"C:\\ti\\ccs1200\\ccs\\utils\\bin\\gmake" -k all 
 
Building file: "../main.c"
Invoking: MSP430 Compiler
"C:/ti/ccs1200/ccs/tools/compiler/ti-cgt-msp430_21.6.0.LTS/bin/cl430" -vmspx --data_model=restricted -Ooff --use_hw_mpy=F5 --include_path="C:/ti/ccs1200/ccs/ccs_base/msp430/include" --include_path="C:/Users/crinconrogers/Documents/Lab2_RinconRogers_Loughlin/ece2049_demo_ccs91" --include_path="C:/Users/crinconrogers/Documents/Lab2_RinconRogers_Loughlin/ece2049_demo_ccs91/grlib" --include_path="C:/ti/ccs1200/ccs/tools/compiler/ti-cgt-msp430_21.6.0.LTS/include" --advice:power_severity=suppress --define=__MSP430F5529__ -g --gcc --printf_support=minimal --diag_warning=225 --display_error_number --abi=eabi --silicon_errata=CPU21 --silicon_errata=CPU22 --silicon_errata=CPU23 --silicon_errata=CPU40 --preproc_with_compile --preproc_dependency="main.d_raw"  "../main.c"
"../main.c", line 198: warning #176-D: expression has no effect
"../main.c", line 367: warning #225-D: function "SetBuzzerPitch" declared implicitly
Finished building: "../main.c"
 
Building target: "ece2049_demo_ccs91.out"
Invoking: MSP430 Linker
"C:/ti/ccs1200/ccs/tools/compiler/ti-cgt-msp430_21.6.0.LTS/bin/cl430" -vmspx --data_model=restricted -Ooff --use_hw_mpy=F5 --advice:power_severity=suppress --define=__MSP430F5529__ -g --gcc --printf_support=minimal --diag_warning=225 --display_error_number --abi=eabi --silicon_errata=CPU21 --silicon_errata=CPU22 --silicon_errata=CPU23 --silicon_errata=CPU40 -z -m"ece2049_demo_ccs91.map" --heap_size=160 --stack_size=160 --cinit_hold_wdt=on -i"C:/ti/ccs1200/ccs/ccs_base/msp430/include" -i"C:/Users/crinconrogers/Documents/Lab2_RinconRogers_Loughlin/ece2049_demo_ccs91/lib" -i"C:/ti/ccs1200/ccs/tools/compiler/ti-cgt-msp430_21.6.0.LTS/lib" -i"C:/ti/ccs1200/ccs/tools/compiler/ti-cgt-msp430_21.6.0.LTS/include" -i"C:/ti/ccs1200/ccs/ccs_base/msp430/lib/5xx_6xx_FRxx" --reread_libs --warn_sections --xml_link_info="ece2049_demo_ccs91_linkInfo.xml" --use_hw_mpy=F5 --rom_model -o "ece2049_demo_ccs91.out" "./main.obj" "./notes.obj" "./peripherals.obj" "./LcdDriver/HAL_MSP_EXP430FR5529_Sharp96x96.obj" "./LcdDriver/Sharp96x96.obj" "./fonts/fontfixed6x8.obj" "./images/LPRocket_96x37.obj" "./images/TI_Logo_69x64.obj" "../lnk_msp430f5529.cmd" "../lib/grlib.lib"  -llibc.a -llibmath.a 
<Linking>
Finished building target: "ece2049_demo_ccs91.out"
 

**** Build Finished ****

**** Build of configuration Debug for project ece2049_demo_ccs91 ****

"C:\\ti\\ccs1200\\ccs\\utils\\bin\\gmake" -k all 
 
Building file: "../main.c"
Invoking: MSP430 Compiler
"C:/ti/ccs1200/ccs/tools/compiler/ti-cgt-msp430_21.6.0.LTS/bin/cl430" -vmspx --data_model=restricted -Ooff --use_hw_mpy=F5 --include_path="C:/ti/ccs1200/ccs/ccs_base/msp430/include" --include_path="C:/Users/crinconrogers/Documents/Lab2_RinconRogers_Loughlin/ece2049_demo_ccs91" --include_path="C:/Users/crinconrogers/Documents/Lab2_RinconRogers_Loughlin/ece2049_demo_ccs91/grlib" --include_path="C:/ti/ccs1200/ccs/tools/compiler/ti-cgt-msp430_21.6.0.LTS/include" --advice:power_severity=suppress --define=__MSP430F5529__ -g --gcc --printf_support=minimal --diag_warning=225 --display_error_number --abi=eabi --silicon_errata=CPU21 --silicon_errata=CPU22 --silicon_errata=CPU23 --silicon_errata=CPU40 --preproc_with_compile --preproc_dependency="main.d_raw"  "../main.c"
"../main.c", line 198: warning #176-D: expression has no effect
"../main.c", line 367: warning #225-D: function "SetBuzzerPitch" declared implicitly
Finished building: "../main.c"
 
Building target: "ece2049_demo_ccs91.out"
Invoking: MSP430 Linker
"C:/ti/ccs1200/ccs/tools/compiler/ti-cgt-msp430_21.6.0.LTS/bin/cl430" -vmspx --data_model=restricted -Ooff --use_hw_mpy=F5 --advice:power_severity=suppress --define=__MSP430F5529__ -g --gcc --printf_support=minimal --diag_warning=225 --display_error_number --abi=eabi --silicon_errata=CPU21 --silicon_errata=CPU22 --silicon_errata=CPU23 --silicon_errata=CPU40 -z -m"ece2049_demo_ccs91.map" --heap_size=160 --stack_size=160 --cinit_hold_wdt=on -i"C:/ti/ccs1200/ccs/ccs_base/msp430/include" -i"C:/Users/crinconrogers/Documents/Lab2_RinconRogers_Loughlin/ece2049_demo_ccs91/lib" -i"C:/ti/ccs1200/ccs/tools/compiler/ti-cgt-msp430_21.6.0.LTS/lib" -i"C:/ti/ccs1200/ccs/tools/compiler/ti-cgt-msp430_21.6.0.LTS/include" -i"C:/ti/ccs1200/ccs/ccs_base/msp430/lib/5xx_6xx_FRxx" --reread_libs --warn_sections --xml_link_info="ece2049_demo_ccs91_linkInfo.xml" --use_hw_mpy=F5 --rom_model -o "ece2049_demo_ccs91.out" "./main.obj" "./notes.obj" "./peripherals.obj" "./LcdDriver/HAL_MSP_EXP430FR5529_Sharp96x96.obj" "./LcdDriver/Sharp96x96.obj" "./fonts/fontfixed6x8.obj" "./images/LPRocket_96x37.obj" "./images/TI_Logo_69x64.obj" "../lnk_msp430f5529.cmd" "../lib/grlib.lib"  -llibc.a -llibmath.a 
<Linking>
Finished building target: "ece2049_demo_ccs91.out"
 

**** Build Finished ****

**** Build of configuration Debug for project ece2049_demo_ccs91 ****

"C:\\ti\\ccs1200\\ccs\\utils\\bin\\gmake" -k all 
 
gmake: Nothing to be done for 'all'.

**** Build Finished ****

**** Build of configuration Debug for project ece2049_demo_ccs91 ****

"C:\\ti\\ccs1200\\ccs\\utils\\bin\\gmake" -k all 
 
Building file: "../main.c"
Invoking: MSP430 Compiler
"C:/ti/ccs1200/ccs/tools/compiler/ti-cgt-msp430_21.6.0.LTS/bin/cl430" -vmspx --data_model=restricted -Ooff --use_hw_mpy=F5 --include_path="C:/ti/ccs1200/ccs/ccs_base/msp430/include" --include_path="C:/Users/crinconrogers/Documents/Lab2_RinconRogers_Loughlin/ece2049_demo_ccs91" --include_path="C:/Users/crinconrogers/Documents/Lab2_RinconRogers_Loughlin/ece2049_demo_ccs91/grlib" --include_path="C:/ti/ccs1200/ccs/tools/compiler/ti-cgt-msp430_21.6.0.LTS/include" --advice:power_severity=suppress --define=__MSP430F5529__ -g --gcc --printf_support=minimal --diag_warning=225 --display_error_number --abi=eabi --silicon_errata=CPU21 --silicon_errata=CPU22 --silicon_errata=CPU23 --silicon_errata=CPU40 --preproc_with_compile --preproc_dependency="main.d_raw"  "../main.c"
"../main.c", line 201: warning #176-D: expression has no effect
"../main.c", line 205: warning #225-D: function "won" declared implicitly
"../main.c", line 375: warning #225-D: function "SetBuzzerPitch" declared implicitly
"../main.c", line 452: warning #161-D: declaration is incompatible with previous "won" (declared at line 205)
Finished building: "../main.c"
 
Building target: "ece2049_demo_ccs91.out"
Invoking: MSP430 Linker
"C:/ti/ccs1200/ccs/tools/compiler/ti-cgt-msp430_21.6.0.LTS/bin/cl430" -vmspx --data_model=restricted -Ooff --use_hw_mpy=F5 --advice:power_severity=suppress --define=__MSP430F5529__ -g --gcc --printf_support=minimal --diag_warning=225 --display_error_number --abi=eabi --silicon_errata=CPU21 --silicon_errata=CPU22 --silicon_errata=CPU23 --silicon_errata=CPU40 -z -m"ece2049_demo_ccs91.map" --heap_size=160 --stack_size=160 --cinit_hold_wdt=on -i"C:/ti/ccs1200/ccs/ccs_base/msp430/include" -i"C:/Users/crinconrogers/Documents/Lab2_RinconRogers_Loughlin/ece2049_demo_ccs91/lib" -i"C:/ti/ccs1200/ccs/tools/compiler/ti-cgt-msp430_21.6.0.LTS/lib" -i"C:/ti/ccs1200/ccs/tools/compiler/ti-cgt-msp430_21.6.0.LTS/include" -i"C:/ti/ccs1200/ccs/ccs_base/msp430/lib/5xx_6xx_FRxx" --reread_libs --warn_sections --xml_link_info="ece2049_demo_ccs91_linkInfo.xml" --use_hw_mpy=F5 --rom_model -o "ece2049_demo_ccs91.out" "./main.obj" "./notes.obj" "./peripherals.obj" "./LcdDriver/HAL_MSP_EXP430FR5529_Sharp96x96.obj" "./LcdDriver/Sharp96x96.obj" "./fonts/fontfixed6x8.obj" "./images/LPRocket_96x37.obj" "./images/TI_Logo_69x64.obj" "../lnk_msp430f5529.cmd" "../lib/grlib.lib"  -llibc.a -llibmath.a 
<Linking>
Finished building target: "ece2049_demo_ccs91.out"
 

**** Build Finished ****

**** Build of configuration Debug for project ece2049_demo_ccs91 ****

"C:\\ti\\ccs1200\\ccs\\utils\\bin\\gmake" -k all 
 
Building file: "../main.c"
Invoking: MSP430 Compiler
"C:/ti/ccs1200/ccs/tools/compiler/ti-cgt-msp430_21.6.0.LTS/bin/cl430" -vmspx --data_model=restricted -Ooff --use_hw_mpy=F5 --include_path="C:/ti/ccs1200/ccs/ccs_base/msp430/include" --include_path="C:/Users/crinconrogers/Documents/Lab2_RinconRogers_Loughlin/ece2049_demo_ccs91" --include_path="C:/Users/crinconrogers/Documents/Lab2_RinconRogers_Loughlin/ece2049_demo_ccs91/grlib" --include_path="C:/ti/ccs1200/ccs/tools/compiler/ti-cgt-msp430_21.6.0.LTS/include" --advice:power_severity=suppress --define=__MSP430F5529__ -g --gcc --printf_support=minimal --diag_warning=225 --display_error_number --abi=eabi --silicon_errata=CPU21 --silicon_errata=CPU22 --silicon_errata=CPU23 --silicon_errata=CPU40 --preproc_with_compile --preproc_dependency="main.d_raw"  "../main.c"
"../main.c", line 202: warning #176-D: expression has no effect
"../main.c", line 376: warning #225-D: function "SetBuzzerPitch" declared implicitly
Finished building: "../main.c"
 
Building target: "ece2049_demo_ccs91.out"
Invoking: MSP430 Linker
"C:/ti/ccs1200/ccs/tools/compiler/ti-cgt-msp430_21.6.0.LTS/bin/cl430" -vmspx --data_model=restricted -Ooff --use_hw_mpy=F5 --advice:power_severity=suppress --define=__MSP430F5529__ -g --gcc --printf_support=minimal --diag_warning=225 --display_error_number --abi=eabi --silicon_errata=CPU21 --silicon_errata=CPU22 --silicon_errata=CPU23 --silicon_errata=CPU40 -z -m"ece2049_demo_ccs91.map" --heap_size=160 --stack_size=160 --cinit_hold_wdt=on -i"C:/ti/ccs1200/ccs/ccs_base/msp430/include" -i"C:/Users/crinconrogers/Documents/Lab2_RinconRogers_Loughlin/ece2049_demo_ccs91/lib" -i"C:/ti/ccs1200/ccs/tools/compiler/ti-cgt-msp430_21.6.0.LTS/lib" -i"C:/ti/ccs1200/ccs/tools/compiler/ti-cgt-msp430_21.6.0.LTS/include" -i"C:/ti/ccs1200/ccs/ccs_base/msp430/lib/5xx_6xx_FRxx" --reread_libs --warn_sections --xml_link_info="ece2049_demo_ccs91_linkInfo.xml" --use_hw_mpy=F5 --rom_model -o "ece2049_demo_ccs91.out" "./main.obj" "./notes.obj" "./peripherals.obj" "./LcdDriver/HAL_MSP_EXP430FR5529_Sharp96x96.obj" "./LcdDriver/Sharp96x96.obj" "./fonts/fontfixed6x8.obj" "./images/LPRocket_96x37.obj" "./images/TI_Logo_69x64.obj" "../lnk_msp430f5529.cmd" "../lib/grlib.lib"  -llibc.a -llibmath.a 
<Linking>
Finished building target: "ece2049_demo_ccs91.out"
 

**** Build Finished ****

**** Build of configuration Debug for project ece2049_demo_ccs91 ****

"C:\\ti\\ccs1200\\ccs\\utils\\bin\\gmake" -k all 
 
Building file: "../main.c"
Invoking: MSP430 Compiler
"C:/ti/ccs1200/ccs/tools/compiler/ti-cgt-msp430_21.6.0.LTS/bin/cl430" -vmspx --data_model=restricted -Ooff --use_hw_mpy=F5 --include_path="C:/ti/ccs1200/ccs/ccs_base/msp430/include" --include_path="C:/Users/crinconrogers/Documents/Lab2_RinconRogers_Loughlin/ece2049_demo_ccs91" --include_path="C:/Users/crinconrogers/Documents/Lab2_RinconRogers_Loughlin/ece2049_demo_ccs91/grlib" --include_path="C:/ti/ccs1200/ccs/tools/compiler/ti-cgt-msp430_21.6.0.LTS/include" --advice:power_severity=suppress --define=__MSP430F5529__ -g --gcc --printf_support=minimal --diag_warning=225 --display_error_number --abi=eabi --silicon_errata=CPU21 --silicon_errata=CPU22 --silicon_errata=CPU23 --silicon_errata=CPU40 --preproc_with_compile --preproc_dependency="main.d_raw"  "../main.c"
"../main.c", line 376: warning #225-D: function "SetBuzzerPitch" declared implicitly
Finished building: "../main.c"
 
Building target: "ece2049_demo_ccs91.out"
Invoking: MSP430 Linker
"C:/ti/ccs1200/ccs/tools/compiler/ti-cgt-msp430_21.6.0.LTS/bin/cl430" -vmspx --data_model=restricted -Ooff --use_hw_mpy=F5 --advice:power_severity=suppress --define=__MSP430F5529__ -g --gcc --printf_support=minimal --diag_warning=225 --display_error_number --abi=eabi --silicon_errata=CPU21 --silicon_errata=CPU22 --silicon_errata=CPU23 --silicon_errata=CPU40 -z -m"ece2049_demo_ccs91.map" --heap_size=160 --stack_size=160 --cinit_hold_wdt=on -i"C:/ti/ccs1200/ccs/ccs_base/msp430/include" -i"C:/Users/crinconrogers/Documents/Lab2_RinconRogers_Loughlin/ece2049_demo_ccs91/lib" -i"C:/ti/ccs1200/ccs/tools/compiler/ti-cgt-msp430_21.6.0.LTS/lib" -i"C:/ti/ccs1200/ccs/tools/compiler/ti-cgt-msp430_21.6.0.LTS/include" -i"C:/ti/ccs1200/ccs/ccs_base/msp430/lib/5xx_6xx_FRxx" --reread_libs --warn_sections --xml_link_info="ece2049_demo_ccs91_linkInfo.xml" --use_hw_mpy=F5 --rom_model -o "ece2049_demo_ccs91.out" "./main.obj" "./notes.obj" "./peripherals.obj" "./LcdDriver/HAL_MSP_EXP430FR5529_Sharp96x96.obj" "./LcdDriver/Sharp96x96.obj" "./fonts/fontfixed6x8.obj" "./images/LPRocket_96x37.obj" "./images/TI_Logo_69x64.obj" "../lnk_msp430f5529.cmd" "../lib/grlib.lib"  -llibc.a -llibmath.a 
<Linking>
Finished building target: "ece2049_demo_ccs91.out"
 

**** Build Finished ****

**** Build of configuration Debug for project ece2049_demo_ccs91 ****

"C:\\ti\\ccs1200\\ccs\\utils\\bin\\gmake" -k all 
 
gmake: Nothing to be done for 'all'.

**** Build Finished ****

**** Build of configuration Debug for project ece2049_demo_ccs91 ****

"C:\\ti\\ccs1200\\ccs\\utils\\bin\\gmake" -k all 
 
Building file: "../main.c"
Invoking: MSP430 Compiler
"C:/ti/ccs1200/ccs/tools/compiler/ti-cgt-msp430_21.6.0.LTS/bin/cl430" -vmspx --data_model=restricted -Ooff --use_hw_mpy=F5 --include_path="C:/ti/ccs1200/ccs/ccs_base/msp430/include" --include_path="C:/Users/crinconrogers/Documents/Lab2_RinconRogers_Loughlin/ece2049_demo_ccs91" --include_path="C:/Users/crinconrogers/Documents/Lab2_RinconRogers_Loughlin/ece2049_demo_ccs91/grlib" --include_path="C:/ti/ccs1200/ccs/tools/compiler/ti-cgt-msp430_21.6.0.LTS/include" --advice:power_severity=suppress --define=__MSP430F5529__ -g --gcc --printf_support=minimal --diag_warning=225 --display_error_number --abi=eabi --silicon_errata=CPU21 --silicon_errata=CPU22 --silicon_errata=CPU23 --silicon_errata=CPU40 --preproc_with_compile --preproc_dependency="main.d_raw"  "../main.c"
"../main.c", line 378: warning #225-D: function "SetBuzzerPitch" declared implicitly
Finished building: "../main.c"
 
Building target: "ece2049_demo_ccs91.out"
Invoking: MSP430 Linker
"C:/ti/ccs1200/ccs/tools/compiler/ti-cgt-msp430_21.6.0.LTS/bin/cl430" -vmspx --data_model=restricted -Ooff --use_hw_mpy=F5 --advice:power_severity=suppress --define=__MSP430F5529__ -g --gcc --printf_support=minimal --diag_warning=225 --display_error_number --abi=eabi --silicon_errata=CPU21 --silicon_errata=CPU22 --silicon_errata=CPU23 --silicon_errata=CPU40 -z -m"ece2049_demo_ccs91.map" --heap_size=160 --stack_size=160 --cinit_hold_wdt=on -i"C:/ti/ccs1200/ccs/ccs_base/msp430/include" -i"C:/Users/crinconrogers/Documents/Lab2_RinconRogers_Loughlin/ece2049_demo_ccs91/lib" -i"C:/ti/ccs1200/ccs/tools/compiler/ti-cgt-msp430_21.6.0.LTS/lib" -i"C:/ti/ccs1200/ccs/tools/compiler/ti-cgt-msp430_21.6.0.LTS/include" -i"C:/ti/ccs1200/ccs/ccs_base/msp430/lib/5xx_6xx_FRxx" --reread_libs --warn_sections --xml_link_info="ece2049_demo_ccs91_linkInfo.xml" --use_hw_mpy=F5 --rom_model -o "ece2049_demo_ccs91.out" "./main.obj" "./notes.obj" "./peripherals.obj" "./LcdDriver/HAL_MSP_EXP430FR5529_Sharp96x96.obj" "./LcdDriver/Sharp96x96.obj" "./fonts/fontfixed6x8.obj" "./images/LPRocket_96x37.obj" "./images/TI_Logo_69x64.obj" "../lnk_msp430f5529.cmd" "../lib/grlib.lib"  -llibc.a -llibmath.a 
<Linking>
Finished building target: "ece2049_demo_ccs91.out"
 

**** Build Finished ****

**** Build of configuration Debug for project ece2049_demo_ccs91 ****

"C:\\ti\\ccs1200\\ccs\\utils\\bin\\gmake" -k all 
 
Building file: "../main.c"
Invoking: MSP430 Compiler
"C:/ti/ccs1200/ccs/tools/compiler/ti-cgt-msp430_21.6.0.LTS/bin/cl430" -vmspx --data_model=restricted -Ooff --use_hw_mpy=F5 --include_path="C:/ti/ccs1200/ccs/ccs_base/msp430/include" --include_path="C:/Users/crinconrogers/Documents/Lab2_RinconRogers_Loughlin/ece2049_demo_ccs91" --include_path="C:/Users/crinconrogers/Documents/Lab2_RinconRogers_Loughlin/ece2049_demo_ccs91/grlib" --include_path="C:/ti/ccs1200/ccs/tools/compiler/ti-cgt-msp430_21.6.0.LTS/include" --advice:power_severity=suppress --define=__MSP430F5529__ -g --gcc --printf_support=minimal --diag_warning=225 --display_error_number --abi=eabi --silicon_errata=CPU21 --silicon_errata=CPU22 --silicon_errata=CPU23 --silicon_errata=CPU40 --preproc_with_compile --preproc_dependency="main.d_raw"  "../main.c"
"../main.c", line 378: warning #225-D: function "SetBuzzerPitch" declared implicitly
Finished building: "../main.c"
 
Building target: "ece2049_demo_ccs91.out"
Invoking: MSP430 Linker
"C:/ti/ccs1200/ccs/tools/compiler/ti-cgt-msp430_21.6.0.LTS/bin/cl430" -vmspx --data_model=restricted -Ooff --use_hw_mpy=F5 --advice:power_severity=suppress --define=__MSP430F5529__ -g --gcc --printf_support=minimal --diag_warning=225 --display_error_number --abi=eabi --silicon_errata=CPU21 --silicon_errata=CPU22 --silicon_errata=CPU23 --silicon_errata=CPU40 -z -m"ece2049_demo_ccs91.map" --heap_size=160 --stack_size=160 --cinit_hold_wdt=on -i"C:/ti/ccs1200/ccs/ccs_base/msp430/include" -i"C:/Users/crinconrogers/Documents/Lab2_RinconRogers_Loughlin/ece2049_demo_ccs91/lib" -i"C:/ti/ccs1200/ccs/tools/compiler/ti-cgt-msp430_21.6.0.LTS/lib" -i"C:/ti/ccs1200/ccs/tools/compiler/ti-cgt-msp430_21.6.0.LTS/include" -i"C:/ti/ccs1200/ccs/ccs_base/msp430/lib/5xx_6xx_FRxx" --reread_libs --warn_sections --xml_link_info="ece2049_demo_ccs91_linkInfo.xml" --use_hw_mpy=F5 --rom_model -o "ece2049_demo_ccs91.out" "./main.obj" "./notes.obj" "./peripherals.obj" "./LcdDriver/HAL_MSP_EXP430FR5529_Sharp96x96.obj" "./LcdDriver/Sharp96x96.obj" "./fonts/fontfixed6x8.obj" "./images/LPRocket_96x37.obj" "./images/TI_Logo_69x64.obj" "../lnk_msp430f5529.cmd" "../lib/grlib.lib"  -llibc.a -llibmath.a 
<Linking>
Finished building target: "ece2049_demo_ccs91.out"
 

**** Build Finished ****
